[2022-12-16T01:54:26.432+0000] {taskinstance.py:1087} INFO - Dependencies all met for <TaskInstance: daily_spotify_dag.token_refresh_task manual__2022-12-16T01:54:24.844098+00:00 [queued]>
[2022-12-16T01:54:26.438+0000] {taskinstance.py:1087} INFO - Dependencies all met for <TaskInstance: daily_spotify_dag.token_refresh_task manual__2022-12-16T01:54:24.844098+00:00 [queued]>
[2022-12-16T01:54:26.439+0000] {taskinstance.py:1283} INFO - 
--------------------------------------------------------------------------------
[2022-12-16T01:54:26.439+0000] {taskinstance.py:1284} INFO - Starting attempt 1 of 1
[2022-12-16T01:54:26.440+0000] {taskinstance.py:1285} INFO - 
--------------------------------------------------------------------------------
[2022-12-16T01:54:26.450+0000] {taskinstance.py:1304} INFO - Executing <Task(PythonOperator): token_refresh_task> on 2022-12-16 01:54:24.844098+00:00
[2022-12-16T01:54:26.456+0000] {standard_task_runner.py:55} INFO - Started process 603 to run task
[2022-12-16T01:54:26.465+0000] {standard_task_runner.py:82} INFO - Running: ['***', 'tasks', 'run', 'daily_spotify_dag', 'token_refresh_task', 'manual__2022-12-16T01:54:24.844098+00:00', '--job-id', '14', '--raw', '--subdir', 'DAGS_FOLDER/daily_dag.py', '--cfg-path', '/tmp/tmpbj46kevs']
[2022-12-16T01:54:26.469+0000] {standard_task_runner.py:83} INFO - Job 14: Subtask token_refresh_task
[2022-12-16T01:54:26.548+0000] {task_command.py:389} INFO - Running <TaskInstance: daily_spotify_dag.token_refresh_task manual__2022-12-16T01:54:24.844098+00:00 [running]> on host 158c8f40aaa8
[2022-12-16T01:54:26.612+0000] {taskinstance.py:1513} INFO - Exporting the following env vars:
AIRFLOW_CTX_DAG_OWNER=***
AIRFLOW_CTX_DAG_ID=daily_spotify_dag
AIRFLOW_CTX_TASK_ID=token_refresh_task
AIRFLOW_CTX_EXECUTION_DATE=2022-12-16T01:54:24.844098+00:00
AIRFLOW_CTX_TRY_NUMBER=1
AIRFLOW_CTX_DAG_RUN_ID=manual__2022-12-16T01:54:24.844098+00:00
[2022-12-16T01:54:26.843+0000] {python.py:177} INFO - Done. Returned value was: BQDcKBKIHot_NvzHueJdC0Fc9OmxFLrNuWLC3BuuhSlUEloNeTG98TXxkj9rwHymcHlxATknixxmy13M39CwI5MrKEWWALApu8Hk20CcdALHufYCzuXwFvZN0tpDr6njGkoUhCztUgToBViLSts-xZ7f9-5niJBRfM_X-av9prV9xkFZmu1zNtBwhfJK5uPwuEa0jyL0b2RPeCE
[2022-12-16T01:54:26.903+0000] {taskinstance.py:1327} INFO - Marking task as SUCCESS. dag_id=daily_spotify_dag, task_id=token_refresh_task, execution_date=20221216T015424, start_date=20221216T015426, end_date=20221216T015426
[2022-12-16T01:54:26.921+0000] {local_task_job.py:159} INFO - Task exited with return code 0
[2022-12-16T01:54:26.943+0000] {taskinstance.py:2582} INFO - 1 downstream tasks scheduled from follow-on schedule check
