[2022-12-14T10:16:00.576+0000] {taskinstance.py:1087} INFO - Dependencies all met for <TaskInstance: daily_spotify_etl.create_history_table manual__2022-12-14T10:15:57.656464+00:00 [queued]>
[2022-12-14T10:16:00.591+0000] {taskinstance.py:1087} INFO - Dependencies all met for <TaskInstance: daily_spotify_etl.create_history_table manual__2022-12-14T10:15:57.656464+00:00 [queued]>
[2022-12-14T10:16:00.593+0000] {taskinstance.py:1283} INFO - 
--------------------------------------------------------------------------------
[2022-12-14T10:16:00.595+0000] {taskinstance.py:1284} INFO - Starting attempt 1 of 1
[2022-12-14T10:16:00.600+0000] {taskinstance.py:1285} INFO - 
--------------------------------------------------------------------------------
[2022-12-14T10:16:00.618+0000] {taskinstance.py:1304} INFO - Executing <Task(PostgresOperator): create_history_table> on 2022-12-14 10:15:57.656464+00:00
[2022-12-14T10:16:00.633+0000] {standard_task_runner.py:55} INFO - Started process 18835 to run task
[2022-12-14T10:16:00.640+0000] {standard_task_runner.py:82} INFO - Running: ['***', 'tasks', 'run', 'daily_spotify_etl', 'create_history_table', 'manual__2022-12-14T10:15:57.656464+00:00', '--job-id', '47', '--raw', '--subdir', 'DAGS_FOLDER/daily_dag.py', '--cfg-path', '/tmp/tmp14eumbm3']
[2022-12-14T10:16:00.658+0000] {standard_task_runner.py:83} INFO - Job 47: Subtask create_history_table
[2022-12-14T10:16:00.766+0000] {task_command.py:389} INFO - Running <TaskInstance: daily_spotify_etl.create_history_table manual__2022-12-14T10:15:57.656464+00:00 [running]> on host b92abc15fbab
[2022-12-14T10:16:00.835+0000] {taskinstance.py:1513} INFO - Exporting the following env vars:
AIRFLOW_CTX_DAG_OWNER=***
AIRFLOW_CTX_DAG_ID=daily_spotify_etl
AIRFLOW_CTX_TASK_ID=create_history_table
AIRFLOW_CTX_EXECUTION_DATE=2022-12-14T10:15:57.656464+00:00
AIRFLOW_CTX_TRY_NUMBER=1
AIRFLOW_CTX_DAG_RUN_ID=manual__2022-12-14T10:15:57.656464+00:00
[2022-12-14T10:16:00.837+0000] {sql.py:253} INFO - Executing: CREATE TABLE IF NOT EXISTS history (
    user_id INTEGER REFERENCES users (id),
    name TEXT,
    played_at TIMESTAMPTZ,
    album_name TEXT,
    artist_name TEXT
);
[2022-12-14T10:16:00.843+0000] {base.py:73} INFO - Using connection ID 'spotify_etl' for task execution.
[2022-12-14T10:16:00.995+0000] {base.py:73} INFO - Using connection ID 'spotify_etl' for task execution.
[2022-12-14T10:16:00.999+0000] {sql.py:364} INFO - Running statement: CREATE TABLE IF NOT EXISTS history (
    user_id INTEGER REFERENCES users (id),
    name TEXT,
    played_at TIMESTAMPTZ,
    album_name TEXT,
    artist_name TEXT
);, parameters: None
[2022-12-14T10:16:01.007+0000] {taskinstance.py:1327} INFO - Marking task as SUCCESS. dag_id=daily_spotify_etl, task_id=create_history_table, execution_date=20221214T101557, start_date=20221214T101600, end_date=20221214T101601
[2022-12-14T10:16:01.061+0000] {local_task_job.py:159} INFO - Task exited with return code 0
[2022-12-14T10:16:01.089+0000] {taskinstance.py:2582} INFO - 0 downstream tasks scheduled from follow-on schedule check
