[2022-12-14T12:38:54.183+0000] {taskinstance.py:1087} INFO - Dependencies all met for <TaskInstance: weekly_wrapped_dag.generate_wrapped manual__2022-12-14T12:38:49+00:00 [queued]>
[2022-12-14T12:38:54.189+0000] {taskinstance.py:1087} INFO - Dependencies all met for <TaskInstance: weekly_wrapped_dag.generate_wrapped manual__2022-12-14T12:38:49+00:00 [queued]>
[2022-12-14T12:38:54.189+0000] {taskinstance.py:1283} INFO - 
--------------------------------------------------------------------------------
[2022-12-14T12:38:54.190+0000] {taskinstance.py:1284} INFO - Starting attempt 1 of 1
[2022-12-14T12:38:54.190+0000] {taskinstance.py:1285} INFO - 
--------------------------------------------------------------------------------
[2022-12-14T12:38:54.198+0000] {taskinstance.py:1304} INFO - Executing <Task(_PythonDecoratedOperator): generate_wrapped> on 2022-12-14 12:38:49+00:00
[2022-12-14T12:38:54.204+0000] {standard_task_runner.py:55} INFO - Started process 28566 to run task
[2022-12-14T12:38:54.207+0000] {standard_task_runner.py:82} INFO - Running: ['***', 'tasks', 'run', 'weekly_wrapped_dag', 'generate_wrapped', 'manual__2022-12-14T12:38:49+00:00', '--job-id', '106', '--raw', '--subdir', 'DAGS_FOLDER/weekly_dag.py', '--cfg-path', '/tmp/tmp3ngz_wkh']
[2022-12-14T12:38:54.208+0000] {standard_task_runner.py:83} INFO - Job 106: Subtask generate_wrapped
[2022-12-14T12:38:54.247+0000] {task_command.py:389} INFO - Running <TaskInstance: weekly_wrapped_dag.generate_wrapped manual__2022-12-14T12:38:49+00:00 [running]> on host b92abc15fbab
[2022-12-14T12:38:54.287+0000] {taskinstance.py:1513} INFO - Exporting the following env vars:
AIRFLOW_CTX_DAG_OWNER=***
AIRFLOW_CTX_DAG_ID=weekly_wrapped_dag
AIRFLOW_CTX_TASK_ID=generate_wrapped
AIRFLOW_CTX_EXECUTION_DATE=2022-12-14T12:38:49+00:00
AIRFLOW_CTX_TRY_NUMBER=1
AIRFLOW_CTX_DAG_RUN_ID=manual__2022-12-14T12:38:49+00:00
[2022-12-14T12:38:54.293+0000] {base.py:73} INFO - Using connection ID 'spotify_etl' for task execution.
[2022-12-14T12:38:54.297+0000] {logging_mixin.py:137} INFO - [{'artist_name': 'John Mayer', 'count': 12}, {'artist_name': 'Red Hot Chili Peppers', 'count': 6}, {'artist_name': 'Family of the Year', 'count': 4}]
[2022-12-14T12:38:54.298+0000] {python.py:177} INFO - Done. Returned value was: None
[2022-12-14T12:38:54.306+0000] {taskinstance.py:1327} INFO - Marking task as SUCCESS. dag_id=weekly_wrapped_dag, task_id=generate_wrapped, execution_date=20221214T123849, start_date=20221214T123854, end_date=20221214T123854
[2022-12-14T12:38:54.340+0000] {local_task_job.py:159} INFO - Task exited with return code 0
[2022-12-14T12:38:54.353+0000] {taskinstance.py:2582} INFO - 0 downstream tasks scheduled from follow-on schedule check
