[2022-12-14T13:03:29.921+0000] {taskinstance.py:1087} INFO - Dependencies all met for <TaskInstance: weekly_wrapped_dag.generate_wrapped manual__2022-12-14T13:03:27.298604+00:00 [queued]>
[2022-12-14T13:03:29.928+0000] {taskinstance.py:1087} INFO - Dependencies all met for <TaskInstance: weekly_wrapped_dag.generate_wrapped manual__2022-12-14T13:03:27.298604+00:00 [queued]>
[2022-12-14T13:03:29.929+0000] {taskinstance.py:1283} INFO - 
--------------------------------------------------------------------------------
[2022-12-14T13:03:29.930+0000] {taskinstance.py:1284} INFO - Starting attempt 1 of 1
[2022-12-14T13:03:29.930+0000] {taskinstance.py:1285} INFO - 
--------------------------------------------------------------------------------
[2022-12-14T13:03:29.939+0000] {taskinstance.py:1304} INFO - Executing <Task(_PythonDecoratedOperator): generate_wrapped> on 2022-12-14 13:03:27.298604+00:00
[2022-12-14T13:03:29.944+0000] {standard_task_runner.py:55} INFO - Started process 30359 to run task
[2022-12-14T13:03:29.949+0000] {standard_task_runner.py:82} INFO - Running: ['***', 'tasks', 'run', 'weekly_wrapped_dag', 'generate_wrapped', 'manual__2022-12-14T13:03:27.298604+00:00', '--job-id', '136', '--raw', '--subdir', 'DAGS_FOLDER/weekly_dag.py', '--cfg-path', '/tmp/tmp99gfbx2f']
[2022-12-14T13:03:29.951+0000] {standard_task_runner.py:83} INFO - Job 136: Subtask generate_wrapped
[2022-12-14T13:03:30.000+0000] {task_command.py:389} INFO - Running <TaskInstance: weekly_wrapped_dag.generate_wrapped manual__2022-12-14T13:03:27.298604+00:00 [running]> on host b92abc15fbab
[2022-12-14T13:03:30.039+0000] {taskinstance.py:1513} INFO - Exporting the following env vars:
AIRFLOW_CTX_DAG_OWNER=***
AIRFLOW_CTX_DAG_ID=weekly_wrapped_dag
AIRFLOW_CTX_TASK_ID=generate_wrapped
AIRFLOW_CTX_EXECUTION_DATE=2022-12-14T13:03:27.298604+00:00
AIRFLOW_CTX_TRY_NUMBER=1
AIRFLOW_CTX_DAG_RUN_ID=manual__2022-12-14T13:03:27.298604+00:00
[2022-12-14T13:03:30.048+0000] {base.py:73} INFO - Using connection ID 'spotify_etl' for task execution.
[2022-12-14T13:03:30.053+0000] {logging_mixin.py:137} INFO - [{'artist_name': 'John Mayer', 'count': 12}, {'artist_name': 'Red Hot Chili Peppers', 'count': 6}, {'artist_name': 'Family of the Year', 'count': 4}]
[2022-12-14T13:03:30.054+0000] {logging_mixin.py:137} INFO - {"artist_name": "John Mayer", "count": 12}
[2022-12-14T13:03:30.056+0000] {python.py:177} INFO - Done. Returned value was: None
[2022-12-14T13:03:30.063+0000] {taskinstance.py:1327} INFO - Marking task as SUCCESS. dag_id=weekly_wrapped_dag, task_id=generate_wrapped, execution_date=20221214T130327, start_date=20221214T130329, end_date=20221214T130330
[2022-12-14T13:03:30.080+0000] {local_task_job.py:159} INFO - Task exited with return code 0
[2022-12-14T13:03:30.110+0000] {taskinstance.py:2582} INFO - 0 downstream tasks scheduled from follow-on schedule check
