[2022-12-15T09:43:46.007+0000] {taskinstance.py:1087} INFO - Dependencies all met for <TaskInstance: weekly_wrapped_dag.send_mail manual__2022-12-15T09:43:39+00:00 [queued]>
[2022-12-15T09:43:46.022+0000] {taskinstance.py:1087} INFO - Dependencies all met for <TaskInstance: weekly_wrapped_dag.send_mail manual__2022-12-15T09:43:39+00:00 [queued]>
[2022-12-15T09:43:46.024+0000] {taskinstance.py:1283} INFO - 
--------------------------------------------------------------------------------
[2022-12-15T09:43:46.025+0000] {taskinstance.py:1284} INFO - Starting attempt 1 of 1
[2022-12-15T09:43:46.026+0000] {taskinstance.py:1285} INFO - 
--------------------------------------------------------------------------------
[2022-12-15T09:43:46.082+0000] {taskinstance.py:1304} INFO - Executing <Task(_PythonDecoratedOperator): send_mail> on 2022-12-15 09:43:39+00:00
[2022-12-15T09:43:46.135+0000] {standard_task_runner.py:55} INFO - Started process 1426 to run task
[2022-12-15T09:43:46.142+0000] {standard_task_runner.py:82} INFO - Running: ['***', 'tasks', 'run', 'weekly_wrapped_dag', 'send_mail', 'manual__2022-12-15T09:43:39+00:00', '--job-id', '171', '--raw', '--subdir', 'DAGS_FOLDER/weekly_dag.py', '--cfg-path', '/tmp/tmpv7e29q64']
[2022-12-15T09:43:46.145+0000] {standard_task_runner.py:83} INFO - Job 171: Subtask send_mail
[2022-12-15T09:43:46.215+0000] {task_command.py:389} INFO - Running <TaskInstance: weekly_wrapped_dag.send_mail manual__2022-12-15T09:43:39+00:00 [running]> on host 27e6a783ec0c
[2022-12-15T09:43:46.269+0000] {taskinstance.py:1513} INFO - Exporting the following env vars:
AIRFLOW_CTX_DAG_OWNER=***
AIRFLOW_CTX_DAG_ID=weekly_wrapped_dag
AIRFLOW_CTX_TASK_ID=send_mail
AIRFLOW_CTX_EXECUTION_DATE=2022-12-15T09:43:39+00:00
AIRFLOW_CTX_TRY_NUMBER=1
AIRFLOW_CTX_DAG_RUN_ID=manual__2022-12-15T09:43:39+00:00
[2022-12-15T09:43:46.278+0000] {logging_mixin.py:137} INFO - {"artist_name": "John Mayer", "count": 36} [['ganeshfutane3@gmail.com']]
[2022-12-15T09:43:46.279+0000] {python.py:177} INFO - Done. Returned value was: None
[2022-12-15T09:43:46.285+0000] {taskinstance.py:1327} INFO - Marking task as SUCCESS. dag_id=weekly_wrapped_dag, task_id=send_mail, execution_date=20221215T094339, start_date=20221215T094346, end_date=20221215T094346
[2022-12-15T09:43:46.316+0000] {local_task_job.py:159} INFO - Task exited with return code 0
[2022-12-15T09:43:46.335+0000] {taskinstance.py:2582} INFO - 0 downstream tasks scheduled from follow-on schedule check
