[2022-12-16T01:57:18.093+0000] {taskinstance.py:1087} INFO - Dependencies all met for <TaskInstance: daily_spotify_dag.transform_task manual__2022-12-16T01:57:07+00:00 [queued]>
[2022-12-16T01:57:18.115+0000] {taskinstance.py:1087} INFO - Dependencies all met for <TaskInstance: daily_spotify_dag.transform_task manual__2022-12-16T01:57:07+00:00 [queued]>
[2022-12-16T01:57:18.118+0000] {taskinstance.py:1283} INFO - 
--------------------------------------------------------------------------------
[2022-12-16T01:57:18.120+0000] {taskinstance.py:1284} INFO - Starting attempt 1 of 1
[2022-12-16T01:57:18.122+0000] {taskinstance.py:1285} INFO - 
--------------------------------------------------------------------------------
[2022-12-16T01:57:18.165+0000] {taskinstance.py:1304} INFO - Executing <Task(PythonOperator): transform_task> on 2022-12-16 01:57:07+00:00
[2022-12-16T01:57:18.182+0000] {standard_task_runner.py:55} INFO - Started process 848 to run task
[2022-12-16T01:57:18.189+0000] {standard_task_runner.py:82} INFO - Running: ['***', 'tasks', 'run', 'daily_spotify_dag', 'transform_task', 'manual__2022-12-16T01:57:07+00:00', '--job-id', '28', '--raw', '--subdir', 'DAGS_FOLDER/daily_dag.py', '--cfg-path', '/tmp/tmptz82jb3h']
[2022-12-16T01:57:18.194+0000] {standard_task_runner.py:83} INFO - Job 28: Subtask transform_task
[2022-12-16T01:57:18.283+0000] {task_command.py:389} INFO - Running <TaskInstance: daily_spotify_dag.transform_task manual__2022-12-16T01:57:07+00:00 [running]> on host 158c8f40aaa8
[2022-12-16T01:57:18.356+0000] {taskinstance.py:1513} INFO - Exporting the following env vars:
AIRFLOW_CTX_DAG_OWNER=***
AIRFLOW_CTX_DAG_ID=daily_spotify_dag
AIRFLOW_CTX_TASK_ID=transform_task
AIRFLOW_CTX_EXECUTION_DATE=2022-12-16T01:57:07+00:00
AIRFLOW_CTX_TRY_NUMBER=1
AIRFLOW_CTX_DAG_RUN_ID=manual__2022-12-16T01:57:07+00:00
[2022-12-16T01:57:19.348+0000] {python.py:177} INFO - Done. Returned value was:                                          name  ...  artist_name
0                                     Cowpoke  ...  Colter Wall
1                                     Cowpoke  ...  Colter Wall
2                         Love on the Weekend  ...   John Mayer
3                                    Helpless  ...   John Mayer
4                             Emoji of a Wave  ...   John Mayer
..                                        ...  ...          ...
45  Walt Grace's Submarine Test, January 1967  ...   John Mayer
46                             Love Is A Verb  ...   John Mayer
47             If I Ever Get Around To Living  ...   John Mayer
48                            Born and Raised  ...   John Mayer
49                      Something Like Olivia  ...   John Mayer

[600 rows x 4 columns]
[2022-12-16T01:57:19.378+0000] {xcom.py:635} ERROR - Object of type DataFrame is not JSON serializable. If you are using pickle instead of JSON for XCom, then you need to enable pickle support for XCom in your *** config or make sure to decorate your object with attr.
[2022-12-16T01:57:19.381+0000] {taskinstance.py:1772} ERROR - Task failed with exception
Traceback (most recent call last):
  File "/home/airflow/.local/lib/python3.7/site-packages/airflow/utils/session.py", line 72, in wrapper
    return func(*args, **kwargs)
  File "/home/airflow/.local/lib/python3.7/site-packages/airflow/models/taskinstance.py", line 2301, in xcom_push
    session=session,
  File "/home/airflow/.local/lib/python3.7/site-packages/airflow/utils/session.py", line 72, in wrapper
    return func(*args, **kwargs)
  File "/home/airflow/.local/lib/python3.7/site-packages/airflow/models/xcom.py", line 240, in set
    map_index=map_index,
  File "/home/airflow/.local/lib/python3.7/site-packages/airflow/models/xcom.py", line 627, in serialize_value
    return json.dumps(value, cls=XComEncoder).encode("UTF-8")
  File "/usr/local/lib/python3.7/json/__init__.py", line 238, in dumps
    **kw).encode(obj)
  File "/home/airflow/.local/lib/python3.7/site-packages/airflow/utils/json.py", line 176, in encode
    return super().encode(o)
  File "/usr/local/lib/python3.7/json/encoder.py", line 199, in encode
    chunks = self.iterencode(o, _one_shot=True)
  File "/usr/local/lib/python3.7/json/encoder.py", line 257, in iterencode
    return _iterencode(o, 0)
  File "/home/airflow/.local/lib/python3.7/site-packages/airflow/utils/json.py", line 170, in default
    return super().default(o)
  File "/usr/local/lib/python3.7/json/encoder.py", line 179, in default
    raise TypeError(f'Object of type {o.__class__.__name__} '
TypeError: Object of type DataFrame is not JSON serializable
[2022-12-16T01:57:19.402+0000] {taskinstance.py:1327} INFO - Marking task as FAILED. dag_id=daily_spotify_dag, task_id=transform_task, execution_date=20221216T015707, start_date=20221216T015718, end_date=20221216T015719
[2022-12-16T01:57:19.421+0000] {standard_task_runner.py:105} ERROR - Failed to execute job 28 for task transform_task (Object of type DataFrame is not JSON serializable; 848)
[2022-12-16T01:57:19.494+0000] {local_task_job.py:159} INFO - Task exited with return code 1
[2022-12-16T01:57:19.545+0000] {taskinstance.py:2582} INFO - 0 downstream tasks scheduled from follow-on schedule check
