[2022-12-14T10:16:02.019+0000] {taskinstance.py:1087} INFO - Dependencies all met for <TaskInstance: daily_spotify_etl.load_songs manual__2022-12-14T10:15:57.656464+00:00 [queued]>
[2022-12-14T10:16:02.027+0000] {taskinstance.py:1087} INFO - Dependencies all met for <TaskInstance: daily_spotify_etl.load_songs manual__2022-12-14T10:15:57.656464+00:00 [queued]>
[2022-12-14T10:16:02.028+0000] {taskinstance.py:1283} INFO - 
--------------------------------------------------------------------------------
[2022-12-14T10:16:02.029+0000] {taskinstance.py:1284} INFO - Starting attempt 1 of 1
[2022-12-14T10:16:02.029+0000] {taskinstance.py:1285} INFO - 
--------------------------------------------------------------------------------
[2022-12-14T10:16:02.037+0000] {taskinstance.py:1304} INFO - Executing <Task(_PythonDecoratedOperator): load_songs> on 2022-12-14 10:15:57.656464+00:00
[2022-12-14T10:16:02.050+0000] {standard_task_runner.py:55} INFO - Started process 18838 to run task
[2022-12-14T10:16:02.056+0000] {standard_task_runner.py:82} INFO - Running: ['***', 'tasks', 'run', 'daily_spotify_etl', 'load_songs', 'manual__2022-12-14T10:15:57.656464+00:00', '--job-id', '48', '--raw', '--subdir', 'DAGS_FOLDER/daily_dag.py', '--cfg-path', '/tmp/tmp6i_okhnp']
[2022-12-14T10:16:02.061+0000] {standard_task_runner.py:83} INFO - Job 48: Subtask load_songs
[2022-12-14T10:16:02.121+0000] {task_command.py:389} INFO - Running <TaskInstance: daily_spotify_etl.load_songs manual__2022-12-14T10:15:57.656464+00:00 [running]> on host b92abc15fbab
[2022-12-14T10:16:02.160+0000] {taskinstance.py:1513} INFO - Exporting the following env vars:
AIRFLOW_CTX_DAG_OWNER=***
AIRFLOW_CTX_DAG_ID=daily_spotify_etl
AIRFLOW_CTX_TASK_ID=load_songs
AIRFLOW_CTX_EXECUTION_DATE=2022-12-14T10:15:57.656464+00:00
AIRFLOW_CTX_TRY_NUMBER=1
AIRFLOW_CTX_DAG_RUN_ID=manual__2022-12-14T10:15:57.656464+00:00
[2022-12-14T10:16:02.399+0000] {logging_mixin.py:137} INFO - Token Refreshed
[2022-12-14T10:16:02.400+0000] {logging_mixin.py:137} INFO - Running Daily Task
[2022-12-14T10:16:02.401+0000] {logging_mixin.py:137} INFO - Getting songs for 1671012962401 slot 0
[2022-12-14T10:16:02.660+0000] {logging_mixin.py:137} INFO - Getting songs for 1671012955201 slot 1
[2022-12-14T10:16:02.890+0000] {logging_mixin.py:137} INFO - Getting songs for 1671012948001 slot 2
[2022-12-14T10:16:03.153+0000] {logging_mixin.py:137} INFO - Getting songs for 1671012940801 slot 3
[2022-12-14T10:16:03.382+0000] {logging_mixin.py:137} INFO - Getting songs for 1671012933601 slot 4
[2022-12-14T10:16:03.594+0000] {logging_mixin.py:137} INFO - Getting songs for 1671012926401 slot 5
[2022-12-14T10:16:03.827+0000] {logging_mixin.py:137} INFO - Getting songs for 1671012919201 slot 6
[2022-12-14T10:16:04.050+0000] {logging_mixin.py:137} INFO - Getting songs for 1671012912001 slot 7
[2022-12-14T10:16:05.731+0000] {logging_mixin.py:137} INFO - Getting songs for 1671012904801 slot 8
[2022-12-14T10:16:05.983+0000] {logging_mixin.py:137} INFO - Getting songs for 1671012897601 slot 9
[2022-12-14T10:16:06.194+0000] {logging_mixin.py:137} INFO - Getting songs for 1671012890401 slot 10
[2022-12-14T10:16:06.404+0000] {logging_mixin.py:137} INFO - Getting songs for 1671012883201 slot 11
[2022-12-14T10:16:06.641+0000] {base.py:73} INFO - Using connection ID 'spotify_etl' for task execution.
[2022-12-14T10:16:06.648+0000] {logging_mixin.py:137} INFO - <class 'psycopg2.extensions.connection'>
[2022-12-14T10:16:06.650+0000] {logging_mixin.py:137} INFO - 50
[2022-12-14T10:16:06.674+0000] {logging_mixin.py:137} INFO - Execution failed on sql 'SELECT name FROM sqlite_master WHERE type='table' AND name=?;': relation "sqlite_master" does not exist
LINE 1: SELECT name FROM sqlite_master WHERE type='table' AND name=?...
                         ^
[2022-12-14T10:16:06.676+0000] {python.py:177} INFO - Done. Returned value was: None
[2022-12-14T10:16:06.709+0000] {taskinstance.py:1327} INFO - Marking task as SUCCESS. dag_id=daily_spotify_etl, task_id=load_songs, execution_date=20221214T101557, start_date=20221214T101602, end_date=20221214T101606
[2022-12-14T10:16:06.825+0000] {local_task_job.py:159} INFO - Task exited with return code 0
[2022-12-14T10:16:06.917+0000] {taskinstance.py:2582} INFO - 0 downstream tasks scheduled from follow-on schedule check
