[2022-12-14T10:36:49.432+0000] {taskinstance.py:1087} INFO - Dependencies all met for <TaskInstance: daily_spotify_etl.load_songs manual__2022-12-14T10:36:44+00:00 [queued]>
[2022-12-14T10:36:49.455+0000] {taskinstance.py:1087} INFO - Dependencies all met for <TaskInstance: daily_spotify_etl.load_songs manual__2022-12-14T10:36:44+00:00 [queued]>
[2022-12-14T10:36:49.461+0000] {taskinstance.py:1283} INFO - 
--------------------------------------------------------------------------------
[2022-12-14T10:36:49.472+0000] {taskinstance.py:1284} INFO - Starting attempt 1 of 1
[2022-12-14T10:36:49.474+0000] {taskinstance.py:1285} INFO - 
--------------------------------------------------------------------------------
[2022-12-14T10:36:49.531+0000] {taskinstance.py:1304} INFO - Executing <Task(_PythonDecoratedOperator): load_songs> on 2022-12-14 10:36:44+00:00
[2022-12-14T10:36:49.547+0000] {standard_task_runner.py:55} INFO - Started process 20312 to run task
[2022-12-14T10:36:49.554+0000] {standard_task_runner.py:82} INFO - Running: ['***', 'tasks', 'run', 'daily_spotify_etl', 'load_songs', 'manual__2022-12-14T10:36:44+00:00', '--job-id', '64', '--raw', '--subdir', 'DAGS_FOLDER/daily_dag.py', '--cfg-path', '/tmp/tmpv8lorsnv']
[2022-12-14T10:36:49.562+0000] {standard_task_runner.py:83} INFO - Job 64: Subtask load_songs
[2022-12-14T10:36:49.660+0000] {task_command.py:389} INFO - Running <TaskInstance: daily_spotify_etl.load_songs manual__2022-12-14T10:36:44+00:00 [running]> on host b92abc15fbab
[2022-12-14T10:36:49.731+0000] {taskinstance.py:1513} INFO - Exporting the following env vars:
AIRFLOW_CTX_DAG_OWNER=***
AIRFLOW_CTX_DAG_ID=daily_spotify_etl
AIRFLOW_CTX_TASK_ID=load_songs
AIRFLOW_CTX_EXECUTION_DATE=2022-12-14T10:36:44+00:00
AIRFLOW_CTX_TRY_NUMBER=1
AIRFLOW_CTX_DAG_RUN_ID=manual__2022-12-14T10:36:44+00:00
[2022-12-14T10:36:50.020+0000] {logging_mixin.py:137} INFO - Token Refreshed
[2022-12-14T10:36:50.021+0000] {logging_mixin.py:137} INFO - Running Daily Task
[2022-12-14T10:36:50.022+0000] {logging_mixin.py:137} INFO - Getting songs for 1671014210022 slot 0
[2022-12-14T10:36:50.247+0000] {logging_mixin.py:137} INFO - Getting songs for 1671014202822 slot 1
[2022-12-14T10:36:50.464+0000] {logging_mixin.py:137} INFO - Getting songs for 1671014195622 slot 2
[2022-12-14T10:36:50.710+0000] {logging_mixin.py:137} INFO - Getting songs for 1671014188422 slot 3
[2022-12-14T10:36:50.952+0000] {logging_mixin.py:137} INFO - Getting songs for 1671014181222 slot 4
[2022-12-14T10:36:51.199+0000] {logging_mixin.py:137} INFO - Getting songs for 1671014174022 slot 5
[2022-12-14T10:36:51.412+0000] {logging_mixin.py:137} INFO - Getting songs for 1671014166822 slot 6
[2022-12-14T10:36:52.435+0000] {logging_mixin.py:137} INFO - Getting songs for 1671014159622 slot 7
[2022-12-14T10:36:52.739+0000] {logging_mixin.py:137} INFO - Getting songs for 1671014152422 slot 8
[2022-12-14T10:36:53.023+0000] {logging_mixin.py:137} INFO - Getting songs for 1671014145222 slot 9
[2022-12-14T10:36:53.285+0000] {logging_mixin.py:137} INFO - Getting songs for 1671014138022 slot 10
[2022-12-14T10:36:53.523+0000] {logging_mixin.py:137} INFO - Getting songs for 1671014130822 slot 11
[2022-12-14T10:36:53.770+0000] {logging_mixin.py:137} INFO - <class 'sqlalchemy.engine.base.Engine'>
[2022-12-14T10:36:53.773+0000] {logging_mixin.py:137} INFO - 50
[2022-12-14T10:36:53.803+0000] {base.py:73} INFO - Using connection ID 'spotify_etl' for task execution.
[2022-12-14T10:36:53.824+0000] {logging_mixin.py:137} INFO - (psycopg2.errors.InvalidTextRepresentation) invalid input syntax for type integer: "{{ params.user_id }}"
LINE 1: ...Weezer (White Album) [Deluxe Edition]', 'Weezer', '{{ params...
                                                             ^

[SQL: INSERT INTO history (name, played_at, album_name, artist_name, user_id) VALUES (%(name)s, %(played_at)s, %(album_name)s, %(artist_name)s, %(user_id)s)]
[parameters: ({'name': 'Wind in Our Sail', 'played_at': '2022-12-14T05:17:22.577Z', 'album_name': 'Weezer (White Album) [Deluxe Edition]', 'artist_name': 'Weezer', 'user_id': '{{ params.user_id }}'}, {'name': 'California Kids', 'played_at': '2022-12-14T05:14:29.067Z', 'album_name': 'Weezer (White Album) [Deluxe Edition]', 'artist_name': 'Weezer', 'user_id': '{{ params.user_id }}'}, {'name': 'Vultures - Live at the House of Blues, Chicago, Illinois, September 22, 2005', 'played_at': '2022-12-13T07:13:00.365Z', 'album_name': 'TRY! - Live In Concert', 'artist_name': 'John Mayer', 'user_id': '{{ params.user_id }}'}, {'name': 'Try - Live at the House of Blues, Chicago, Illinois, September 22, 2005', 'played_at': '2022-12-13T07:11:58.076Z', 'album_name': 'TRY! - Live In Concert', 'artist_name': 'John Mayer', 'user_id': '{{ params.user_id }}'}, {'name': 'Wait Until Tomorrow - Live at the House of Blues, Chicago, Illinois, September 22, 2005', 'played_at': '2022-12-13T07:05:04.537Z', 'album_name': 'TRY! - Live In Concert', 'artist_name': 'John Mayer', 'user_id': '{{ params.user_id }}'}, {'name': 'Daughters - Live at the House of Blues, Chicago, Illinois, September 22, 2005', 'played_at': '2022-12-13T07:00:47.771Z', 'album_name': 'TRY! - Live In Concert', 'artist_name': 'John Mayer', 'user_id': '{{ params.user_id }}'}, {'name': 'Who Did You Think I Was - Live at the House of Blues, Chicago, Illinois, September 22, 2005', 'played_at': '2022-12-13T06:54:24.030Z', 'album_name': 'TRY! - Live In Concert', 'artist_name': 'John Mayer', 'user_id': '{{ params.user_id }}'}, {'name': 'Who Did You Think I Was - Live at the House of Blues, Chicago, Illinois, September 22, 2005', 'played_at': '2022-12-13T06:51:24.218Z', 'album_name': 'TRY! - Live In Concert', 'artist_name': 'John Mayer', 'user_id': '{{ params.user_id }}'}  ... displaying 10 of 50 total bound parameter sets ...  {'name': 'Back Seat Lover', 'played_at': '2022-12-11T10:02:00.370Z', 'album_name': 'Where Does This Door Go (Deluxe Edition)', 'artist_name': 'Mayer Hawthorne', 'user_id': '{{ params.user_id }}'}, {'name': 'Stitched Up (feat. John Mayer)', 'played_at': '2022-12-11T09:56:43.295Z', 'album_name': 'Possibilities (U.S. Version)', 'artist_name': 'Herbie Hancock', 'user_id': '{{ params.user_id }}'})]
(Background on this error at: https://sqlalche.me/e/14/9h9h)
[2022-12-14T10:36:53.833+0000] {python.py:177} INFO - Done. Returned value was: None
[2022-12-14T10:36:53.882+0000] {taskinstance.py:1327} INFO - Marking task as SUCCESS. dag_id=daily_spotify_etl, task_id=load_songs, execution_date=20221214T103644, start_date=20221214T103649, end_date=20221214T103653
[2022-12-14T10:36:54.099+0000] {local_task_job.py:159} INFO - Task exited with return code 0
[2022-12-14T10:36:54.150+0000] {taskinstance.py:2582} INFO - 0 downstream tasks scheduled from follow-on schedule check
