[2022-12-14T13:14:37.153+0000] {taskinstance.py:1087} INFO - Dependencies all met for <TaskInstance: weekly_wrapped_dag.send_mail manual__2022-12-14T13:14:31.786982+00:00 [queued]>
[2022-12-14T13:14:37.168+0000] {taskinstance.py:1087} INFO - Dependencies all met for <TaskInstance: weekly_wrapped_dag.send_mail manual__2022-12-14T13:14:31.786982+00:00 [queued]>
[2022-12-14T13:14:37.170+0000] {taskinstance.py:1283} INFO - 
--------------------------------------------------------------------------------
[2022-12-14T13:14:37.171+0000] {taskinstance.py:1284} INFO - Starting attempt 1 of 1
[2022-12-14T13:14:37.172+0000] {taskinstance.py:1285} INFO - 
--------------------------------------------------------------------------------
[2022-12-14T13:14:37.184+0000] {taskinstance.py:1304} INFO - Executing <Task(_PythonDecoratedOperator): send_mail> on 2022-12-14 13:14:31.786982+00:00
[2022-12-14T13:14:37.193+0000] {standard_task_runner.py:55} INFO - Started process 31182 to run task
[2022-12-14T13:14:37.198+0000] {standard_task_runner.py:82} INFO - Running: ['***', 'tasks', 'run', 'weekly_wrapped_dag', 'send_mail', 'manual__2022-12-14T13:14:31.786982+00:00', '--job-id', '148', '--raw', '--subdir', 'DAGS_FOLDER/weekly_dag.py', '--cfg-path', '/tmp/tmpxx5hfvgh']
[2022-12-14T13:14:37.200+0000] {standard_task_runner.py:83} INFO - Job 148: Subtask send_mail
[2022-12-14T13:14:37.270+0000] {task_command.py:389} INFO - Running <TaskInstance: weekly_wrapped_dag.send_mail manual__2022-12-14T13:14:31.786982+00:00 [running]> on host b92abc15fbab
[2022-12-14T13:14:37.330+0000] {taskinstance.py:1513} INFO - Exporting the following env vars:
AIRFLOW_CTX_DAG_OWNER=***
AIRFLOW_CTX_DAG_ID=weekly_wrapped_dag
AIRFLOW_CTX_TASK_ID=send_mail
AIRFLOW_CTX_EXECUTION_DATE=2022-12-14T13:14:31.786982+00:00
AIRFLOW_CTX_TRY_NUMBER=1
AIRFLOW_CTX_DAG_RUN_ID=manual__2022-12-14T13:14:31.786982+00:00
[2022-12-14T13:14:37.339+0000] {base.py:73} INFO - Using connection ID 'spotify_etl' for task execution.
[2022-12-14T13:14:37.344+0000] {logging_mixin.py:137} INFO - [({'artist_name': 'John Mayer', 'count': 12},), ({'artist_name': 'John Mayer', 'count': 12},), ({'artist_name': 'John Mayer', 'count': 12},), ({'artist_name': 'John Mayer', 'count': 12},)] [('ganeshfutane3@gmail.com',)]
[2022-12-14T13:14:37.345+0000] {python.py:177} INFO - Done. Returned value was: None
[2022-12-14T13:14:37.353+0000] {taskinstance.py:1327} INFO - Marking task as SUCCESS. dag_id=weekly_wrapped_dag, task_id=send_mail, execution_date=20221214T131431, start_date=20221214T131437, end_date=20221214T131437
[2022-12-14T13:14:37.371+0000] {local_task_job.py:159} INFO - Task exited with return code 0
[2022-12-14T13:14:37.387+0000] {taskinstance.py:2582} INFO - 0 downstream tasks scheduled from follow-on schedule check
