[2022-12-14T10:33:19.042+0000] {taskinstance.py:1087} INFO - Dependencies all met for <TaskInstance: daily_spotify_etl.load_songs manual__2022-12-14T10:33:11+00:00 [queued]>
[2022-12-14T10:33:19.052+0000] {taskinstance.py:1087} INFO - Dependencies all met for <TaskInstance: daily_spotify_etl.load_songs manual__2022-12-14T10:33:11+00:00 [queued]>
[2022-12-14T10:33:19.053+0000] {taskinstance.py:1283} INFO - 
--------------------------------------------------------------------------------
[2022-12-14T10:33:19.054+0000] {taskinstance.py:1284} INFO - Starting attempt 1 of 1
[2022-12-14T10:33:19.055+0000] {taskinstance.py:1285} INFO - 
--------------------------------------------------------------------------------
[2022-12-14T10:33:19.068+0000] {taskinstance.py:1304} INFO - Executing <Task(_PythonDecoratedOperator): load_songs> on 2022-12-14 10:33:11+00:00
[2022-12-14T10:33:19.079+0000] {standard_task_runner.py:55} INFO - Started process 20045 to run task
[2022-12-14T10:33:19.083+0000] {standard_task_runner.py:82} INFO - Running: ['***', 'tasks', 'run', 'daily_spotify_etl', 'load_songs', 'manual__2022-12-14T10:33:11+00:00', '--job-id', '60', '--raw', '--subdir', 'DAGS_FOLDER/daily_dag.py', '--cfg-path', '/tmp/tmpegzhktz9']
[2022-12-14T10:33:19.087+0000] {standard_task_runner.py:83} INFO - Job 60: Subtask load_songs
[2022-12-14T10:33:19.132+0000] {task_command.py:389} INFO - Running <TaskInstance: daily_spotify_etl.load_songs manual__2022-12-14T10:33:11+00:00 [running]> on host b92abc15fbab
[2022-12-14T10:33:19.174+0000] {taskinstance.py:1513} INFO - Exporting the following env vars:
AIRFLOW_CTX_DAG_OWNER=***
AIRFLOW_CTX_DAG_ID=daily_spotify_etl
AIRFLOW_CTX_TASK_ID=load_songs
AIRFLOW_CTX_EXECUTION_DATE=2022-12-14T10:33:11+00:00
AIRFLOW_CTX_TRY_NUMBER=1
AIRFLOW_CTX_DAG_RUN_ID=manual__2022-12-14T10:33:11+00:00
[2022-12-14T10:33:19.401+0000] {logging_mixin.py:137} INFO - Token Refreshed
[2022-12-14T10:33:19.403+0000] {logging_mixin.py:137} INFO - Running Daily Task
[2022-12-14T10:33:19.403+0000] {logging_mixin.py:137} INFO - Getting songs for 1671013999403 slot 0
[2022-12-14T10:33:19.660+0000] {logging_mixin.py:137} INFO - Getting songs for 1671013992203 slot 1
[2022-12-14T10:33:19.883+0000] {logging_mixin.py:137} INFO - Getting songs for 1671013985003 slot 2
[2022-12-14T10:33:20.288+0000] {logging_mixin.py:137} INFO - Getting songs for 1671013977803 slot 3
[2022-12-14T10:33:20.560+0000] {logging_mixin.py:137} INFO - Getting songs for 1671013970603 slot 4
[2022-12-14T10:33:20.790+0000] {logging_mixin.py:137} INFO - Getting songs for 1671013963403 slot 5
[2022-12-14T10:33:21.004+0000] {logging_mixin.py:137} INFO - Getting songs for 1671013956203 slot 6
[2022-12-14T10:33:22.911+0000] {logging_mixin.py:137} INFO - Getting songs for 1671013949003 slot 7
[2022-12-14T10:33:23.253+0000] {logging_mixin.py:137} INFO - Getting songs for 1671013941803 slot 8
[2022-12-14T10:33:23.649+0000] {logging_mixin.py:137} INFO - Getting songs for 1671013934603 slot 9
[2022-12-14T10:33:23.927+0000] {logging_mixin.py:137} INFO - Getting songs for 1671013927403 slot 10
[2022-12-14T10:33:24.157+0000] {logging_mixin.py:137} INFO - Getting songs for 1671013920203 slot 11
[2022-12-14T10:33:24.599+0000] {base.py:73} INFO - Using connection ID 'spotify_etl' for task execution.
[2022-12-14T10:33:24.621+0000] {logging_mixin.py:137} INFO - <class 'sqlalchemy.engine.base.Engine'>
[2022-12-14T10:33:24.625+0000] {logging_mixin.py:137} INFO - 50
[2022-12-14T10:33:24.638+0000] {logging_mixin.py:137} INFO - 'psycopg2.extensions.connection' object is not callable
[2022-12-14T10:33:24.643+0000] {python.py:177} INFO - Done. Returned value was: None
[2022-12-14T10:33:24.683+0000] {taskinstance.py:1327} INFO - Marking task as SUCCESS. dag_id=daily_spotify_etl, task_id=load_songs, execution_date=20221214T103311, start_date=20221214T103319, end_date=20221214T103324
[2022-12-14T10:33:24.882+0000] {local_task_job.py:159} INFO - Task exited with return code 0
[2022-12-14T10:33:24.918+0000] {taskinstance.py:2582} INFO - 0 downstream tasks scheduled from follow-on schedule check
