[2022-12-14T13:13:49.019+0000] {taskinstance.py:1087} INFO - Dependencies all met for <TaskInstance: weekly_wrapped_dag.send_mail manual__2022-12-14T13:13:41.663105+00:00 [queued]>
[2022-12-14T13:13:49.025+0000] {taskinstance.py:1087} INFO - Dependencies all met for <TaskInstance: weekly_wrapped_dag.send_mail manual__2022-12-14T13:13:41.663105+00:00 [queued]>
[2022-12-14T13:13:49.025+0000] {taskinstance.py:1283} INFO - 
--------------------------------------------------------------------------------
[2022-12-14T13:13:49.026+0000] {taskinstance.py:1284} INFO - Starting attempt 1 of 1
[2022-12-14T13:13:49.027+0000] {taskinstance.py:1285} INFO - 
--------------------------------------------------------------------------------
[2022-12-14T13:13:49.034+0000] {taskinstance.py:1304} INFO - Executing <Task(_PythonDecoratedOperator): send_mail> on 2022-12-14 13:13:41.663105+00:00
[2022-12-14T13:13:49.038+0000] {standard_task_runner.py:55} INFO - Started process 31121 to run task
[2022-12-14T13:13:49.041+0000] {standard_task_runner.py:82} INFO - Running: ['***', 'tasks', 'run', 'weekly_wrapped_dag', 'send_mail', 'manual__2022-12-14T13:13:41.663105+00:00', '--job-id', '145', '--raw', '--subdir', 'DAGS_FOLDER/weekly_dag.py', '--cfg-path', '/tmp/tmpxxxgyg0y']
[2022-12-14T13:13:49.042+0000] {standard_task_runner.py:83} INFO - Job 145: Subtask send_mail
[2022-12-14T13:13:49.085+0000] {task_command.py:389} INFO - Running <TaskInstance: weekly_wrapped_dag.send_mail manual__2022-12-14T13:13:41.663105+00:00 [running]> on host b92abc15fbab
[2022-12-14T13:13:49.122+0000] {taskinstance.py:1513} INFO - Exporting the following env vars:
AIRFLOW_CTX_DAG_OWNER=***
AIRFLOW_CTX_DAG_ID=weekly_wrapped_dag
AIRFLOW_CTX_TASK_ID=send_mail
AIRFLOW_CTX_EXECUTION_DATE=2022-12-14T13:13:41.663105+00:00
AIRFLOW_CTX_TRY_NUMBER=1
AIRFLOW_CTX_DAG_RUN_ID=manual__2022-12-14T13:13:41.663105+00:00
[2022-12-14T13:13:49.128+0000] {base.py:73} INFO - Using connection ID 'spotify_etl' for task execution.
[2022-12-14T13:13:49.132+0000] {logging_mixin.py:137} INFO - [[{"artist_name": "John Mayer", "count": 12}], [{"artist_name": "John Mayer", "count": 12}], [{"artist_name": "John Mayer", "count": 12}]] [["ganeshfutane3@gmail.com"]]
[2022-12-14T13:13:49.133+0000] {python.py:177} INFO - Done. Returned value was: None
[2022-12-14T13:13:49.139+0000] {taskinstance.py:1327} INFO - Marking task as SUCCESS. dag_id=weekly_wrapped_dag, task_id=send_mail, execution_date=20221214T131341, start_date=20221214T131349, end_date=20221214T131349
[2022-12-14T13:13:49.173+0000] {local_task_job.py:159} INFO - Task exited with return code 0
[2022-12-14T13:13:49.187+0000] {taskinstance.py:2582} INFO - 0 downstream tasks scheduled from follow-on schedule check
