[2022-12-14T12:24:08.705+0000] {taskinstance.py:1087} INFO - Dependencies all met for <TaskInstance: weekly_wrapped_dag.generate_wrapped manual__2022-12-14T12:24:06.197830+00:00 [queued]>
[2022-12-14T12:24:08.714+0000] {taskinstance.py:1087} INFO - Dependencies all met for <TaskInstance: weekly_wrapped_dag.generate_wrapped manual__2022-12-14T12:24:06.197830+00:00 [queued]>
[2022-12-14T12:24:08.715+0000] {taskinstance.py:1283} INFO - 
--------------------------------------------------------------------------------
[2022-12-14T12:24:08.716+0000] {taskinstance.py:1284} INFO - Starting attempt 1 of 1
[2022-12-14T12:24:08.717+0000] {taskinstance.py:1285} INFO - 
--------------------------------------------------------------------------------
[2022-12-14T12:24:08.728+0000] {taskinstance.py:1304} INFO - Executing <Task(_PythonDecoratedOperator): generate_wrapped> on 2022-12-14 12:24:06.197830+00:00
[2022-12-14T12:24:08.734+0000] {standard_task_runner.py:55} INFO - Started process 27499 to run task
[2022-12-14T12:24:08.738+0000] {standard_task_runner.py:82} INFO - Running: ['***', 'tasks', 'run', 'weekly_wrapped_dag', 'generate_wrapped', 'manual__2022-12-14T12:24:06.197830+00:00', '--job-id', '82', '--raw', '--subdir', 'DAGS_FOLDER/weekly_dag.py', '--cfg-path', '/tmp/tmpku3u1rrb']
[2022-12-14T12:24:08.739+0000] {standard_task_runner.py:83} INFO - Job 82: Subtask generate_wrapped
[2022-12-14T12:24:08.795+0000] {task_command.py:389} INFO - Running <TaskInstance: weekly_wrapped_dag.generate_wrapped manual__2022-12-14T12:24:06.197830+00:00 [running]> on host b92abc15fbab
[2022-12-14T12:24:08.852+0000] {taskinstance.py:1513} INFO - Exporting the following env vars:
AIRFLOW_CTX_DAG_OWNER=***
AIRFLOW_CTX_DAG_ID=weekly_wrapped_dag
AIRFLOW_CTX_TASK_ID=generate_wrapped
AIRFLOW_CTX_EXECUTION_DATE=2022-12-14T12:24:06.197830+00:00
AIRFLOW_CTX_TRY_NUMBER=1
AIRFLOW_CTX_DAG_RUN_ID=manual__2022-12-14T12:24:06.197830+00:00
[2022-12-14T12:24:08.860+0000] {base.py:73} INFO - Using connection ID 'spotify_etl' for task execution.
[2022-12-14T12:24:08.866+0000] {logging_mixin.py:137} INFO - {"John Mayer": 12, "Red Hot Chili Peppers": 6, "Family of the Year": 4}
[2022-12-14T12:24:08.867+0000] {python.py:177} INFO - Done. Returned value was: None
[2022-12-14T12:24:08.875+0000] {taskinstance.py:1327} INFO - Marking task as SUCCESS. dag_id=weekly_wrapped_dag, task_id=generate_wrapped, execution_date=20221214T122406, start_date=20221214T122408, end_date=20221214T122408
[2022-12-14T12:24:08.912+0000] {local_task_job.py:159} INFO - Task exited with return code 0
[2022-12-14T12:24:08.926+0000] {taskinstance.py:2582} INFO - 0 downstream tasks scheduled from follow-on schedule check
