[2022-12-14T09:53:33.293+0000] {taskinstance.py:1087} INFO - Dependencies all met for <TaskInstance: daily_spotify_etl.load_songs manual__2022-12-14T09:53:27.114323+00:00 [queued]>
[2022-12-14T09:53:33.301+0000] {taskinstance.py:1087} INFO - Dependencies all met for <TaskInstance: daily_spotify_etl.load_songs manual__2022-12-14T09:53:27.114323+00:00 [queued]>
[2022-12-14T09:53:33.302+0000] {taskinstance.py:1283} INFO - 
--------------------------------------------------------------------------------
[2022-12-14T09:53:33.303+0000] {taskinstance.py:1284} INFO - Starting attempt 1 of 1
[2022-12-14T09:53:33.303+0000] {taskinstance.py:1285} INFO - 
--------------------------------------------------------------------------------
[2022-12-14T09:53:33.312+0000] {taskinstance.py:1304} INFO - Executing <Task(_PythonDecoratedOperator): load_songs> on 2022-12-14 09:53:27.114323+00:00
[2022-12-14T09:53:33.324+0000] {standard_task_runner.py:55} INFO - Started process 17221 to run task
[2022-12-14T09:53:33.328+0000] {standard_task_runner.py:82} INFO - Running: ['***', 'tasks', 'run', 'daily_spotify_etl', 'load_songs', 'manual__2022-12-14T09:53:27.114323+00:00', '--job-id', '28', '--raw', '--subdir', 'DAGS_FOLDER/daily_dag.py', '--cfg-path', '/tmp/tmpiygc9i7f']
[2022-12-14T09:53:33.333+0000] {standard_task_runner.py:83} INFO - Job 28: Subtask load_songs
[2022-12-14T09:53:33.390+0000] {task_command.py:389} INFO - Running <TaskInstance: daily_spotify_etl.load_songs manual__2022-12-14T09:53:27.114323+00:00 [running]> on host b92abc15fbab
[2022-12-14T09:53:33.445+0000] {taskinstance.py:1513} INFO - Exporting the following env vars:
AIRFLOW_CTX_DAG_OWNER=***
AIRFLOW_CTX_DAG_ID=daily_spotify_etl
AIRFLOW_CTX_TASK_ID=load_songs
AIRFLOW_CTX_EXECUTION_DATE=2022-12-14T09:53:27.114323+00:00
AIRFLOW_CTX_TRY_NUMBER=1
AIRFLOW_CTX_DAG_RUN_ID=manual__2022-12-14T09:53:27.114323+00:00
[2022-12-14T09:53:33.700+0000] {logging_mixin.py:137} INFO - Getting songs for 1671011613700 slot 0
[2022-12-14T09:53:33.949+0000] {logging_mixin.py:137} INFO - Getting songs for 1671011606500 slot 1
[2022-12-14T09:53:34.197+0000] {logging_mixin.py:137} INFO - Getting songs for 1671011599300 slot 2
[2022-12-14T09:53:34.425+0000] {logging_mixin.py:137} INFO - Getting songs for 1671011592100 slot 3
[2022-12-14T09:53:34.649+0000] {logging_mixin.py:137} INFO - Getting songs for 1671011584900 slot 4
[2022-12-14T09:53:34.878+0000] {logging_mixin.py:137} INFO - Getting songs for 1671011577700 slot 5
[2022-12-14T09:53:35.113+0000] {logging_mixin.py:137} INFO - Getting songs for 1671011570500 slot 6
[2022-12-14T09:53:35.357+0000] {logging_mixin.py:137} INFO - Getting songs for 1671011563300 slot 7
[2022-12-14T09:53:36.149+0000] {logging_mixin.py:137} INFO - Getting songs for 1671011556100 slot 8
[2022-12-14T09:53:36.373+0000] {logging_mixin.py:137} INFO - Getting songs for 1671011548900 slot 9
[2022-12-14T09:53:36.606+0000] {logging_mixin.py:137} INFO - Getting songs for 1671011541700 slot 10
[2022-12-14T09:53:36.827+0000] {logging_mixin.py:137} INFO - Getting songs for 1671011534500 slot 11
[2022-12-14T09:53:37.098+0000] {base.py:73} INFO - Using connection ID 'spotify_etl' for task execution.
[2022-12-14T09:53:37.117+0000] {logging_mixin.py:137} INFO - Execution failed on sql 'SELECT name FROM sqlite_master WHERE type='table' AND name=?;': relation "sqlite_master" does not exist
LINE 1: SELECT name FROM sqlite_master WHERE type='table' AND name=?...
                         ^
[2022-12-14T09:53:37.119+0000] {python.py:177} INFO - Done. Returned value was: None
[2022-12-14T09:53:37.136+0000] {taskinstance.py:1327} INFO - Marking task as SUCCESS. dag_id=daily_spotify_etl, task_id=load_songs, execution_date=20221214T095327, start_date=20221214T095333, end_date=20221214T095337
[2022-12-14T09:53:37.249+0000] {local_task_job.py:159} INFO - Task exited with return code 0
[2022-12-14T09:53:37.282+0000] {taskinstance.py:2582} INFO - 0 downstream tasks scheduled from follow-on schedule check
