[2022-12-15T09:44:13.526+0000] {taskinstance.py:1087} INFO - Dependencies all met for <TaskInstance: weekly_wrapped_dag.generate_wrapped manual__2022-12-15T09:44:09+00:00 [queued]>
[2022-12-15T09:44:13.533+0000] {taskinstance.py:1087} INFO - Dependencies all met for <TaskInstance: weekly_wrapped_dag.generate_wrapped manual__2022-12-15T09:44:09+00:00 [queued]>
[2022-12-15T09:44:13.545+0000] {taskinstance.py:1283} INFO - 
--------------------------------------------------------------------------------
[2022-12-15T09:44:13.546+0000] {taskinstance.py:1284} INFO - Starting attempt 1 of 1
[2022-12-15T09:44:13.547+0000] {taskinstance.py:1285} INFO - 
--------------------------------------------------------------------------------
[2022-12-15T09:44:13.555+0000] {taskinstance.py:1304} INFO - Executing <Task(_PythonDecoratedOperator): generate_wrapped> on 2022-12-15 09:44:09+00:00
[2022-12-15T09:44:13.561+0000] {standard_task_runner.py:55} INFO - Started process 1458 to run task
[2022-12-15T09:44:13.564+0000] {standard_task_runner.py:82} INFO - Running: ['***', 'tasks', 'run', 'weekly_wrapped_dag', 'generate_wrapped', 'manual__2022-12-15T09:44:09+00:00', '--job-id', '173', '--raw', '--subdir', 'DAGS_FOLDER/weekly_dag.py', '--cfg-path', '/tmp/tmpqughwb_d']
[2022-12-15T09:44:13.565+0000] {standard_task_runner.py:83} INFO - Job 173: Subtask generate_wrapped
[2022-12-15T09:44:13.603+0000] {task_command.py:389} INFO - Running <TaskInstance: weekly_wrapped_dag.generate_wrapped manual__2022-12-15T09:44:09+00:00 [running]> on host 27e6a783ec0c
[2022-12-15T09:44:13.640+0000] {taskinstance.py:1513} INFO - Exporting the following env vars:
AIRFLOW_CTX_DAG_OWNER=***
AIRFLOW_CTX_DAG_ID=weekly_wrapped_dag
AIRFLOW_CTX_TASK_ID=generate_wrapped
AIRFLOW_CTX_EXECUTION_DATE=2022-12-15T09:44:09+00:00
AIRFLOW_CTX_TRY_NUMBER=1
AIRFLOW_CTX_DAG_RUN_ID=manual__2022-12-15T09:44:09+00:00
[2022-12-15T09:44:13.646+0000] {base.py:73} INFO - Using connection ID 'spotify_etl' for task execution.
[2022-12-15T09:44:13.649+0000] {logging_mixin.py:137} INFO - [{'artist_name': 'John Mayer', 'count': 36}, {'artist_name': 'Red Hot Chili Peppers', 'count': 18}, {'artist_name': 'Bob Dylan', 'count': 12}]
[2022-12-15T09:44:13.650+0000] {logging_mixin.py:137} INFO - {"artist_name": "John Mayer", "count": 36}
[2022-12-15T09:44:13.651+0000] {python.py:177} INFO - Done. Returned value was: ('{"artist_name": "John Mayer", "count": 36}', 'ganeshfutane3@gmail.com')
[2022-12-15T09:44:13.663+0000] {taskinstance.py:1327} INFO - Marking task as SUCCESS. dag_id=weekly_wrapped_dag, task_id=generate_wrapped, execution_date=20221215T094409, start_date=20221215T094413, end_date=20221215T094413
[2022-12-15T09:44:13.699+0000] {local_task_job.py:159} INFO - Task exited with return code 0
[2022-12-15T09:44:13.712+0000] {taskinstance.py:2582} INFO - 1 downstream tasks scheduled from follow-on schedule check
