[2022-12-15T09:44:15.288+0000] {taskinstance.py:1087} INFO - Dependencies all met for <TaskInstance: weekly_wrapped_dag.send_mail manual__2022-12-15T09:44:09+00:00 [queued]>
[2022-12-15T09:44:15.301+0000] {taskinstance.py:1087} INFO - Dependencies all met for <TaskInstance: weekly_wrapped_dag.send_mail manual__2022-12-15T09:44:09+00:00 [queued]>
[2022-12-15T09:44:15.303+0000] {taskinstance.py:1283} INFO - 
--------------------------------------------------------------------------------
[2022-12-15T09:44:15.305+0000] {taskinstance.py:1284} INFO - Starting attempt 1 of 1
[2022-12-15T09:44:15.306+0000] {taskinstance.py:1285} INFO - 
--------------------------------------------------------------------------------
[2022-12-15T09:44:15.319+0000] {taskinstance.py:1304} INFO - Executing <Task(_PythonDecoratedOperator): send_mail> on 2022-12-15 09:44:09+00:00
[2022-12-15T09:44:15.340+0000] {standard_task_runner.py:55} INFO - Started process 1460 to run task
[2022-12-15T09:44:15.356+0000] {standard_task_runner.py:82} INFO - Running: ['***', 'tasks', 'run', 'weekly_wrapped_dag', 'send_mail', 'manual__2022-12-15T09:44:09+00:00', '--job-id', '174', '--raw', '--subdir', 'DAGS_FOLDER/weekly_dag.py', '--cfg-path', '/tmp/tmp7ip2wdg_']
[2022-12-15T09:44:15.362+0000] {standard_task_runner.py:83} INFO - Job 174: Subtask send_mail
[2022-12-15T09:44:15.467+0000] {task_command.py:389} INFO - Running <TaskInstance: weekly_wrapped_dag.send_mail manual__2022-12-15T09:44:09+00:00 [running]> on host 27e6a783ec0c
[2022-12-15T09:44:15.546+0000] {taskinstance.py:1513} INFO - Exporting the following env vars:
AIRFLOW_CTX_DAG_OWNER=***
AIRFLOW_CTX_DAG_ID=weekly_wrapped_dag
AIRFLOW_CTX_TASK_ID=send_mail
AIRFLOW_CTX_EXECUTION_DATE=2022-12-15T09:44:09+00:00
AIRFLOW_CTX_TRY_NUMBER=1
AIRFLOW_CTX_DAG_RUN_ID=manual__2022-12-15T09:44:09+00:00
[2022-12-15T09:44:15.565+0000] {logging_mixin.py:137} INFO - {"artist_name": "John Mayer", "count": 36} ganeshfutane3@gmail.com
[2022-12-15T09:44:15.566+0000] {python.py:177} INFO - Done. Returned value was: None
[2022-12-15T09:44:15.574+0000] {taskinstance.py:1327} INFO - Marking task as SUCCESS. dag_id=weekly_wrapped_dag, task_id=send_mail, execution_date=20221215T094409, start_date=20221215T094415, end_date=20221215T094415
[2022-12-15T09:44:15.616+0000] {local_task_job.py:159} INFO - Task exited with return code 0
[2022-12-15T09:44:15.655+0000] {taskinstance.py:2582} INFO - 0 downstream tasks scheduled from follow-on schedule check
