[2022-12-16T02:05:59.660+0000] {taskinstance.py:1087} INFO - Dependencies all met for <TaskInstance: daily_spotify_dag.load_task manual__2022-12-16T02:05:46+00:00 [queued]>
[2022-12-16T02:05:59.667+0000] {taskinstance.py:1087} INFO - Dependencies all met for <TaskInstance: daily_spotify_dag.load_task manual__2022-12-16T02:05:46+00:00 [queued]>
[2022-12-16T02:05:59.667+0000] {taskinstance.py:1283} INFO - 
--------------------------------------------------------------------------------
[2022-12-16T02:05:59.668+0000] {taskinstance.py:1284} INFO - Starting attempt 1 of 1
[2022-12-16T02:05:59.669+0000] {taskinstance.py:1285} INFO - 
--------------------------------------------------------------------------------
[2022-12-16T02:05:59.677+0000] {taskinstance.py:1304} INFO - Executing <Task(PythonOperator): load_task> on 2022-12-16 02:05:46+00:00
[2022-12-16T02:05:59.682+0000] {standard_task_runner.py:55} INFO - Started process 1487 to run task
[2022-12-16T02:05:59.687+0000] {standard_task_runner.py:82} INFO - Running: ['***', 'tasks', 'run', 'daily_spotify_dag', 'load_task', 'manual__2022-12-16T02:05:46+00:00', '--job-id', '38', '--raw', '--subdir', 'DAGS_FOLDER/daily_dag.py', '--cfg-path', '/tmp/tmps6t_pn84']
[2022-12-16T02:05:59.689+0000] {standard_task_runner.py:83} INFO - Job 38: Subtask load_task
[2022-12-16T02:05:59.736+0000] {task_command.py:389} INFO - Running <TaskInstance: daily_spotify_dag.load_task manual__2022-12-16T02:05:46+00:00 [running]> on host 158c8f40aaa8
[2022-12-16T02:05:59.780+0000] {taskinstance.py:1513} INFO - Exporting the following env vars:
AIRFLOW_CTX_DAG_OWNER=***
AIRFLOW_CTX_DAG_ID=daily_spotify_dag
AIRFLOW_CTX_TASK_ID=load_task
AIRFLOW_CTX_EXECUTION_DATE=2022-12-16T02:05:46+00:00
AIRFLOW_CTX_TRY_NUMBER=1
AIRFLOW_CTX_DAG_RUN_ID=manual__2022-12-16T02:05:46+00:00
[2022-12-16T02:05:59.796+0000] {logging_mixin.py:137} INFO - <class 'sqlalchemy.engine.base.Engine'>
[2022-12-16T02:05:59.798+0000] {logging_mixin.py:137} INFO - 600
[2022-12-16T02:05:59.807+0000] {base.py:73} INFO - Using connection ID 'spotify_etl' for task execution.
[2022-12-16T02:05:59.828+0000] {python.py:177} INFO - Done. Returned value was: None
[2022-12-16T02:05:59.838+0000] {taskinstance.py:1327} INFO - Marking task as SUCCESS. dag_id=daily_spotify_dag, task_id=load_task, execution_date=20221216T020546, start_date=20221216T020559, end_date=20221216T020559
[2022-12-16T02:05:59.898+0000] {local_task_job.py:159} INFO - Task exited with return code 0
[2022-12-16T02:05:59.914+0000] {taskinstance.py:2582} INFO - 0 downstream tasks scheduled from follow-on schedule check
