[2022-12-15T11:03:36.079+0000] {taskinstance.py:1087} INFO - Dependencies all met for <TaskInstance: weekly_wrapped_dag.generate_wrapped manual__2022-12-15T11:03:30+00:00 [queued]>
[2022-12-15T11:03:36.084+0000] {taskinstance.py:1087} INFO - Dependencies all met for <TaskInstance: weekly_wrapped_dag.generate_wrapped manual__2022-12-15T11:03:30+00:00 [queued]>
[2022-12-15T11:03:36.085+0000] {taskinstance.py:1283} INFO - 
--------------------------------------------------------------------------------
[2022-12-15T11:03:36.085+0000] {taskinstance.py:1284} INFO - Starting attempt 1 of 1
[2022-12-15T11:03:36.086+0000] {taskinstance.py:1285} INFO - 
--------------------------------------------------------------------------------
[2022-12-15T11:03:36.093+0000] {taskinstance.py:1304} INFO - Executing <Task(_PythonDecoratedOperator): generate_wrapped> on 2022-12-15 11:03:30+00:00
[2022-12-15T11:03:36.098+0000] {standard_task_runner.py:55} INFO - Started process 7283 to run task
[2022-12-15T11:03:36.101+0000] {standard_task_runner.py:82} INFO - Running: ['***', 'tasks', 'run', 'weekly_wrapped_dag', 'generate_wrapped', 'manual__2022-12-15T11:03:30+00:00', '--job-id', '212', '--raw', '--subdir', 'DAGS_FOLDER/weekly_dag.py', '--cfg-path', '/tmp/tmpo1mooq8j']
[2022-12-15T11:03:36.101+0000] {standard_task_runner.py:83} INFO - Job 212: Subtask generate_wrapped
[2022-12-15T11:03:36.151+0000] {task_command.py:389} INFO - Running <TaskInstance: weekly_wrapped_dag.generate_wrapped manual__2022-12-15T11:03:30+00:00 [running]> on host 27e6a783ec0c
[2022-12-15T11:03:36.204+0000] {taskinstance.py:1513} INFO - Exporting the following env vars:
AIRFLOW_CTX_DAG_OWNER=***
AIRFLOW_CTX_DAG_ID=weekly_wrapped_dag
AIRFLOW_CTX_TASK_ID=generate_wrapped
AIRFLOW_CTX_EXECUTION_DATE=2022-12-15T11:03:30+00:00
AIRFLOW_CTX_TRY_NUMBER=1
AIRFLOW_CTX_DAG_RUN_ID=manual__2022-12-15T11:03:30+00:00
[2022-12-15T11:03:36.210+0000] {base.py:73} INFO - Using connection ID 'spotify_etl' for task execution.
[2022-12-15T11:03:36.214+0000] {logging_mixin.py:137} INFO - [{'artist_name': 'John Mayer', 'count': 36}, {'artist_name': 'Red Hot Chili Peppers', 'count': 18}, {'artist_name': 'Bob Dylan', 'count': 12}]
[2022-12-15T11:03:36.215+0000] {logging_mixin.py:137} INFO - [{"artist_name": "John Mayer", "count": 36}, {"artist_name": "Red Hot Chili Peppers", "count": 18}, {"artist_name": "Bob Dylan", "count": 12}]
[2022-12-15T11:03:36.216+0000] {python.py:177} INFO - Done. Returned value was: ('[{"artist_name": "John Mayer", "count": 36}, {"artist_name": "Red Hot Chili Peppers", "count": 18}, {"artist_name": "Bob Dylan", "count": 12}]', 'ganeshfutane3@gmail.com')
[2022-12-15T11:03:36.232+0000] {taskinstance.py:1327} INFO - Marking task as SUCCESS. dag_id=weekly_wrapped_dag, task_id=generate_wrapped, execution_date=20221215T110330, start_date=20221215T110336, end_date=20221215T110336
[2022-12-15T11:03:36.278+0000] {local_task_job.py:159} INFO - Task exited with return code 0
[2022-12-15T11:03:36.295+0000] {taskinstance.py:2582} INFO - 1 downstream tasks scheduled from follow-on schedule check
