[2022-12-14T13:14:34.770+0000] {taskinstance.py:1087} INFO - Dependencies all met for <TaskInstance: weekly_wrapped_dag.generate_wrapped manual__2022-12-14T13:14:31.786982+00:00 [queued]>
[2022-12-14T13:14:34.795+0000] {taskinstance.py:1087} INFO - Dependencies all met for <TaskInstance: weekly_wrapped_dag.generate_wrapped manual__2022-12-14T13:14:31.786982+00:00 [queued]>
[2022-12-14T13:14:34.797+0000] {taskinstance.py:1283} INFO - 
--------------------------------------------------------------------------------
[2022-12-14T13:14:34.800+0000] {taskinstance.py:1284} INFO - Starting attempt 1 of 1
[2022-12-14T13:14:34.801+0000] {taskinstance.py:1285} INFO - 
--------------------------------------------------------------------------------
[2022-12-14T13:14:34.831+0000] {taskinstance.py:1304} INFO - Executing <Task(_PythonDecoratedOperator): generate_wrapped> on 2022-12-14 13:14:31.786982+00:00
[2022-12-14T13:14:34.870+0000] {standard_task_runner.py:55} INFO - Started process 31180 to run task
[2022-12-14T13:14:34.895+0000] {standard_task_runner.py:82} INFO - Running: ['***', 'tasks', 'run', 'weekly_wrapped_dag', 'generate_wrapped', 'manual__2022-12-14T13:14:31.786982+00:00', '--job-id', '147', '--raw', '--subdir', 'DAGS_FOLDER/weekly_dag.py', '--cfg-path', '/tmp/tmpj_xfxew6']
[2022-12-14T13:14:34.902+0000] {standard_task_runner.py:83} INFO - Job 147: Subtask generate_wrapped
[2022-12-14T13:14:35.083+0000] {task_command.py:389} INFO - Running <TaskInstance: weekly_wrapped_dag.generate_wrapped manual__2022-12-14T13:14:31.786982+00:00 [running]> on host b92abc15fbab
[2022-12-14T13:14:35.297+0000] {taskinstance.py:1513} INFO - Exporting the following env vars:
AIRFLOW_CTX_DAG_OWNER=***
AIRFLOW_CTX_DAG_ID=weekly_wrapped_dag
AIRFLOW_CTX_TASK_ID=generate_wrapped
AIRFLOW_CTX_EXECUTION_DATE=2022-12-14T13:14:31.786982+00:00
AIRFLOW_CTX_TRY_NUMBER=1
AIRFLOW_CTX_DAG_RUN_ID=manual__2022-12-14T13:14:31.786982+00:00
[2022-12-14T13:14:35.319+0000] {base.py:73} INFO - Using connection ID 'spotify_etl' for task execution.
[2022-12-14T13:14:35.334+0000] {logging_mixin.py:137} INFO - [{'artist_name': 'John Mayer', 'count': 12}, {'artist_name': 'Red Hot Chili Peppers', 'count': 6}, {'artist_name': 'Family of the Year', 'count': 4}]
[2022-12-14T13:14:35.337+0000] {logging_mixin.py:137} INFO - {"artist_name": "John Mayer", "count": 12}
[2022-12-14T13:14:35.348+0000] {python.py:177} INFO - Done. Returned value was: None
[2022-12-14T13:14:35.371+0000] {taskinstance.py:1327} INFO - Marking task as SUCCESS. dag_id=weekly_wrapped_dag, task_id=generate_wrapped, execution_date=20221214T131431, start_date=20221214T131434, end_date=20221214T131435
[2022-12-14T13:14:35.428+0000] {local_task_job.py:159} INFO - Task exited with return code 0
[2022-12-14T13:14:35.479+0000] {taskinstance.py:2582} INFO - 1 downstream tasks scheduled from follow-on schedule check
