[2022-12-14T12:24:43.112+0000] {taskinstance.py:1087} INFO - Dependencies all met for <TaskInstance: weekly_wrapped_dag.generate_wrapped manual__2022-12-14T12:24:40.721491+00:00 [queued]>
[2022-12-14T12:24:43.123+0000] {taskinstance.py:1087} INFO - Dependencies all met for <TaskInstance: weekly_wrapped_dag.generate_wrapped manual__2022-12-14T12:24:40.721491+00:00 [queued]>
[2022-12-14T12:24:43.124+0000] {taskinstance.py:1283} INFO - 
--------------------------------------------------------------------------------
[2022-12-14T12:24:43.125+0000] {taskinstance.py:1284} INFO - Starting attempt 1 of 1
[2022-12-14T12:24:43.126+0000] {taskinstance.py:1285} INFO - 
--------------------------------------------------------------------------------
[2022-12-14T12:24:43.135+0000] {taskinstance.py:1304} INFO - Executing <Task(_PythonDecoratedOperator): generate_wrapped> on 2022-12-14 12:24:40.721491+00:00
[2022-12-14T12:24:43.140+0000] {standard_task_runner.py:55} INFO - Started process 27538 to run task
[2022-12-14T12:24:43.147+0000] {standard_task_runner.py:82} INFO - Running: ['***', 'tasks', 'run', 'weekly_wrapped_dag', 'generate_wrapped', 'manual__2022-12-14T12:24:40.721491+00:00', '--job-id', '84', '--raw', '--subdir', 'DAGS_FOLDER/weekly_dag.py', '--cfg-path', '/tmp/tmp018ljj_j']
[2022-12-14T12:24:43.148+0000] {standard_task_runner.py:83} INFO - Job 84: Subtask generate_wrapped
[2022-12-14T12:24:43.199+0000] {task_command.py:389} INFO - Running <TaskInstance: weekly_wrapped_dag.generate_wrapped manual__2022-12-14T12:24:40.721491+00:00 [running]> on host b92abc15fbab
[2022-12-14T12:24:43.254+0000] {taskinstance.py:1513} INFO - Exporting the following env vars:
AIRFLOW_CTX_DAG_OWNER=***
AIRFLOW_CTX_DAG_ID=weekly_wrapped_dag
AIRFLOW_CTX_TASK_ID=generate_wrapped
AIRFLOW_CTX_EXECUTION_DATE=2022-12-14T12:24:40.721491+00:00
AIRFLOW_CTX_TRY_NUMBER=1
AIRFLOW_CTX_DAG_RUN_ID=manual__2022-12-14T12:24:40.721491+00:00
[2022-12-14T12:24:43.263+0000] {base.py:73} INFO - Using connection ID 'spotify_etl' for task execution.
[2022-12-14T12:24:43.267+0000] {logging_mixin.py:137} INFO - "[[\"John Mayer\", 12], [\"Red Hot Chili Peppers\", 6], [\"Family of the Year\", 4]]"
[2022-12-14T12:24:43.268+0000] {python.py:177} INFO - Done. Returned value was: None
[2022-12-14T12:24:43.274+0000] {taskinstance.py:1327} INFO - Marking task as SUCCESS. dag_id=weekly_wrapped_dag, task_id=generate_wrapped, execution_date=20221214T122440, start_date=20221214T122443, end_date=20221214T122443
[2022-12-14T12:24:43.324+0000] {local_task_job.py:159} INFO - Task exited with return code 0
[2022-12-14T12:24:43.340+0000] {taskinstance.py:2582} INFO - 0 downstream tasks scheduled from follow-on schedule check
