[2022-12-16T01:51:14.327+0000] {taskinstance.py:1087} INFO - Dependencies all met for <TaskInstance: daily_spotify_dag.token_refresh_task scheduled__2022-12-14T00:00:00+00:00 [queued]>
[2022-12-16T01:51:14.386+0000] {taskinstance.py:1087} INFO - Dependencies all met for <TaskInstance: daily_spotify_dag.token_refresh_task scheduled__2022-12-14T00:00:00+00:00 [queued]>
[2022-12-16T01:51:14.390+0000] {taskinstance.py:1283} INFO - 
--------------------------------------------------------------------------------
[2022-12-16T01:51:14.391+0000] {taskinstance.py:1284} INFO - Starting attempt 1 of 1
[2022-12-16T01:51:14.393+0000] {taskinstance.py:1285} INFO - 
--------------------------------------------------------------------------------
[2022-12-16T01:51:14.451+0000] {taskinstance.py:1304} INFO - Executing <Task(PythonOperator): token_refresh_task> on 2022-12-14 00:00:00+00:00
[2022-12-16T01:51:14.478+0000] {standard_task_runner.py:55} INFO - Started process 367 to run task
[2022-12-16T01:51:14.504+0000] {standard_task_runner.py:82} INFO - Running: ['***', 'tasks', 'run', 'daily_spotify_dag', 'token_refresh_task', 'scheduled__2022-12-14T00:00:00+00:00', '--job-id', '7', '--raw', '--subdir', 'DAGS_FOLDER/daily_dag.py', '--cfg-path', '/tmp/tmpsqbpy45j']
[2022-12-16T01:51:14.510+0000] {standard_task_runner.py:83} INFO - Job 7: Subtask token_refresh_task
[2022-12-16T01:51:14.632+0000] {task_command.py:389} INFO - Running <TaskInstance: daily_spotify_dag.token_refresh_task scheduled__2022-12-14T00:00:00+00:00 [running]> on host 158c8f40aaa8
[2022-12-16T01:51:14.731+0000] {taskinstance.py:1513} INFO - Exporting the following env vars:
AIRFLOW_CTX_DAG_OWNER=***
AIRFLOW_CTX_DAG_ID=daily_spotify_dag
AIRFLOW_CTX_TASK_ID=token_refresh_task
AIRFLOW_CTX_EXECUTION_DATE=2022-12-14T00:00:00+00:00
AIRFLOW_CTX_TRY_NUMBER=1
AIRFLOW_CTX_DAG_RUN_ID=scheduled__2022-12-14T00:00:00+00:00
[2022-12-16T01:51:15.127+0000] {python.py:177} INFO - Done. Returned value was: BQCIk8W3x5l3V7FkvIFrrFOxIzkf-fSVo3Cav-5S4MUR9CGVveORQ0RUuR_FSzqI9ZUjum7Y4OND8l4jwkcJv5q9oLjCQAa8Wj3mBhXk9XDOyADQKNj0SKUEbJBvt9xdLAlQtq45XMJ4naVYtyx2XyTPK_ENYuruI2-SF6ip0C7V19J0EmJdgqmjtXPmdkkF2eEHuPcQEStNjYE
[2022-12-16T01:51:15.182+0000] {taskinstance.py:1327} INFO - Marking task as SUCCESS. dag_id=daily_spotify_dag, task_id=token_refresh_task, execution_date=20221214T000000, start_date=20221216T015114, end_date=20221216T015115
[2022-12-16T01:51:15.325+0000] {local_task_job.py:159} INFO - Task exited with return code 0
[2022-12-16T01:51:15.491+0000] {taskinstance.py:2582} INFO - 0 downstream tasks scheduled from follow-on schedule check
