[2022-12-14T10:13:11.574+0000] {taskinstance.py:1087} INFO - Dependencies all met for <TaskInstance: daily_spotify_etl.load_songs manual__2022-12-14T10:13:09.017437+00:00 [queued]>
[2022-12-14T10:13:11.580+0000] {taskinstance.py:1087} INFO - Dependencies all met for <TaskInstance: daily_spotify_etl.load_songs manual__2022-12-14T10:13:09.017437+00:00 [queued]>
[2022-12-14T10:13:11.581+0000] {taskinstance.py:1283} INFO - 
--------------------------------------------------------------------------------
[2022-12-14T10:13:11.581+0000] {taskinstance.py:1284} INFO - Starting attempt 1 of 1
[2022-12-14T10:13:11.582+0000] {taskinstance.py:1285} INFO - 
--------------------------------------------------------------------------------
[2022-12-14T10:13:11.589+0000] {taskinstance.py:1304} INFO - Executing <Task(_PythonDecoratedOperator): load_songs> on 2022-12-14 10:13:09.017437+00:00
[2022-12-14T10:13:11.594+0000] {standard_task_runner.py:55} INFO - Started process 18629 to run task
[2022-12-14T10:13:11.597+0000] {standard_task_runner.py:82} INFO - Running: ['***', 'tasks', 'run', 'daily_spotify_etl', 'load_songs', 'manual__2022-12-14T10:13:09.017437+00:00', '--job-id', '44', '--raw', '--subdir', 'DAGS_FOLDER/daily_dag.py', '--cfg-path', '/tmp/tmpqv3u_r7x']
[2022-12-14T10:13:11.601+0000] {standard_task_runner.py:83} INFO - Job 44: Subtask load_songs
[2022-12-14T10:13:11.636+0000] {task_command.py:389} INFO - Running <TaskInstance: daily_spotify_etl.load_songs manual__2022-12-14T10:13:09.017437+00:00 [running]> on host b92abc15fbab
[2022-12-14T10:13:11.680+0000] {taskinstance.py:1513} INFO - Exporting the following env vars:
AIRFLOW_CTX_DAG_OWNER=***
AIRFLOW_CTX_DAG_ID=daily_spotify_etl
AIRFLOW_CTX_TASK_ID=load_songs
AIRFLOW_CTX_EXECUTION_DATE=2022-12-14T10:13:09.017437+00:00
AIRFLOW_CTX_TRY_NUMBER=1
AIRFLOW_CTX_DAG_RUN_ID=manual__2022-12-14T10:13:09.017437+00:00
[2022-12-14T10:13:11.896+0000] {python.py:177} INFO - Done. Returned value was: None
[2022-12-14T10:13:11.909+0000] {taskinstance.py:1327} INFO - Marking task as SUCCESS. dag_id=daily_spotify_etl, task_id=load_songs, execution_date=20221214T101309, start_date=20221214T101311, end_date=20221214T101311
[2022-12-14T10:13:11.934+0000] {local_task_job.py:159} INFO - Task exited with return code 0
[2022-12-14T10:13:11.953+0000] {taskinstance.py:2582} INFO - 0 downstream tasks scheduled from follow-on schedule check
