[2022-12-16T02:05:52.281+0000] {taskinstance.py:1087} INFO - Dependencies all met for <TaskInstance: daily_spotify_dag.load_task manual__2022-12-16T02:05:40.517381+00:00 [queued]>
[2022-12-16T02:05:52.294+0000] {taskinstance.py:1087} INFO - Dependencies all met for <TaskInstance: daily_spotify_dag.load_task manual__2022-12-16T02:05:40.517381+00:00 [queued]>
[2022-12-16T02:05:52.295+0000] {taskinstance.py:1283} INFO - 
--------------------------------------------------------------------------------
[2022-12-16T02:05:52.296+0000] {taskinstance.py:1284} INFO - Starting attempt 1 of 1
[2022-12-16T02:05:52.298+0000] {taskinstance.py:1285} INFO - 
--------------------------------------------------------------------------------
[2022-12-16T02:05:52.312+0000] {taskinstance.py:1304} INFO - Executing <Task(PythonOperator): load_task> on 2022-12-16 02:05:40.517381+00:00
[2022-12-16T02:05:52.326+0000] {standard_task_runner.py:55} INFO - Started process 1466 to run task
[2022-12-16T02:05:52.332+0000] {standard_task_runner.py:82} INFO - Running: ['***', 'tasks', 'run', 'daily_spotify_dag', 'load_task', 'manual__2022-12-16T02:05:40.517381+00:00', '--job-id', '36', '--raw', '--subdir', 'DAGS_FOLDER/daily_dag.py', '--cfg-path', '/tmp/tmppxffgg0i']
[2022-12-16T02:05:52.335+0000] {standard_task_runner.py:83} INFO - Job 36: Subtask load_task
[2022-12-16T02:05:52.421+0000] {task_command.py:389} INFO - Running <TaskInstance: daily_spotify_dag.load_task manual__2022-12-16T02:05:40.517381+00:00 [running]> on host 158c8f40aaa8
[2022-12-16T02:05:52.540+0000] {taskinstance.py:1513} INFO - Exporting the following env vars:
AIRFLOW_CTX_DAG_OWNER=***
AIRFLOW_CTX_DAG_ID=daily_spotify_dag
AIRFLOW_CTX_TASK_ID=load_task
AIRFLOW_CTX_EXECUTION_DATE=2022-12-16T02:05:40.517381+00:00
AIRFLOW_CTX_TRY_NUMBER=1
AIRFLOW_CTX_DAG_RUN_ID=manual__2022-12-16T02:05:40.517381+00:00
[2022-12-16T02:05:52.596+0000] {logging_mixin.py:137} INFO - <class 'sqlalchemy.engine.base.Engine'>
[2022-12-16T02:05:52.601+0000] {logging_mixin.py:137} INFO - 600
[2022-12-16T02:05:52.631+0000] {base.py:73} INFO - Using connection ID 'spotify_etl' for task execution.
[2022-12-16T02:05:52.656+0000] {python.py:177} INFO - Done. Returned value was: None
[2022-12-16T02:05:52.665+0000] {taskinstance.py:1327} INFO - Marking task as SUCCESS. dag_id=daily_spotify_dag, task_id=load_task, execution_date=20221216T020540, start_date=20221216T020552, end_date=20221216T020552
[2022-12-16T02:05:52.709+0000] {local_task_job.py:159} INFO - Task exited with return code 0
[2022-12-16T02:05:52.728+0000] {taskinstance.py:2582} INFO - 0 downstream tasks scheduled from follow-on schedule check
