[2022-12-16T02:27:40.653+0000] {taskinstance.py:1087} INFO - Dependencies all met for <TaskInstance: weekly_wrapped_dag.send_wrapped_email manual__2022-12-16T02:27:37.145622+00:00 [queued]>
[2022-12-16T02:27:40.665+0000] {taskinstance.py:1087} INFO - Dependencies all met for <TaskInstance: weekly_wrapped_dag.send_wrapped_email manual__2022-12-16T02:27:37.145622+00:00 [queued]>
[2022-12-16T02:27:40.667+0000] {taskinstance.py:1283} INFO - 
--------------------------------------------------------------------------------
[2022-12-16T02:27:40.669+0000] {taskinstance.py:1284} INFO - Starting attempt 1 of 1
[2022-12-16T02:27:40.670+0000] {taskinstance.py:1285} INFO - 
--------------------------------------------------------------------------------
[2022-12-16T02:27:40.682+0000] {taskinstance.py:1304} INFO - Executing <Task(PythonOperator): send_wrapped_email> on 2022-12-16 02:27:37.145622+00:00
[2022-12-16T02:27:40.688+0000] {standard_task_runner.py:55} INFO - Started process 2989 to run task
[2022-12-16T02:27:40.693+0000] {standard_task_runner.py:82} INFO - Running: ['***', 'tasks', 'run', 'weekly_wrapped_dag', 'send_wrapped_email', 'manual__2022-12-16T02:27:37.145622+00:00', '--job-id', '46', '--raw', '--subdir', 'DAGS_FOLDER/weekly_dag.py', '--cfg-path', '/tmp/tmpb5i5tl0o']
[2022-12-16T02:27:40.697+0000] {standard_task_runner.py:83} INFO - Job 46: Subtask send_wrapped_email
[2022-12-16T02:27:40.771+0000] {task_command.py:389} INFO - Running <TaskInstance: weekly_wrapped_dag.send_wrapped_email manual__2022-12-16T02:27:37.145622+00:00 [running]> on host 158c8f40aaa8
[2022-12-16T02:27:40.815+0000] {taskinstance.py:1513} INFO - Exporting the following env vars:
AIRFLOW_CTX_DAG_OWNER=***
AIRFLOW_CTX_DAG_ID=weekly_wrapped_dag
AIRFLOW_CTX_TASK_ID=send_wrapped_email
AIRFLOW_CTX_EXECUTION_DATE=2022-12-16T02:27:37.145622+00:00
AIRFLOW_CTX_TRY_NUMBER=1
AIRFLOW_CTX_DAG_RUN_ID=manual__2022-12-16T02:27:37.145622+00:00
[2022-12-16T02:27:40.824+0000] {logging_mixin.py:137} INFO - [{"artist_name": "John Mayer", "count": 1128}, {"artist_name": "Colter Wall", "count": 48}, {"artist_name": "Red Hot Chili Peppers", "count": 24}] ganeshfutane3@gmail.com
[2022-12-16T02:27:40.831+0000] {base.py:73} INFO - Using connection ID 'spotify_etl' for task execution.
[2022-12-16T02:27:42.234+0000] {logging_mixin.py:137} INFO - 202
[2022-12-16T02:27:42.236+0000] {logging_mixin.py:137} INFO - b''
[2022-12-16T02:27:42.242+0000] {logging_mixin.py:137} INFO - Server: nginx
Date: Fri, 16 Dec 2022 02:27:42 GMT
Content-Length: 0
Connection: close
X-Message-Id: Z0lVsa_MTlSf9e_IhoYLPA
Access-Control-Allow-Origin: https://sendgrid.api-docs.io
Access-Control-Allow-Methods: POST
Access-Control-Allow-Headers: Authorization, Content-Type, On-behalf-of, x-sg-elas-acl
Access-Control-Max-Age: 600
X-No-CORS-Reason: https://sendgrid.com/docs/Classroom/Basics/API/cors.html
Strict-Transport-Security: max-age=600; includeSubDomains
[2022-12-16T02:27:42.244+0000] {python.py:177} INFO - Done. Returned value was: None
[2022-12-16T02:27:42.268+0000] {taskinstance.py:1327} INFO - Marking task as SUCCESS. dag_id=weekly_wrapped_dag, task_id=send_wrapped_email, execution_date=20221216T022737, start_date=20221216T022740, end_date=20221216T022742
[2022-12-16T02:27:42.336+0000] {local_task_job.py:159} INFO - Task exited with return code 0
[2022-12-16T02:27:42.361+0000] {taskinstance.py:2582} INFO - 0 downstream tasks scheduled from follow-on schedule check
