[2022-12-14T13:15:30.705+0000] {taskinstance.py:1087} INFO - Dependencies all met for <TaskInstance: weekly_wrapped_dag.create_wrapped_table manual__2022-12-14T13:15:25.606818+00:00 [queued]>
[2022-12-14T13:15:30.733+0000] {taskinstance.py:1087} INFO - Dependencies all met for <TaskInstance: weekly_wrapped_dag.create_wrapped_table manual__2022-12-14T13:15:25.606818+00:00 [queued]>
[2022-12-14T13:15:30.738+0000] {taskinstance.py:1283} INFO - 
--------------------------------------------------------------------------------
[2022-12-14T13:15:30.740+0000] {taskinstance.py:1284} INFO - Starting attempt 1 of 1
[2022-12-14T13:15:30.742+0000] {taskinstance.py:1285} INFO - 
--------------------------------------------------------------------------------
[2022-12-14T13:15:30.804+0000] {taskinstance.py:1304} INFO - Executing <Task(PostgresOperator): create_wrapped_table> on 2022-12-14 13:15:25.606818+00:00
[2022-12-14T13:15:30.825+0000] {standard_task_runner.py:55} INFO - Started process 31246 to run task
[2022-12-14T13:15:30.835+0000] {standard_task_runner.py:82} INFO - Running: ['***', 'tasks', 'run', 'weekly_wrapped_dag', 'create_wrapped_table', 'manual__2022-12-14T13:15:25.606818+00:00', '--job-id', '152', '--raw', '--subdir', 'DAGS_FOLDER/weekly_dag.py', '--cfg-path', '/tmp/tmpu7jiqkfg']
[2022-12-14T13:15:30.839+0000] {standard_task_runner.py:83} INFO - Job 152: Subtask create_wrapped_table
[2022-12-14T13:15:30.930+0000] {task_command.py:389} INFO - Running <TaskInstance: weekly_wrapped_dag.create_wrapped_table manual__2022-12-14T13:15:25.606818+00:00 [running]> on host b92abc15fbab
[2022-12-14T13:15:31.009+0000] {taskinstance.py:1513} INFO - Exporting the following env vars:
AIRFLOW_CTX_DAG_OWNER=***
AIRFLOW_CTX_DAG_ID=weekly_wrapped_dag
AIRFLOW_CTX_TASK_ID=create_wrapped_table
AIRFLOW_CTX_EXECUTION_DATE=2022-12-14T13:15:25.606818+00:00
AIRFLOW_CTX_TRY_NUMBER=1
AIRFLOW_CTX_DAG_RUN_ID=manual__2022-12-14T13:15:25.606818+00:00
[2022-12-14T13:15:31.012+0000] {sql.py:253} INFO - Executing: CREATE TABLE IF NOT EXISTS weekly_wrapped (
    user_id INTEGER REFERENCES users (id),
    wrapped JSON,
    time_added DATE DEFAULT CURRENT_DATE
);
[2022-12-14T13:15:31.021+0000] {base.py:73} INFO - Using connection ID 'spotify_etl' for task execution.
[2022-12-14T13:15:31.303+0000] {base.py:73} INFO - Using connection ID 'spotify_etl' for task execution.
[2022-12-14T13:15:31.311+0000] {sql.py:364} INFO - Running statement: CREATE TABLE IF NOT EXISTS weekly_wrapped (
    user_id INTEGER REFERENCES users (id),
    wrapped JSON,
    time_added DATE DEFAULT CURRENT_DATE
);, parameters: None
[2022-12-14T13:15:31.329+0000] {taskinstance.py:1327} INFO - Marking task as SUCCESS. dag_id=weekly_wrapped_dag, task_id=create_wrapped_table, execution_date=20221214T131525, start_date=20221214T131530, end_date=20221214T131531
[2022-12-14T13:15:31.426+0000] {local_task_job.py:159} INFO - Task exited with return code 0
[2022-12-14T13:15:31.471+0000] {taskinstance.py:2582} INFO - 1 downstream tasks scheduled from follow-on schedule check
