[2022-12-16T01:57:10.487+0000] {taskinstance.py:1087} INFO - Dependencies all met for <TaskInstance: daily_spotify_dag.token_refresh_task manual__2022-12-16T01:57:07+00:00 [queued]>
[2022-12-16T01:57:10.495+0000] {taskinstance.py:1087} INFO - Dependencies all met for <TaskInstance: daily_spotify_dag.token_refresh_task manual__2022-12-16T01:57:07+00:00 [queued]>
[2022-12-16T01:57:10.499+0000] {taskinstance.py:1283} INFO - 
--------------------------------------------------------------------------------
[2022-12-16T01:57:10.501+0000] {taskinstance.py:1284} INFO - Starting attempt 1 of 1
[2022-12-16T01:57:10.502+0000] {taskinstance.py:1285} INFO - 
--------------------------------------------------------------------------------
[2022-12-16T01:57:10.515+0000] {taskinstance.py:1304} INFO - Executing <Task(PythonOperator): token_refresh_task> on 2022-12-16 01:57:07+00:00
[2022-12-16T01:57:10.529+0000] {standard_task_runner.py:55} INFO - Started process 828 to run task
[2022-12-16T01:57:10.545+0000] {standard_task_runner.py:82} INFO - Running: ['***', 'tasks', 'run', 'daily_spotify_dag', 'token_refresh_task', 'manual__2022-12-16T01:57:07+00:00', '--job-id', '25', '--raw', '--subdir', 'DAGS_FOLDER/daily_dag.py', '--cfg-path', '/tmp/tmpg_lft2ef']
[2022-12-16T01:57:10.553+0000] {standard_task_runner.py:83} INFO - Job 25: Subtask token_refresh_task
[2022-12-16T01:57:10.666+0000] {task_command.py:389} INFO - Running <TaskInstance: daily_spotify_dag.token_refresh_task manual__2022-12-16T01:57:07+00:00 [running]> on host 158c8f40aaa8
[2022-12-16T01:57:10.794+0000] {taskinstance.py:1513} INFO - Exporting the following env vars:
AIRFLOW_CTX_DAG_OWNER=***
AIRFLOW_CTX_DAG_ID=daily_spotify_dag
AIRFLOW_CTX_TASK_ID=token_refresh_task
AIRFLOW_CTX_EXECUTION_DATE=2022-12-16T01:57:07+00:00
AIRFLOW_CTX_TRY_NUMBER=1
AIRFLOW_CTX_DAG_RUN_ID=manual__2022-12-16T01:57:07+00:00
[2022-12-16T01:57:11.079+0000] {python.py:177} INFO - Done. Returned value was: BQD7nJptZGz_x1bGyPidpBNfPBKHhrLB3WS7JmOud6nOiw0g0ueJZnnRXjYS66G2a5Ui5PPl0jxl-3_fQIAXl0iU92EeQaGrqUUJRX975YAh8-ukFFrEuuxk9dHL-wS9_iNoZhlkOpSUPIL2O0v1sB-OptcwT7fByUcIsWX3lvxB14qRdkSIKz32nqk3eqmD_xeEJQMTrV1XD_U
[2022-12-16T01:57:11.125+0000] {taskinstance.py:1327} INFO - Marking task as SUCCESS. dag_id=daily_spotify_dag, task_id=token_refresh_task, execution_date=20221216T015707, start_date=20221216T015710, end_date=20221216T015711
[2022-12-16T01:57:11.198+0000] {local_task_job.py:159} INFO - Task exited with return code 0
[2022-12-16T01:57:11.270+0000] {taskinstance.py:2582} INFO - 0 downstream tasks scheduled from follow-on schedule check
