[2022-12-14T12:32:34.628+0000] {taskinstance.py:1087} INFO - Dependencies all met for <TaskInstance: weekly_wrapped_dag.create_wrapped_table manual__2022-12-14T12:32:33.372156+00:00 [queued]>
[2022-12-14T12:32:34.637+0000] {taskinstance.py:1087} INFO - Dependencies all met for <TaskInstance: weekly_wrapped_dag.create_wrapped_table manual__2022-12-14T12:32:33.372156+00:00 [queued]>
[2022-12-14T12:32:34.638+0000] {taskinstance.py:1283} INFO - 
--------------------------------------------------------------------------------
[2022-12-14T12:32:34.638+0000] {taskinstance.py:1284} INFO - Starting attempt 1 of 1
[2022-12-14T12:32:34.639+0000] {taskinstance.py:1285} INFO - 
--------------------------------------------------------------------------------
[2022-12-14T12:32:34.648+0000] {taskinstance.py:1304} INFO - Executing <Task(PostgresOperator): create_wrapped_table> on 2022-12-14 12:32:33.372156+00:00
[2022-12-14T12:32:34.656+0000] {standard_task_runner.py:55} INFO - Started process 28092 to run task
[2022-12-14T12:32:34.659+0000] {standard_task_runner.py:82} INFO - Running: ['***', 'tasks', 'run', 'weekly_wrapped_dag', 'create_wrapped_table', 'manual__2022-12-14T12:32:33.372156+00:00', '--job-id', '93', '--raw', '--subdir', 'DAGS_FOLDER/weekly_dag.py', '--cfg-path', '/tmp/tmpvewbm_12']
[2022-12-14T12:32:34.661+0000] {standard_task_runner.py:83} INFO - Job 93: Subtask create_wrapped_table
[2022-12-14T12:32:34.709+0000] {task_command.py:389} INFO - Running <TaskInstance: weekly_wrapped_dag.create_wrapped_table manual__2022-12-14T12:32:33.372156+00:00 [running]> on host b92abc15fbab
[2022-12-14T12:32:34.783+0000] {taskinstance.py:1513} INFO - Exporting the following env vars:
AIRFLOW_CTX_DAG_OWNER=***
AIRFLOW_CTX_DAG_ID=weekly_wrapped_dag
AIRFLOW_CTX_TASK_ID=create_wrapped_table
AIRFLOW_CTX_EXECUTION_DATE=2022-12-14T12:32:33.372156+00:00
AIRFLOW_CTX_TRY_NUMBER=1
AIRFLOW_CTX_DAG_RUN_ID=manual__2022-12-14T12:32:33.372156+00:00
[2022-12-14T12:32:34.785+0000] {sql.py:253} INFO - Executing: CREATE TABLE IF NOT EXISTS weekly_wrapped (
    user_id INTEGER REFERENCES users (id),
    wrapped JSON
);
[2022-12-14T12:32:34.792+0000] {base.py:73} INFO - Using connection ID 'spotify_etl' for task execution.
[2022-12-14T12:32:34.912+0000] {base.py:73} INFO - Using connection ID 'spotify_etl' for task execution.
[2022-12-14T12:32:34.917+0000] {sql.py:364} INFO - Running statement: CREATE TABLE IF NOT EXISTS weekly_wrapped (
    user_id INTEGER REFERENCES users (id),
    wrapped JSON
);, parameters: None
[2022-12-14T12:32:34.926+0000] {taskinstance.py:1327} INFO - Marking task as SUCCESS. dag_id=weekly_wrapped_dag, task_id=create_wrapped_table, execution_date=20221214T123233, start_date=20221214T123234, end_date=20221214T123234
[2022-12-14T12:32:34.957+0000] {local_task_job.py:159} INFO - Task exited with return code 0
[2022-12-14T12:32:34.976+0000] {taskinstance.py:2582} INFO - 1 downstream tasks scheduled from follow-on schedule check
