[2022-12-15T11:12:28.428+0000] {taskinstance.py:1087} INFO - Dependencies all met for <TaskInstance: weekly_wrapped_dag.create_wrapped_table manual__2022-12-15T11:12:26.318070+00:00 [queued]>
[2022-12-15T11:12:28.451+0000] {taskinstance.py:1087} INFO - Dependencies all met for <TaskInstance: weekly_wrapped_dag.create_wrapped_table manual__2022-12-15T11:12:26.318070+00:00 [queued]>
[2022-12-15T11:12:28.453+0000] {taskinstance.py:1283} INFO - 
--------------------------------------------------------------------------------
[2022-12-15T11:12:28.454+0000] {taskinstance.py:1284} INFO - Starting attempt 1 of 1
[2022-12-15T11:12:28.455+0000] {taskinstance.py:1285} INFO - 
--------------------------------------------------------------------------------
[2022-12-15T11:12:28.480+0000] {taskinstance.py:1304} INFO - Executing <Task(PostgresOperator): create_wrapped_table> on 2022-12-15 11:12:26.318070+00:00
[2022-12-15T11:12:28.492+0000] {standard_task_runner.py:55} INFO - Started process 7933 to run task
[2022-12-15T11:12:28.503+0000] {standard_task_runner.py:82} INFO - Running: ['***', 'tasks', 'run', 'weekly_wrapped_dag', 'create_wrapped_table', 'manual__2022-12-15T11:12:26.318070+00:00', '--job-id', '214', '--raw', '--subdir', 'DAGS_FOLDER/weekly_dag.py', '--cfg-path', '/tmp/tmp2uao0rwb']
[2022-12-15T11:12:28.508+0000] {standard_task_runner.py:83} INFO - Job 214: Subtask create_wrapped_table
[2022-12-15T11:12:28.681+0000] {task_command.py:389} INFO - Running <TaskInstance: weekly_wrapped_dag.create_wrapped_table manual__2022-12-15T11:12:26.318070+00:00 [running]> on host 27e6a783ec0c
[2022-12-15T11:12:28.904+0000] {taskinstance.py:1513} INFO - Exporting the following env vars:
AIRFLOW_CTX_DAG_OWNER=***
AIRFLOW_CTX_DAG_ID=weekly_wrapped_dag
AIRFLOW_CTX_TASK_ID=create_wrapped_table
AIRFLOW_CTX_EXECUTION_DATE=2022-12-15T11:12:26.318070+00:00
AIRFLOW_CTX_TRY_NUMBER=1
AIRFLOW_CTX_DAG_RUN_ID=manual__2022-12-15T11:12:26.318070+00:00
[2022-12-15T11:12:28.917+0000] {sql.py:253} INFO - Executing: CREATE TABLE IF NOT EXISTS weekly_wrapped (
    user_id INTEGER REFERENCES users (id),
    wrapped JSON,
    time_added DATE DEFAULT CURRENT_DATE
);
[2022-12-15T11:12:28.945+0000] {base.py:73} INFO - Using connection ID 'spotify_etl' for task execution.
[2022-12-15T11:12:29.269+0000] {base.py:73} INFO - Using connection ID 'spotify_etl' for task execution.
[2022-12-15T11:12:29.291+0000] {sql.py:364} INFO - Running statement: CREATE TABLE IF NOT EXISTS weekly_wrapped (
    user_id INTEGER REFERENCES users (id),
    wrapped JSON,
    time_added DATE DEFAULT CURRENT_DATE
);, parameters: None
[2022-12-15T11:12:29.326+0000] {taskinstance.py:1327} INFO - Marking task as SUCCESS. dag_id=weekly_wrapped_dag, task_id=create_wrapped_table, execution_date=20221215T111226, start_date=20221215T111228, end_date=20221215T111229
[2022-12-15T11:12:29.485+0000] {local_task_job.py:159} INFO - Task exited with return code 0
[2022-12-15T11:12:29.592+0000] {taskinstance.py:2582} INFO - 1 downstream tasks scheduled from follow-on schedule check
