[2022-12-14T09:38:46.209+0000] {taskinstance.py:1087} INFO - Dependencies all met for <TaskInstance: daily_spotify_etl.create_history_table manual__2022-12-14T09:38:43.657116+00:00 [queued]>
[2022-12-14T09:38:46.218+0000] {taskinstance.py:1087} INFO - Dependencies all met for <TaskInstance: daily_spotify_etl.create_history_table manual__2022-12-14T09:38:43.657116+00:00 [queued]>
[2022-12-14T09:38:46.219+0000] {taskinstance.py:1283} INFO - 
--------------------------------------------------------------------------------
[2022-12-14T09:38:46.219+0000] {taskinstance.py:1284} INFO - Starting attempt 1 of 1
[2022-12-14T09:38:46.220+0000] {taskinstance.py:1285} INFO - 
--------------------------------------------------------------------------------
[2022-12-14T09:38:46.230+0000] {taskinstance.py:1304} INFO - Executing <Task(PostgresOperator): create_history_table> on 2022-12-14 09:38:43.657116+00:00
[2022-12-14T09:38:46.240+0000] {standard_task_runner.py:55} INFO - Started process 16134 to run task
[2022-12-14T09:38:46.244+0000] {standard_task_runner.py:82} INFO - Running: ['***', 'tasks', 'run', 'daily_spotify_etl', 'create_history_table', 'manual__2022-12-14T09:38:43.657116+00:00', '--job-id', '21', '--raw', '--subdir', 'DAGS_FOLDER/daily_dag.py', '--cfg-path', '/tmp/tmp8vuacv31']
[2022-12-14T09:38:46.250+0000] {standard_task_runner.py:83} INFO - Job 21: Subtask create_history_table
[2022-12-14T09:38:46.309+0000] {task_command.py:389} INFO - Running <TaskInstance: daily_spotify_etl.create_history_table manual__2022-12-14T09:38:43.657116+00:00 [running]> on host b92abc15fbab
[2022-12-14T09:38:46.350+0000] {taskinstance.py:1513} INFO - Exporting the following env vars:
AIRFLOW_CTX_DAG_OWNER=***
AIRFLOW_CTX_DAG_ID=daily_spotify_etl
AIRFLOW_CTX_TASK_ID=create_history_table
AIRFLOW_CTX_EXECUTION_DATE=2022-12-14T09:38:43.657116+00:00
AIRFLOW_CTX_TRY_NUMBER=1
AIRFLOW_CTX_DAG_RUN_ID=manual__2022-12-14T09:38:43.657116+00:00
[2022-12-14T09:38:46.352+0000] {sql.py:253} INFO - Executing: CREATE TABLE IF NOT EXISTS history (
    user_id INTEGER REFERENCES users (id),
    name TEXT,
    played_at TIMESTAMPTZ,
    album_name TEXT,
    artist_name TEXT
);
[2022-12-14T09:38:46.360+0000] {base.py:73} INFO - Using connection ID 'spotify_etl' for task execution.
[2022-12-14T09:38:46.492+0000] {base.py:73} INFO - Using connection ID 'spotify_etl' for task execution.
[2022-12-14T09:38:46.496+0000] {sql.py:364} INFO - Running statement: CREATE TABLE IF NOT EXISTS history (
    user_id INTEGER REFERENCES users (id),
    name TEXT,
    played_at TIMESTAMPTZ,
    album_name TEXT,
    artist_name TEXT
);, parameters: None
[2022-12-14T09:38:46.513+0000] {taskinstance.py:1327} INFO - Marking task as SUCCESS. dag_id=daily_spotify_etl, task_id=create_history_table, execution_date=20221214T093843, start_date=20221214T093846, end_date=20221214T093846
[2022-12-14T09:38:46.544+0000] {local_task_job.py:159} INFO - Task exited with return code 0
[2022-12-14T09:38:46.560+0000] {taskinstance.py:2582} INFO - 1 downstream tasks scheduled from follow-on schedule check
