[2022-12-14T09:52:03.043+0000] {taskinstance.py:1087} INFO - Dependencies all met for <TaskInstance: daily_spotify_etl.load_songs manual__2022-12-14T09:51:58.892754+00:00 [queued]>
[2022-12-14T09:52:03.049+0000] {taskinstance.py:1087} INFO - Dependencies all met for <TaskInstance: daily_spotify_etl.load_songs manual__2022-12-14T09:51:58.892754+00:00 [queued]>
[2022-12-14T09:52:03.049+0000] {taskinstance.py:1283} INFO - 
--------------------------------------------------------------------------------
[2022-12-14T09:52:03.050+0000] {taskinstance.py:1284} INFO - Starting attempt 1 of 1
[2022-12-14T09:52:03.050+0000] {taskinstance.py:1285} INFO - 
--------------------------------------------------------------------------------
[2022-12-14T09:52:03.057+0000] {taskinstance.py:1304} INFO - Executing <Task(_PythonDecoratedOperator): load_songs> on 2022-12-14 09:51:58.892754+00:00
[2022-12-14T09:52:03.065+0000] {standard_task_runner.py:55} INFO - Started process 17115 to run task
[2022-12-14T09:52:03.068+0000] {standard_task_runner.py:82} INFO - Running: ['***', 'tasks', 'run', 'daily_spotify_etl', 'load_songs', 'manual__2022-12-14T09:51:58.892754+00:00', '--job-id', '26', '--raw', '--subdir', 'DAGS_FOLDER/daily_dag.py', '--cfg-path', '/tmp/tmpkxubj87l']
[2022-12-14T09:52:03.072+0000] {standard_task_runner.py:83} INFO - Job 26: Subtask load_songs
[2022-12-14T09:52:03.132+0000] {task_command.py:389} INFO - Running <TaskInstance: daily_spotify_etl.load_songs manual__2022-12-14T09:51:58.892754+00:00 [running]> on host b92abc15fbab
[2022-12-14T09:52:03.181+0000] {taskinstance.py:1513} INFO - Exporting the following env vars:
AIRFLOW_CTX_DAG_OWNER=***
AIRFLOW_CTX_DAG_ID=daily_spotify_etl
AIRFLOW_CTX_TASK_ID=load_songs
AIRFLOW_CTX_EXECUTION_DATE=2022-12-14T09:51:58.892754+00:00
AIRFLOW_CTX_TRY_NUMBER=1
AIRFLOW_CTX_DAG_RUN_ID=manual__2022-12-14T09:51:58.892754+00:00
[2022-12-14T09:52:03.460+0000] {logging_mixin.py:137} INFO - Getting songs for 1671011523459 slot 0
[2022-12-14T09:52:03.736+0000] {logging_mixin.py:137} INFO - Getting songs for 1671011516259 slot 1
[2022-12-14T09:52:03.976+0000] {logging_mixin.py:137} INFO - Getting songs for 1671011509059 slot 2
[2022-12-14T09:52:04.228+0000] {logging_mixin.py:137} INFO - Getting songs for 1671011501859 slot 3
[2022-12-14T09:52:04.464+0000] {logging_mixin.py:137} INFO - Getting songs for 1671011494659 slot 4
[2022-12-14T09:52:04.715+0000] {logging_mixin.py:137} INFO - Getting songs for 1671011487459 slot 5
[2022-12-14T09:52:04.953+0000] {logging_mixin.py:137} INFO - Getting songs for 1671011480259 slot 6
[2022-12-14T09:52:05.185+0000] {logging_mixin.py:137} INFO - Getting songs for 1671011473059 slot 7
[2022-12-14T09:52:06.818+0000] {logging_mixin.py:137} INFO - Getting songs for 1671011465859 slot 8
[2022-12-14T09:52:07.044+0000] {logging_mixin.py:137} INFO - Getting songs for 1671011458659 slot 9
[2022-12-14T09:52:07.275+0000] {logging_mixin.py:137} INFO - Getting songs for 1671011451459 slot 10
[2022-12-14T09:52:07.511+0000] {logging_mixin.py:137} INFO - Getting songs for 1671011444259 slot 11
[2022-12-14T09:52:07.786+0000] {base.py:73} INFO - Using connection ID 'spotify_etl' for task execution.
[2022-12-14T09:52:07.810+0000] {logging_mixin.py:137} INFO - Execution failed on sql 'SELECT name FROM sqlite_master WHERE type='table' AND name=?;': relation "sqlite_master" does not exist
LINE 1: SELECT name FROM sqlite_master WHERE type='table' AND name=?...
                         ^
[2022-12-14T09:52:07.815+0000] {python.py:177} INFO - Done. Returned value was: None
[2022-12-14T09:52:07.828+0000] {taskinstance.py:1327} INFO - Marking task as SUCCESS. dag_id=daily_spotify_etl, task_id=load_songs, execution_date=20221214T095158, start_date=20221214T095203, end_date=20221214T095207
[2022-12-14T09:52:07.891+0000] {local_task_job.py:159} INFO - Task exited with return code 0
[2022-12-14T09:52:07.932+0000] {taskinstance.py:2582} INFO - 0 downstream tasks scheduled from follow-on schedule check
