[2022-12-14T10:32:59.152+0000] {taskinstance.py:1087} INFO - Dependencies all met for <TaskInstance: daily_spotify_etl.load_songs manual__2022-12-14T10:32:52.241804+00:00 [queued]>
[2022-12-14T10:32:59.173+0000] {taskinstance.py:1087} INFO - Dependencies all met for <TaskInstance: daily_spotify_etl.load_songs manual__2022-12-14T10:32:52.241804+00:00 [queued]>
[2022-12-14T10:32:59.176+0000] {taskinstance.py:1283} INFO - 
--------------------------------------------------------------------------------
[2022-12-14T10:32:59.179+0000] {taskinstance.py:1284} INFO - Starting attempt 1 of 1
[2022-12-14T10:32:59.181+0000] {taskinstance.py:1285} INFO - 
--------------------------------------------------------------------------------
[2022-12-14T10:32:59.219+0000] {taskinstance.py:1304} INFO - Executing <Task(_PythonDecoratedOperator): load_songs> on 2022-12-14 10:32:52.241804+00:00
[2022-12-14T10:32:59.246+0000] {standard_task_runner.py:55} INFO - Started process 20025 to run task
[2022-12-14T10:32:59.262+0000] {standard_task_runner.py:82} INFO - Running: ['***', 'tasks', 'run', 'daily_spotify_etl', 'load_songs', 'manual__2022-12-14T10:32:52.241804+00:00', '--job-id', '58', '--raw', '--subdir', 'DAGS_FOLDER/daily_dag.py', '--cfg-path', '/tmp/tmpqkcguno3']
[2022-12-14T10:32:59.268+0000] {standard_task_runner.py:83} INFO - Job 58: Subtask load_songs
[2022-12-14T10:32:59.433+0000] {task_command.py:389} INFO - Running <TaskInstance: daily_spotify_etl.load_songs manual__2022-12-14T10:32:52.241804+00:00 [running]> on host b92abc15fbab
[2022-12-14T10:32:59.579+0000] {taskinstance.py:1513} INFO - Exporting the following env vars:
AIRFLOW_CTX_DAG_OWNER=***
AIRFLOW_CTX_DAG_ID=daily_spotify_etl
AIRFLOW_CTX_TASK_ID=load_songs
AIRFLOW_CTX_EXECUTION_DATE=2022-12-14T10:32:52.241804+00:00
AIRFLOW_CTX_TRY_NUMBER=1
AIRFLOW_CTX_DAG_RUN_ID=manual__2022-12-14T10:32:52.241804+00:00
[2022-12-14T10:32:59.895+0000] {logging_mixin.py:137} INFO - Token Refreshed
[2022-12-14T10:32:59.897+0000] {logging_mixin.py:137} INFO - Running Daily Task
[2022-12-14T10:32:59.898+0000] {logging_mixin.py:137} INFO - Getting songs for 1671013979898 slot 0
[2022-12-14T10:33:00.172+0000] {logging_mixin.py:137} INFO - Getting songs for 1671013972698 slot 1
[2022-12-14T10:33:00.412+0000] {logging_mixin.py:137} INFO - Getting songs for 1671013965498 slot 2
[2022-12-14T10:33:00.652+0000] {logging_mixin.py:137} INFO - Getting songs for 1671013958298 slot 3
[2022-12-14T10:33:00.864+0000] {logging_mixin.py:137} INFO - Getting songs for 1671013951098 slot 4
[2022-12-14T10:33:01.089+0000] {logging_mixin.py:137} INFO - Getting songs for 1671013943898 slot 5
[2022-12-14T10:33:01.304+0000] {logging_mixin.py:137} INFO - Getting songs for 1671013936698 slot 6
[2022-12-14T10:33:01.526+0000] {logging_mixin.py:137} INFO - Getting songs for 1671013929498 slot 7
[2022-12-14T10:33:02.488+0000] {logging_mixin.py:137} INFO - Getting songs for 1671013922298 slot 8
[2022-12-14T10:33:02.743+0000] {logging_mixin.py:137} INFO - Getting songs for 1671013915098 slot 9
[2022-12-14T10:33:02.978+0000] {logging_mixin.py:137} INFO - Getting songs for 1671013907898 slot 10
[2022-12-14T10:33:03.233+0000] {logging_mixin.py:137} INFO - Getting songs for 1671013900698 slot 11
[2022-12-14T10:33:03.518+0000] {base.py:73} INFO - Using connection ID 'spotify_etl' for task execution.
[2022-12-14T10:33:03.527+0000] {logging_mixin.py:137} INFO - <class 'sqlalchemy.engine.base.Engine'>
[2022-12-14T10:33:03.528+0000] {logging_mixin.py:137} INFO - 50
[2022-12-14T10:33:03.536+0000] {logging_mixin.py:137} INFO - 'psycopg2.extensions.connection' object is not callable
[2022-12-14T10:33:03.537+0000] {python.py:177} INFO - Done. Returned value was: None
[2022-12-14T10:33:03.560+0000] {taskinstance.py:1327} INFO - Marking task as SUCCESS. dag_id=daily_spotify_etl, task_id=load_songs, execution_date=20221214T103252, start_date=20221214T103259, end_date=20221214T103303
[2022-12-14T10:33:03.729+0000] {local_task_job.py:159} INFO - Task exited with return code 0
[2022-12-14T10:33:03.790+0000] {taskinstance.py:2582} INFO - 0 downstream tasks scheduled from follow-on schedule check
