[2022-12-16T01:54:41.524+0000] {taskinstance.py:1087} INFO - Dependencies all met for <TaskInstance: daily_spotify_dag.token_refresh_task manual__2022-12-16T01:54:37+00:00 [queued]>
[2022-12-16T01:54:41.537+0000] {taskinstance.py:1087} INFO - Dependencies all met for <TaskInstance: daily_spotify_dag.token_refresh_task manual__2022-12-16T01:54:37+00:00 [queued]>
[2022-12-16T01:54:41.538+0000] {taskinstance.py:1283} INFO - 
--------------------------------------------------------------------------------
[2022-12-16T01:54:41.540+0000] {taskinstance.py:1284} INFO - Starting attempt 1 of 1
[2022-12-16T01:54:41.542+0000] {taskinstance.py:1285} INFO - 
--------------------------------------------------------------------------------
[2022-12-16T01:54:41.556+0000] {taskinstance.py:1304} INFO - Executing <Task(PythonOperator): token_refresh_task> on 2022-12-16 01:54:37+00:00
[2022-12-16T01:54:41.564+0000] {standard_task_runner.py:55} INFO - Started process 626 to run task
[2022-12-16T01:54:41.579+0000] {standard_task_runner.py:82} INFO - Running: ['***', 'tasks', 'run', 'daily_spotify_dag', 'token_refresh_task', 'manual__2022-12-16T01:54:37+00:00', '--job-id', '17', '--raw', '--subdir', 'DAGS_FOLDER/daily_dag.py', '--cfg-path', '/tmp/tmphtf8vcdd']
[2022-12-16T01:54:41.586+0000] {standard_task_runner.py:83} INFO - Job 17: Subtask token_refresh_task
[2022-12-16T01:54:41.764+0000] {task_command.py:389} INFO - Running <TaskInstance: daily_spotify_dag.token_refresh_task manual__2022-12-16T01:54:37+00:00 [running]> on host 158c8f40aaa8
[2022-12-16T01:54:41.871+0000] {taskinstance.py:1513} INFO - Exporting the following env vars:
AIRFLOW_CTX_DAG_OWNER=***
AIRFLOW_CTX_DAG_ID=daily_spotify_dag
AIRFLOW_CTX_TASK_ID=token_refresh_task
AIRFLOW_CTX_EXECUTION_DATE=2022-12-16T01:54:37+00:00
AIRFLOW_CTX_TRY_NUMBER=1
AIRFLOW_CTX_DAG_RUN_ID=manual__2022-12-16T01:54:37+00:00
[2022-12-16T01:54:42.096+0000] {python.py:177} INFO - Done. Returned value was: BQDJjGBtixDFuL5_Lfgahmg5PhfBXLMezfybI5KxQ8BbtByCPDQ5Zkv4SeU-aZTfnkI9QIK4ZwJnGUXA1srMHnXxb8oTyq22gIEa4Z1GmtJjveMbIK29wo1E2WQEsIXklmFoOvRwqQGnc9HqLf4axBA4QlLKm2Mbaas9fMds9jLy9plqpxWayT42bWQwGzbO2incwNAzCwyLlZ4
[2022-12-16T01:54:42.124+0000] {taskinstance.py:1327} INFO - Marking task as SUCCESS. dag_id=daily_spotify_dag, task_id=token_refresh_task, execution_date=20221216T015437, start_date=20221216T015441, end_date=20221216T015442
[2022-12-16T01:54:42.156+0000] {local_task_job.py:159} INFO - Task exited with return code 0
[2022-12-16T01:54:42.198+0000] {taskinstance.py:2582} INFO - 0 downstream tasks scheduled from follow-on schedule check
