[2022-12-16T02:05:50.037+0000] {taskinstance.py:1087} INFO - Dependencies all met for <TaskInstance: daily_spotify_dag.token_refresh_task manual__2022-12-16T02:05:46+00:00 [queued]>
[2022-12-16T02:05:50.056+0000] {taskinstance.py:1087} INFO - Dependencies all met for <TaskInstance: daily_spotify_dag.token_refresh_task manual__2022-12-16T02:05:46+00:00 [queued]>
[2022-12-16T02:05:50.058+0000] {taskinstance.py:1283} INFO - 
--------------------------------------------------------------------------------
[2022-12-16T02:05:50.059+0000] {taskinstance.py:1284} INFO - Starting attempt 1 of 1
[2022-12-16T02:05:50.061+0000] {taskinstance.py:1285} INFO - 
--------------------------------------------------------------------------------
[2022-12-16T02:05:50.085+0000] {taskinstance.py:1304} INFO - Executing <Task(PythonOperator): token_refresh_task> on 2022-12-16 02:05:46+00:00
[2022-12-16T02:05:50.093+0000] {standard_task_runner.py:55} INFO - Started process 1461 to run task
[2022-12-16T02:05:50.105+0000] {standard_task_runner.py:82} INFO - Running: ['***', 'tasks', 'run', 'daily_spotify_dag', 'token_refresh_task', 'manual__2022-12-16T02:05:46+00:00', '--job-id', '34', '--raw', '--subdir', 'DAGS_FOLDER/daily_dag.py', '--cfg-path', '/tmp/tmpt6i3c6ix']
[2022-12-16T02:05:50.110+0000] {standard_task_runner.py:83} INFO - Job 34: Subtask token_refresh_task
[2022-12-16T02:05:50.313+0000] {task_command.py:389} INFO - Running <TaskInstance: daily_spotify_dag.token_refresh_task manual__2022-12-16T02:05:46+00:00 [running]> on host 158c8f40aaa8
[2022-12-16T02:05:50.558+0000] {taskinstance.py:1513} INFO - Exporting the following env vars:
AIRFLOW_CTX_DAG_OWNER=***
AIRFLOW_CTX_DAG_ID=daily_spotify_dag
AIRFLOW_CTX_TASK_ID=token_refresh_task
AIRFLOW_CTX_EXECUTION_DATE=2022-12-16T02:05:46+00:00
AIRFLOW_CTX_TRY_NUMBER=1
AIRFLOW_CTX_DAG_RUN_ID=manual__2022-12-16T02:05:46+00:00
[2022-12-16T02:05:50.826+0000] {python.py:177} INFO - Done. Returned value was: BQCAytxoSY4f8tievHjKVdox3_1S6NWKhCOjfu_M79YBIxzfjLoZe4Z6KLrgu5TaO08v6MfV8rNZ2EdI_B4B1cwEoQ7ddkBbleP1Lrct1Q9EpCSWpoTbRxhW0_1twgbeCGsD6bNc1WAetPppjOnWgLeMdeiz2BQ_xRPWQ2_K64lLSso-_0dEyx1BC-2aHcbjdtthTmKHtuECqrE
[2022-12-16T02:05:50.871+0000] {taskinstance.py:1327} INFO - Marking task as SUCCESS. dag_id=daily_spotify_dag, task_id=token_refresh_task, execution_date=20221216T020546, start_date=20221216T020550, end_date=20221216T020550
[2022-12-16T02:05:50.925+0000] {local_task_job.py:159} INFO - Task exited with return code 0
[2022-12-16T02:05:51.011+0000] {taskinstance.py:2582} INFO - 1 downstream tasks scheduled from follow-on schedule check
