[2022-12-16T02:28:43.725+0000] {taskinstance.py:1087} INFO - Dependencies all met for <TaskInstance: daily_spotify_dag.load_task manual__2022-12-16T02:28:29.114842+00:00 [queued]>
[2022-12-16T02:28:43.733+0000] {taskinstance.py:1087} INFO - Dependencies all met for <TaskInstance: daily_spotify_dag.load_task manual__2022-12-16T02:28:29.114842+00:00 [queued]>
[2022-12-16T02:28:43.734+0000] {taskinstance.py:1283} INFO - 
--------------------------------------------------------------------------------
[2022-12-16T02:28:43.735+0000] {taskinstance.py:1284} INFO - Starting attempt 1 of 1
[2022-12-16T02:28:43.736+0000] {taskinstance.py:1285} INFO - 
--------------------------------------------------------------------------------
[2022-12-16T02:28:43.746+0000] {taskinstance.py:1304} INFO - Executing <Task(PythonOperator): load_task> on 2022-12-16 02:28:29.114842+00:00
[2022-12-16T02:28:43.752+0000] {standard_task_runner.py:55} INFO - Started process 3086 to run task
[2022-12-16T02:28:43.761+0000] {standard_task_runner.py:82} INFO - Running: ['***', 'tasks', 'run', 'daily_spotify_dag', 'load_task', 'manual__2022-12-16T02:28:29.114842+00:00', '--job-id', '51', '--raw', '--subdir', 'DAGS_FOLDER/daily_dag.py', '--cfg-path', '/tmp/tmpgar2gbk_']
[2022-12-16T02:28:43.765+0000] {standard_task_runner.py:83} INFO - Job 51: Subtask load_task
[2022-12-16T02:28:43.854+0000] {task_command.py:389} INFO - Running <TaskInstance: daily_spotify_dag.load_task manual__2022-12-16T02:28:29.114842+00:00 [running]> on host 158c8f40aaa8
[2022-12-16T02:28:43.916+0000] {taskinstance.py:1513} INFO - Exporting the following env vars:
AIRFLOW_CTX_DAG_OWNER=***
AIRFLOW_CTX_DAG_ID=daily_spotify_dag
AIRFLOW_CTX_TASK_ID=load_task
AIRFLOW_CTX_EXECUTION_DATE=2022-12-16T02:28:29.114842+00:00
AIRFLOW_CTX_TRY_NUMBER=1
AIRFLOW_CTX_DAG_RUN_ID=manual__2022-12-16T02:28:29.114842+00:00
[2022-12-16T02:28:43.944+0000] {logging_mixin.py:137} INFO - <class 'sqlalchemy.engine.base.Engine'>
[2022-12-16T02:28:43.946+0000] {logging_mixin.py:137} INFO - 600
[2022-12-16T02:28:43.960+0000] {base.py:73} INFO - Using connection ID 'spotify_etl' for task execution.
[2022-12-16T02:28:43.993+0000] {python.py:177} INFO - Done. Returned value was: None
[2022-12-16T02:28:44.008+0000] {taskinstance.py:1327} INFO - Marking task as SUCCESS. dag_id=daily_spotify_dag, task_id=load_task, execution_date=20221216T022829, start_date=20221216T022843, end_date=20221216T022844
[2022-12-16T02:28:44.054+0000] {local_task_job.py:159} INFO - Task exited with return code 0
[2022-12-16T02:28:44.076+0000] {taskinstance.py:2582} INFO - 0 downstream tasks scheduled from follow-on schedule check
