[2022-12-14T10:02:28.534+0000] {taskinstance.py:1087} INFO - Dependencies all met for <TaskInstance: daily_spotify_etl.load_songs manual__2022-12-14T10:02:23.736071+00:00 [queued]>
[2022-12-14T10:02:28.543+0000] {taskinstance.py:1087} INFO - Dependencies all met for <TaskInstance: daily_spotify_etl.load_songs manual__2022-12-14T10:02:23.736071+00:00 [queued]>
[2022-12-14T10:02:28.544+0000] {taskinstance.py:1283} INFO - 
--------------------------------------------------------------------------------
[2022-12-14T10:02:28.544+0000] {taskinstance.py:1284} INFO - Starting attempt 1 of 1
[2022-12-14T10:02:28.545+0000] {taskinstance.py:1285} INFO - 
--------------------------------------------------------------------------------
[2022-12-14T10:02:28.555+0000] {taskinstance.py:1304} INFO - Executing <Task(_PythonDecoratedOperator): load_songs> on 2022-12-14 10:02:23.736071+00:00
[2022-12-14T10:02:28.562+0000] {standard_task_runner.py:55} INFO - Started process 17873 to run task
[2022-12-14T10:02:28.566+0000] {standard_task_runner.py:82} INFO - Running: ['***', 'tasks', 'run', 'daily_spotify_etl', 'load_songs', 'manual__2022-12-14T10:02:23.736071+00:00', '--job-id', '32', '--raw', '--subdir', 'DAGS_FOLDER/daily_dag.py', '--cfg-path', '/tmp/tmpd9a8khj8']
[2022-12-14T10:02:28.570+0000] {standard_task_runner.py:83} INFO - Job 32: Subtask load_songs
[2022-12-14T10:02:28.629+0000] {task_command.py:389} INFO - Running <TaskInstance: daily_spotify_etl.load_songs manual__2022-12-14T10:02:23.736071+00:00 [running]> on host b92abc15fbab
[2022-12-14T10:02:28.676+0000] {taskinstance.py:1513} INFO - Exporting the following env vars:
AIRFLOW_CTX_DAG_OWNER=***
AIRFLOW_CTX_DAG_ID=daily_spotify_etl
AIRFLOW_CTX_TASK_ID=load_songs
AIRFLOW_CTX_EXECUTION_DATE=2022-12-14T10:02:23.736071+00:00
AIRFLOW_CTX_TRY_NUMBER=1
AIRFLOW_CTX_DAG_RUN_ID=manual__2022-12-14T10:02:23.736071+00:00
[2022-12-14T10:02:29.035+0000] {logging_mixin.py:137} INFO - Getting songs for 1671012149035 slot 0
[2022-12-14T10:02:29.299+0000] {logging_mixin.py:137} INFO - Getting songs for 1671012141835 slot 1
[2022-12-14T10:02:29.535+0000] {logging_mixin.py:137} INFO - Getting songs for 1671012134635 slot 2
[2022-12-14T10:02:29.743+0000] {logging_mixin.py:137} INFO - Getting songs for 1671012127435 slot 3
[2022-12-14T10:02:29.969+0000] {logging_mixin.py:137} INFO - Getting songs for 1671012120235 slot 4
[2022-12-14T10:02:30.182+0000] {logging_mixin.py:137} INFO - Getting songs for 1671012113035 slot 5
[2022-12-14T10:02:30.400+0000] {logging_mixin.py:137} INFO - Getting songs for 1671012105835 slot 6
[2022-12-14T10:02:30.659+0000] {logging_mixin.py:137} INFO - Getting songs for 1671012098635 slot 7
[2022-12-14T10:02:32.006+0000] {logging_mixin.py:137} INFO - Getting songs for 1671012091435 slot 8
[2022-12-14T10:02:32.242+0000] {logging_mixin.py:137} INFO - Getting songs for 1671012084235 slot 9
[2022-12-14T10:02:32.474+0000] {logging_mixin.py:137} INFO - Getting songs for 1671012077035 slot 10
[2022-12-14T10:02:32.710+0000] {logging_mixin.py:137} INFO - Getting songs for 1671012069835 slot 11
[2022-12-14T10:02:32.977+0000] {base.py:73} INFO - Using connection ID 'spotify_etl' for task execution.
[2022-12-14T10:02:32.984+0000] {logging_mixin.py:137} INFO - <class 'psycopg2.extensions.connection'>
[2022-12-14T10:02:32.996+0000] {logging_mixin.py:137} INFO - Execution failed on sql 'SELECT name FROM sqlite_master WHERE type='table' AND name=?;': relation "sqlite_master" does not exist
LINE 1: SELECT name FROM sqlite_master WHERE type='table' AND name=?...
                         ^
[2022-12-14T10:02:32.997+0000] {python.py:177} INFO - Done. Returned value was: None
[2022-12-14T10:02:33.012+0000] {taskinstance.py:1327} INFO - Marking task as SUCCESS. dag_id=daily_spotify_etl, task_id=load_songs, execution_date=20221214T100223, start_date=20221214T100228, end_date=20221214T100233
[2022-12-14T10:02:33.070+0000] {local_task_job.py:159} INFO - Task exited with return code 0
[2022-12-14T10:02:33.117+0000] {taskinstance.py:2582} INFO - 0 downstream tasks scheduled from follow-on schedule check
