[2022-12-14T12:32:41.952+0000] {taskinstance.py:1087} INFO - Dependencies all met for <TaskInstance: weekly_wrapped_dag.generate_wrapped manual__2022-12-14T12:32:37.560849+00:00 [queued]>
[2022-12-14T12:32:41.965+0000] {taskinstance.py:1087} INFO - Dependencies all met for <TaskInstance: weekly_wrapped_dag.generate_wrapped manual__2022-12-14T12:32:37.560849+00:00 [queued]>
[2022-12-14T12:32:41.982+0000] {taskinstance.py:1283} INFO - 
--------------------------------------------------------------------------------
[2022-12-14T12:32:41.983+0000] {taskinstance.py:1284} INFO - Starting attempt 1 of 1
[2022-12-14T12:32:41.984+0000] {taskinstance.py:1285} INFO - 
--------------------------------------------------------------------------------
[2022-12-14T12:32:41.995+0000] {taskinstance.py:1304} INFO - Executing <Task(_PythonDecoratedOperator): generate_wrapped> on 2022-12-14 12:32:37.560849+00:00
[2022-12-14T12:32:42.007+0000] {standard_task_runner.py:55} INFO - Started process 28112 to run task
[2022-12-14T12:32:42.011+0000] {standard_task_runner.py:82} INFO - Running: ['***', 'tasks', 'run', 'weekly_wrapped_dag', 'generate_wrapped', 'manual__2022-12-14T12:32:37.560849+00:00', '--job-id', '96', '--raw', '--subdir', 'DAGS_FOLDER/weekly_dag.py', '--cfg-path', '/tmp/tmpmks6y90x']
[2022-12-14T12:32:42.013+0000] {standard_task_runner.py:83} INFO - Job 96: Subtask generate_wrapped
[2022-12-14T12:32:42.069+0000] {task_command.py:389} INFO - Running <TaskInstance: weekly_wrapped_dag.generate_wrapped manual__2022-12-14T12:32:37.560849+00:00 [running]> on host b92abc15fbab
[2022-12-14T12:32:42.115+0000] {taskinstance.py:1513} INFO - Exporting the following env vars:
AIRFLOW_CTX_DAG_OWNER=***
AIRFLOW_CTX_DAG_ID=weekly_wrapped_dag
AIRFLOW_CTX_TASK_ID=generate_wrapped
AIRFLOW_CTX_EXECUTION_DATE=2022-12-14T12:32:37.560849+00:00
AIRFLOW_CTX_TRY_NUMBER=1
AIRFLOW_CTX_DAG_RUN_ID=manual__2022-12-14T12:32:37.560849+00:00
[2022-12-14T12:32:42.123+0000] {base.py:73} INFO - Using connection ID 'spotify_etl' for task execution.
[2022-12-14T12:32:42.128+0000] {logging_mixin.py:137} INFO - [["John Mayer", 12], ["Red Hot Chili Peppers", 6], ["Family of the Year", 4]]
[2022-12-14T12:32:42.128+0000] {taskinstance.py:1772} ERROR - Task failed with exception
Traceback (most recent call last):
  File "/home/airflow/.local/lib/python3.7/site-packages/airflow/decorators/base.py", line 217, in execute
    return_value = super().execute(context)
  File "/home/airflow/.local/lib/python3.7/site-packages/airflow/operators/python.py", line 175, in execute
    return_value = self.execute_callable()
  File "/home/airflow/.local/lib/python3.7/site-packages/airflow/operators/python.py", line 192, in execute_callable
    return self.python_callable(*self.op_args, **self.op_kwargs)
  File "/opt/airflow/dags/weekly_dag.py", line 58, in generate_wrapped
    "played" : artist[1]
IndexError: string index out of range
[2022-12-14T12:32:42.136+0000] {taskinstance.py:1327} INFO - Marking task as FAILED. dag_id=weekly_wrapped_dag, task_id=generate_wrapped, execution_date=20221214T123237, start_date=20221214T123241, end_date=20221214T123242
[2022-12-14T12:32:42.143+0000] {standard_task_runner.py:105} ERROR - Failed to execute job 96 for task generate_wrapped (string index out of range; 28112)
[2022-12-14T12:32:42.190+0000] {local_task_job.py:159} INFO - Task exited with return code 1
[2022-12-14T12:32:42.246+0000] {taskinstance.py:2582} INFO - 0 downstream tasks scheduled from follow-on schedule check
