[2022-12-16T01:51:14.234+0000] {taskinstance.py:1087} INFO - Dependencies all met for <TaskInstance: daily_spotify_dag.token_refresh_task manual__2022-12-16T01:51:03.711380+00:00 [queued]>
[2022-12-16T01:51:14.276+0000] {taskinstance.py:1087} INFO - Dependencies all met for <TaskInstance: daily_spotify_dag.token_refresh_task manual__2022-12-16T01:51:03.711380+00:00 [queued]>
[2022-12-16T01:51:14.277+0000] {taskinstance.py:1283} INFO - 
--------------------------------------------------------------------------------
[2022-12-16T01:51:14.280+0000] {taskinstance.py:1284} INFO - Starting attempt 1 of 1
[2022-12-16T01:51:14.283+0000] {taskinstance.py:1285} INFO - 
--------------------------------------------------------------------------------
[2022-12-16T01:51:14.358+0000] {taskinstance.py:1304} INFO - Executing <Task(PythonOperator): token_refresh_task> on 2022-12-16 01:51:03.711380+00:00
[2022-12-16T01:51:14.378+0000] {standard_task_runner.py:55} INFO - Started process 366 to run task
[2022-12-16T01:51:14.413+0000] {standard_task_runner.py:82} INFO - Running: ['***', 'tasks', 'run', 'daily_spotify_dag', 'token_refresh_task', 'manual__2022-12-16T01:51:03.711380+00:00', '--job-id', '6', '--raw', '--subdir', 'DAGS_FOLDER/daily_dag.py', '--cfg-path', '/tmp/tmpualweb49']
[2022-12-16T01:51:14.425+0000] {standard_task_runner.py:83} INFO - Job 6: Subtask token_refresh_task
[2022-12-16T01:51:14.573+0000] {task_command.py:389} INFO - Running <TaskInstance: daily_spotify_dag.token_refresh_task manual__2022-12-16T01:51:03.711380+00:00 [running]> on host 158c8f40aaa8
[2022-12-16T01:51:14.694+0000] {taskinstance.py:1513} INFO - Exporting the following env vars:
AIRFLOW_CTX_DAG_OWNER=***
AIRFLOW_CTX_DAG_ID=daily_spotify_dag
AIRFLOW_CTX_TASK_ID=token_refresh_task
AIRFLOW_CTX_EXECUTION_DATE=2022-12-16T01:51:03.711380+00:00
AIRFLOW_CTX_TRY_NUMBER=1
AIRFLOW_CTX_DAG_RUN_ID=manual__2022-12-16T01:51:03.711380+00:00
[2022-12-16T01:51:15.108+0000] {python.py:177} INFO - Done. Returned value was: BQAZx9VIbFmhbiBdQJ4-ypAxXl1yY5V6yGxdw8QijhlYxw7ka1HYfS-MrpIGVf1hrpoLxl-5IGht4jMffLFlSRN5vEZkKD9_JV0PeRrjutZsKQqFTti3gim4eKjpan2BJS0lsQB9C6ubC5aCNPOOi5FERDj86tHkucr4WIH0QMAxPSGvATt9GK5H90xypHMBdRuLK1L1nSAFh_M
[2022-12-16T01:51:15.143+0000] {taskinstance.py:1327} INFO - Marking task as SUCCESS. dag_id=daily_spotify_dag, task_id=token_refresh_task, execution_date=20221216T015103, start_date=20221216T015114, end_date=20221216T015115
[2022-12-16T01:51:15.239+0000] {local_task_job.py:159} INFO - Task exited with return code 0
[2022-12-16T01:51:15.390+0000] {taskinstance.py:2582} INFO - 0 downstream tasks scheduled from follow-on schedule check
