[2022-12-14T10:38:17.635+0000] {taskinstance.py:1087} INFO - Dependencies all met for <TaskInstance: daily_spotify_etl.create_history_table manual__2022-12-14T10:38:12+00:00 [queued]>
[2022-12-14T10:38:17.666+0000] {taskinstance.py:1087} INFO - Dependencies all met for <TaskInstance: daily_spotify_etl.create_history_table manual__2022-12-14T10:38:12+00:00 [queued]>
[2022-12-14T10:38:17.670+0000] {taskinstance.py:1283} INFO - 
--------------------------------------------------------------------------------
[2022-12-14T10:38:17.674+0000] {taskinstance.py:1284} INFO - Starting attempt 1 of 1
[2022-12-14T10:38:17.676+0000] {taskinstance.py:1285} INFO - 
--------------------------------------------------------------------------------
[2022-12-14T10:38:17.705+0000] {taskinstance.py:1304} INFO - Executing <Task(PostgresOperator): create_history_table> on 2022-12-14 10:38:12+00:00
[2022-12-14T10:38:17.747+0000] {standard_task_runner.py:55} INFO - Started process 20414 to run task
[2022-12-14T10:38:17.768+0000] {standard_task_runner.py:82} INFO - Running: ['***', 'tasks', 'run', 'daily_spotify_etl', 'create_history_table', 'manual__2022-12-14T10:38:12+00:00', '--job-id', '65', '--raw', '--subdir', 'DAGS_FOLDER/daily_dag.py', '--cfg-path', '/tmp/tmpa6hk7y6e']
[2022-12-14T10:38:17.783+0000] {standard_task_runner.py:83} INFO - Job 65: Subtask create_history_table
[2022-12-14T10:38:17.933+0000] {task_command.py:389} INFO - Running <TaskInstance: daily_spotify_etl.create_history_table manual__2022-12-14T10:38:12+00:00 [running]> on host b92abc15fbab
[2022-12-14T10:38:18.081+0000] {taskinstance.py:1513} INFO - Exporting the following env vars:
AIRFLOW_CTX_DAG_OWNER=***
AIRFLOW_CTX_DAG_ID=daily_spotify_etl
AIRFLOW_CTX_TASK_ID=create_history_table
AIRFLOW_CTX_EXECUTION_DATE=2022-12-14T10:38:12+00:00
AIRFLOW_CTX_TRY_NUMBER=1
AIRFLOW_CTX_DAG_RUN_ID=manual__2022-12-14T10:38:12+00:00
[2022-12-14T10:38:18.103+0000] {sql.py:253} INFO - Executing: CREATE TABLE IF NOT EXISTS history (
    user_id INTEGER REFERENCES users (id),
    name TEXT,
    played_at TIMESTAMPTZ,
    album_name TEXT,
    artist_name TEXT
);
[2022-12-14T10:38:18.125+0000] {base.py:73} INFO - Using connection ID 'spotify_etl' for task execution.
[2022-12-14T10:38:18.842+0000] {base.py:73} INFO - Using connection ID 'spotify_etl' for task execution.
[2022-12-14T10:38:18.885+0000] {sql.py:364} INFO - Running statement: CREATE TABLE IF NOT EXISTS history (
    user_id INTEGER REFERENCES users (id),
    name TEXT,
    played_at TIMESTAMPTZ,
    album_name TEXT,
    artist_name TEXT
);, parameters: None
[2022-12-14T10:38:18.966+0000] {taskinstance.py:1327} INFO - Marking task as SUCCESS. dag_id=daily_spotify_etl, task_id=create_history_table, execution_date=20221214T103812, start_date=20221214T103817, end_date=20221214T103818
[2022-12-14T10:38:19.182+0000] {local_task_job.py:159} INFO - Task exited with return code 0
[2022-12-14T10:38:19.294+0000] {taskinstance.py:2582} INFO - 1 downstream tasks scheduled from follow-on schedule check
