[2022-12-16T01:51:14.725+0000] {taskinstance.py:1087} INFO - Dependencies all met for <TaskInstance: daily_spotify_dag.token_refresh_task scheduled__2022-12-15T00:00:00+00:00 [queued]>
[2022-12-16T01:51:14.745+0000] {taskinstance.py:1087} INFO - Dependencies all met for <TaskInstance: daily_spotify_dag.token_refresh_task scheduled__2022-12-15T00:00:00+00:00 [queued]>
[2022-12-16T01:51:14.746+0000] {taskinstance.py:1283} INFO - 
--------------------------------------------------------------------------------
[2022-12-16T01:51:14.748+0000] {taskinstance.py:1284} INFO - Starting attempt 1 of 1
[2022-12-16T01:51:14.748+0000] {taskinstance.py:1285} INFO - 
--------------------------------------------------------------------------------
[2022-12-16T01:51:14.771+0000] {taskinstance.py:1304} INFO - Executing <Task(PythonOperator): token_refresh_task> on 2022-12-15 00:00:00+00:00
[2022-12-16T01:51:14.780+0000] {standard_task_runner.py:55} INFO - Started process 368 to run task
[2022-12-16T01:51:14.786+0000] {standard_task_runner.py:82} INFO - Running: ['***', 'tasks', 'run', 'daily_spotify_dag', 'token_refresh_task', 'scheduled__2022-12-15T00:00:00+00:00', '--job-id', '8', '--raw', '--subdir', 'DAGS_FOLDER/daily_dag.py', '--cfg-path', '/tmp/tmpb5ihhs33']
[2022-12-16T01:51:14.790+0000] {standard_task_runner.py:83} INFO - Job 8: Subtask token_refresh_task
[2022-12-16T01:51:14.883+0000] {task_command.py:389} INFO - Running <TaskInstance: daily_spotify_dag.token_refresh_task scheduled__2022-12-15T00:00:00+00:00 [running]> on host 158c8f40aaa8
[2022-12-16T01:51:14.971+0000] {taskinstance.py:1513} INFO - Exporting the following env vars:
AIRFLOW_CTX_DAG_OWNER=***
AIRFLOW_CTX_DAG_ID=daily_spotify_dag
AIRFLOW_CTX_TASK_ID=token_refresh_task
AIRFLOW_CTX_EXECUTION_DATE=2022-12-15T00:00:00+00:00
AIRFLOW_CTX_TRY_NUMBER=1
AIRFLOW_CTX_DAG_RUN_ID=scheduled__2022-12-15T00:00:00+00:00
[2022-12-16T01:51:15.277+0000] {python.py:177} INFO - Done. Returned value was: BQCN8li0P7JlR58G1u_efvM-ZY4AC4naq9UD3l70xp5IJPNzLyB1BQDmQ_XCBgC_hoZgHJ9KK0VsHwz7PQOtvL7M2hETW5NTyLG4m3euIuGIBMnTPLKoCzALUxMciK0gpbNlHtQ92JgrBEDiAtHqueC5AwML1lW0WbB8IV7QOw5tUFcBWl0Ul6g3bobHJE4vc42P9OWXBnNIMlk
[2022-12-16T01:51:15.415+0000] {taskinstance.py:1327} INFO - Marking task as SUCCESS. dag_id=daily_spotify_dag, task_id=token_refresh_task, execution_date=20221215T000000, start_date=20221216T015114, end_date=20221216T015115
[2022-12-16T01:51:15.628+0000] {local_task_job.py:159} INFO - Task exited with return code 0
[2022-12-16T01:51:15.737+0000] {taskinstance.py:2582} INFO - 0 downstream tasks scheduled from follow-on schedule check
