[2022-12-14T09:36:50.832+0000] {taskinstance.py:1087} INFO - Dependencies all met for <TaskInstance: daily_spotify_etl.load_songs manual__2022-12-14T09:36:42.733599+00:00 [queued]>
[2022-12-14T09:36:50.876+0000] {taskinstance.py:1087} INFO - Dependencies all met for <TaskInstance: daily_spotify_etl.load_songs manual__2022-12-14T09:36:42.733599+00:00 [queued]>
[2022-12-14T09:36:50.883+0000] {taskinstance.py:1283} INFO - 
--------------------------------------------------------------------------------
[2022-12-14T09:36:50.893+0000] {taskinstance.py:1284} INFO - Starting attempt 1 of 1
[2022-12-14T09:36:50.898+0000] {taskinstance.py:1285} INFO - 
--------------------------------------------------------------------------------
[2022-12-14T09:36:50.967+0000] {taskinstance.py:1304} INFO - Executing <Task(_PythonDecoratedOperator): load_songs> on 2022-12-14 09:36:42.733599+00:00
[2022-12-14T09:36:51.065+0000] {standard_task_runner.py:55} INFO - Started process 15997 to run task
[2022-12-14T09:36:51.105+0000] {standard_task_runner.py:82} INFO - Running: ['***', 'tasks', 'run', 'daily_spotify_etl', 'load_songs', 'manual__2022-12-14T09:36:42.733599+00:00', '--job-id', '20', '--raw', '--subdir', 'DAGS_FOLDER/daily_dag.py', '--cfg-path', '/tmp/tmpwppx6qqe']
[2022-12-14T09:36:51.129+0000] {standard_task_runner.py:83} INFO - Job 20: Subtask load_songs
[2022-12-14T09:36:51.399+0000] {task_command.py:389} INFO - Running <TaskInstance: daily_spotify_etl.load_songs manual__2022-12-14T09:36:42.733599+00:00 [running]> on host b92abc15fbab
[2022-12-14T09:36:51.476+0000] {taskinstance.py:1513} INFO - Exporting the following env vars:
AIRFLOW_CTX_DAG_OWNER=***
AIRFLOW_CTX_DAG_ID=daily_spotify_etl
AIRFLOW_CTX_TASK_ID=load_songs
AIRFLOW_CTX_EXECUTION_DATE=2022-12-14T09:36:42.733599+00:00
AIRFLOW_CTX_TRY_NUMBER=1
AIRFLOW_CTX_DAG_RUN_ID=manual__2022-12-14T09:36:42.733599+00:00
[2022-12-14T09:36:51.852+0000] {python.py:177} INFO - Done. Returned value was: None
[2022-12-14T09:36:51.861+0000] {taskinstance.py:1327} INFO - Marking task as SUCCESS. dag_id=daily_spotify_etl, task_id=load_songs, execution_date=20221214T093642, start_date=20221214T093650, end_date=20221214T093651
[2022-12-14T09:36:51.915+0000] {local_task_job.py:159} INFO - Task exited with return code 0
[2022-12-14T09:36:51.955+0000] {taskinstance.py:2582} INFO - 0 downstream tasks scheduled from follow-on schedule check
