[2022-12-15T09:55:39.165+0000] {taskinstance.py:1087} INFO - Dependencies all met for <TaskInstance: weekly_wrapped_dag.generate_wrapped manual__2022-12-15T09:55:34+00:00 [queued]>
[2022-12-15T09:55:39.178+0000] {taskinstance.py:1087} INFO - Dependencies all met for <TaskInstance: weekly_wrapped_dag.generate_wrapped manual__2022-12-15T09:55:34+00:00 [queued]>
[2022-12-15T09:55:39.179+0000] {taskinstance.py:1283} INFO - 
--------------------------------------------------------------------------------
[2022-12-15T09:55:39.181+0000] {taskinstance.py:1284} INFO - Starting attempt 1 of 1
[2022-12-15T09:55:39.184+0000] {taskinstance.py:1285} INFO - 
--------------------------------------------------------------------------------
[2022-12-15T09:55:39.198+0000] {taskinstance.py:1304} INFO - Executing <Task(_PythonDecoratedOperator): generate_wrapped> on 2022-12-15 09:55:34+00:00
[2022-12-15T09:55:39.208+0000] {standard_task_runner.py:55} INFO - Started process 2322 to run task
[2022-12-15T09:55:39.212+0000] {standard_task_runner.py:82} INFO - Running: ['***', 'tasks', 'run', 'weekly_wrapped_dag', 'generate_wrapped', 'manual__2022-12-15T09:55:34+00:00', '--job-id', '191', '--raw', '--subdir', 'DAGS_FOLDER/weekly_dag.py', '--cfg-path', '/tmp/tmpfk0mmz5i']
[2022-12-15T09:55:39.213+0000] {standard_task_runner.py:83} INFO - Job 191: Subtask generate_wrapped
[2022-12-15T09:55:39.273+0000] {task_command.py:389} INFO - Running <TaskInstance: weekly_wrapped_dag.generate_wrapped manual__2022-12-15T09:55:34+00:00 [running]> on host 27e6a783ec0c
[2022-12-15T09:55:39.309+0000] {taskinstance.py:1513} INFO - Exporting the following env vars:
AIRFLOW_CTX_DAG_OWNER=***
AIRFLOW_CTX_DAG_ID=weekly_wrapped_dag
AIRFLOW_CTX_TASK_ID=generate_wrapped
AIRFLOW_CTX_EXECUTION_DATE=2022-12-15T09:55:34+00:00
AIRFLOW_CTX_TRY_NUMBER=1
AIRFLOW_CTX_DAG_RUN_ID=manual__2022-12-15T09:55:34+00:00
[2022-12-15T09:55:39.315+0000] {base.py:73} INFO - Using connection ID 'spotify_etl' for task execution.
[2022-12-15T09:55:39.318+0000] {logging_mixin.py:137} INFO - [{'artist_name': 'John Mayer', 'count': 36}, {'artist_name': 'Red Hot Chili Peppers', 'count': 18}, {'artist_name': 'Bob Dylan', 'count': 12}]
[2022-12-15T09:55:39.318+0000] {logging_mixin.py:137} INFO - {"artist_name": "John Mayer", "count": 36}
[2022-12-15T09:55:39.320+0000] {python.py:177} INFO - Done. Returned value was: ('{"artist_name": "John Mayer", "count": 36}', 'ganeshfutane3@gmail.com')
[2022-12-15T09:55:39.331+0000] {taskinstance.py:1327} INFO - Marking task as SUCCESS. dag_id=weekly_wrapped_dag, task_id=generate_wrapped, execution_date=20221215T095534, start_date=20221215T095539, end_date=20221215T095539
[2022-12-15T09:55:39.344+0000] {local_task_job.py:159} INFO - Task exited with return code 0
[2022-12-15T09:55:39.358+0000] {taskinstance.py:2582} INFO - 1 downstream tasks scheduled from follow-on schedule check
