[2022-12-14T08:49:05.767+0000] {taskinstance.py:1087} INFO - Dependencies all met for <TaskInstance: daily_spotify_etl.refresh_access_token manual__2022-12-14T08:49:01.954471+00:00 [queued]>
[2022-12-14T08:49:05.777+0000] {taskinstance.py:1087} INFO - Dependencies all met for <TaskInstance: daily_spotify_etl.refresh_access_token manual__2022-12-14T08:49:01.954471+00:00 [queued]>
[2022-12-14T08:49:05.779+0000] {taskinstance.py:1283} INFO - 
--------------------------------------------------------------------------------
[2022-12-14T08:49:05.780+0000] {taskinstance.py:1284} INFO - Starting attempt 1 of 1
[2022-12-14T08:49:05.782+0000] {taskinstance.py:1285} INFO - 
--------------------------------------------------------------------------------
[2022-12-14T08:49:05.790+0000] {taskinstance.py:1304} INFO - Executing <Task(_PythonDecoratedOperator): refresh_access_token> on 2022-12-14 08:49:01.954471+00:00
[2022-12-14T08:49:05.798+0000] {standard_task_runner.py:55} INFO - Started process 12534 to run task
[2022-12-14T08:49:05.803+0000] {standard_task_runner.py:82} INFO - Running: ['***', 'tasks', 'run', 'daily_spotify_etl', 'refresh_access_token', 'manual__2022-12-14T08:49:01.954471+00:00', '--job-id', '18', '--raw', '--subdir', 'DAGS_FOLDER/daily_dag.py', '--cfg-path', '/tmp/tmp8_nryo8m']
[2022-12-14T08:49:05.805+0000] {standard_task_runner.py:83} INFO - Job 18: Subtask refresh_access_token
[2022-12-14T08:49:05.848+0000] {task_command.py:389} INFO - Running <TaskInstance: daily_spotify_etl.refresh_access_token manual__2022-12-14T08:49:01.954471+00:00 [running]> on host b92abc15fbab
[2022-12-14T08:49:05.893+0000] {taskinstance.py:1513} INFO - Exporting the following env vars:
AIRFLOW_CTX_DAG_OWNER=***
AIRFLOW_CTX_DAG_ID=daily_spotify_etl
AIRFLOW_CTX_TASK_ID=refresh_access_token
AIRFLOW_CTX_EXECUTION_DATE=2022-12-14T08:49:01.954471+00:00
AIRFLOW_CTX_TRY_NUMBER=1
AIRFLOW_CTX_DAG_RUN_ID=manual__2022-12-14T08:49:01.954471+00:00
[2022-12-14T08:49:06.124+0000] {logging_mixin.py:137} INFO - 200
[2022-12-14T08:49:06.126+0000] {python.py:177} INFO - Done. Returned value was: None
[2022-12-14T08:49:06.134+0000] {taskinstance.py:1327} INFO - Marking task as SUCCESS. dag_id=daily_spotify_etl, task_id=refresh_access_token, execution_date=20221214T084901, start_date=20221214T084905, end_date=20221214T084906
[2022-12-14T08:49:06.186+0000] {local_task_job.py:159} INFO - Task exited with return code 0
[2022-12-14T08:49:06.206+0000] {taskinstance.py:2582} INFO - 0 downstream tasks scheduled from follow-on schedule check
