[2022-12-16T02:28:33.284+0000] {taskinstance.py:1087} INFO - Dependencies all met for <TaskInstance: daily_spotify_dag.token_refresh_task manual__2022-12-16T02:28:29.114842+00:00 [queued]>
[2022-12-16T02:28:33.308+0000] {taskinstance.py:1087} INFO - Dependencies all met for <TaskInstance: daily_spotify_dag.token_refresh_task manual__2022-12-16T02:28:29.114842+00:00 [queued]>
[2022-12-16T02:28:33.311+0000] {taskinstance.py:1283} INFO - 
--------------------------------------------------------------------------------
[2022-12-16T02:28:33.315+0000] {taskinstance.py:1284} INFO - Starting attempt 1 of 1
[2022-12-16T02:28:33.317+0000] {taskinstance.py:1285} INFO - 
--------------------------------------------------------------------------------
[2022-12-16T02:28:33.348+0000] {taskinstance.py:1304} INFO - Executing <Task(PythonOperator): token_refresh_task> on 2022-12-16 02:28:29.114842+00:00
[2022-12-16T02:28:33.357+0000] {standard_task_runner.py:55} INFO - Started process 3062 to run task
[2022-12-16T02:28:33.368+0000] {standard_task_runner.py:82} INFO - Running: ['***', 'tasks', 'run', 'daily_spotify_dag', 'token_refresh_task', 'manual__2022-12-16T02:28:29.114842+00:00', '--job-id', '47', '--raw', '--subdir', 'DAGS_FOLDER/daily_dag.py', '--cfg-path', '/tmp/tmpazu01nkg']
[2022-12-16T02:28:33.371+0000] {standard_task_runner.py:83} INFO - Job 47: Subtask token_refresh_task
[2022-12-16T02:28:33.577+0000] {task_command.py:389} INFO - Running <TaskInstance: daily_spotify_dag.token_refresh_task manual__2022-12-16T02:28:29.114842+00:00 [running]> on host 158c8f40aaa8
[2022-12-16T02:28:33.702+0000] {taskinstance.py:1513} INFO - Exporting the following env vars:
AIRFLOW_CTX_DAG_OWNER=***
AIRFLOW_CTX_DAG_ID=daily_spotify_dag
AIRFLOW_CTX_TASK_ID=token_refresh_task
AIRFLOW_CTX_EXECUTION_DATE=2022-12-16T02:28:29.114842+00:00
AIRFLOW_CTX_TRY_NUMBER=1
AIRFLOW_CTX_DAG_RUN_ID=manual__2022-12-16T02:28:29.114842+00:00
[2022-12-16T02:28:33.980+0000] {python.py:177} INFO - Done. Returned value was: BQAHsTMdCnZ4MMGN3n18sihmgJhGsQNXoShI7NrBd-CTV0YYiZNsYTrzlQE0-hkIiMAIrb4j-c0f3mf9el9PjpnUEhwr9nrOuJJAbfmh-z-fxvUrMK-Wh8G2r_hbrdxlHYGrycsJVkRT3M6C63M7T5mrxDZZKGHVoCOGq8QgyMRuFFAekSQRk1qzPIQ5BtGXUougfEVESVrohpY
[2022-12-16T02:28:34.011+0000] {taskinstance.py:1327} INFO - Marking task as SUCCESS. dag_id=daily_spotify_dag, task_id=token_refresh_task, execution_date=20221216T022829, start_date=20221216T022833, end_date=20221216T022834
[2022-12-16T02:28:34.103+0000] {local_task_job.py:159} INFO - Task exited with return code 0
[2022-12-16T02:28:34.185+0000] {taskinstance.py:2582} INFO - 0 downstream tasks scheduled from follow-on schedule check
