[2022-12-14T12:21:03.974+0000] {taskinstance.py:1087} INFO - Dependencies all met for <TaskInstance: weekly_wrapped_dag.create_wrapped_table manual__2022-12-14T12:21:01.735418+00:00 [queued]>
[2022-12-14T12:21:03.992+0000] {taskinstance.py:1087} INFO - Dependencies all met for <TaskInstance: weekly_wrapped_dag.create_wrapped_table manual__2022-12-14T12:21:01.735418+00:00 [queued]>
[2022-12-14T12:21:03.993+0000] {taskinstance.py:1283} INFO - 
--------------------------------------------------------------------------------
[2022-12-14T12:21:03.995+0000] {taskinstance.py:1284} INFO - Starting attempt 1 of 1
[2022-12-14T12:21:03.997+0000] {taskinstance.py:1285} INFO - 
--------------------------------------------------------------------------------
[2022-12-14T12:21:04.015+0000] {taskinstance.py:1304} INFO - Executing <Task(PostgresOperator): create_wrapped_table> on 2022-12-14 12:21:01.735418+00:00
[2022-12-14T12:21:04.041+0000] {standard_task_runner.py:55} INFO - Started process 27257 to run task
[2022-12-14T12:21:04.052+0000] {standard_task_runner.py:82} INFO - Running: ['***', 'tasks', 'run', 'weekly_wrapped_dag', 'create_wrapped_table', 'manual__2022-12-14T12:21:01.735418+00:00', '--job-id', '73', '--raw', '--subdir', 'DAGS_FOLDER/weekly_dag.py', '--cfg-path', '/tmp/tmpzo8o3kqr']
[2022-12-14T12:21:04.054+0000] {standard_task_runner.py:83} INFO - Job 73: Subtask create_wrapped_table
[2022-12-14T12:21:04.143+0000] {task_command.py:389} INFO - Running <TaskInstance: weekly_wrapped_dag.create_wrapped_table manual__2022-12-14T12:21:01.735418+00:00 [running]> on host b92abc15fbab
[2022-12-14T12:21:04.193+0000] {taskinstance.py:1513} INFO - Exporting the following env vars:
AIRFLOW_CTX_DAG_OWNER=***
AIRFLOW_CTX_DAG_ID=weekly_wrapped_dag
AIRFLOW_CTX_TASK_ID=create_wrapped_table
AIRFLOW_CTX_EXECUTION_DATE=2022-12-14T12:21:01.735418+00:00
AIRFLOW_CTX_TRY_NUMBER=1
AIRFLOW_CTX_DAG_RUN_ID=manual__2022-12-14T12:21:01.735418+00:00
[2022-12-14T12:21:04.195+0000] {sql.py:253} INFO - Executing: CREATE TABLE IF NOT EXISTS weekly_wrapped (
    user_id INTEGER REFERENCES users (id),
    wrapped JSON
);
[2022-12-14T12:21:04.202+0000] {base.py:73} INFO - Using connection ID 'spotify_etl' for task execution.
[2022-12-14T12:21:04.385+0000] {base.py:73} INFO - Using connection ID 'spotify_etl' for task execution.
[2022-12-14T12:21:04.391+0000] {sql.py:364} INFO - Running statement: CREATE TABLE IF NOT EXISTS weekly_wrapped (
    user_id INTEGER REFERENCES users (id),
    wrapped JSON
);, parameters: None
[2022-12-14T12:21:04.398+0000] {taskinstance.py:1327} INFO - Marking task as SUCCESS. dag_id=weekly_wrapped_dag, task_id=create_wrapped_table, execution_date=20221214T122101, start_date=20221214T122103, end_date=20221214T122104
[2022-12-14T12:21:04.427+0000] {local_task_job.py:159} INFO - Task exited with return code 0
[2022-12-14T12:21:04.447+0000] {taskinstance.py:2582} INFO - 1 downstream tasks scheduled from follow-on schedule check
