[2022-12-15T11:26:52.097+0000] {taskinstance.py:1087} INFO - Dependencies all met for <TaskInstance: weekly_wrapped_dag.generate_wrapped manual__2022-12-15T11:26:45+00:00 [queued]>
[2022-12-15T11:26:52.114+0000] {taskinstance.py:1087} INFO - Dependencies all met for <TaskInstance: weekly_wrapped_dag.generate_wrapped manual__2022-12-15T11:26:45+00:00 [queued]>
[2022-12-15T11:26:52.116+0000] {taskinstance.py:1283} INFO - 
--------------------------------------------------------------------------------
[2022-12-15T11:26:52.117+0000] {taskinstance.py:1284} INFO - Starting attempt 1 of 1
[2022-12-15T11:26:52.117+0000] {taskinstance.py:1285} INFO - 
--------------------------------------------------------------------------------
[2022-12-15T11:26:52.130+0000] {taskinstance.py:1304} INFO - Executing <Task(_PythonDecoratedOperator): generate_wrapped> on 2022-12-15 11:26:45+00:00
[2022-12-15T11:26:52.144+0000] {standard_task_runner.py:55} INFO - Started process 8981 to run task
[2022-12-15T11:26:52.149+0000] {standard_task_runner.py:82} INFO - Running: ['***', 'tasks', 'run', 'weekly_wrapped_dag', 'generate_wrapped', 'manual__2022-12-15T11:26:45+00:00', '--job-id', '221', '--raw', '--subdir', 'DAGS_FOLDER/weekly_dag.py', '--cfg-path', '/tmp/tmpq4g4exk6']
[2022-12-15T11:26:52.151+0000] {standard_task_runner.py:83} INFO - Job 221: Subtask generate_wrapped
[2022-12-15T11:26:52.244+0000] {task_command.py:389} INFO - Running <TaskInstance: weekly_wrapped_dag.generate_wrapped manual__2022-12-15T11:26:45+00:00 [running]> on host 27e6a783ec0c
[2022-12-15T11:26:52.309+0000] {taskinstance.py:1513} INFO - Exporting the following env vars:
AIRFLOW_CTX_DAG_OWNER=***
AIRFLOW_CTX_DAG_ID=weekly_wrapped_dag
AIRFLOW_CTX_TASK_ID=generate_wrapped
AIRFLOW_CTX_EXECUTION_DATE=2022-12-15T11:26:45+00:00
AIRFLOW_CTX_TRY_NUMBER=1
AIRFLOW_CTX_DAG_RUN_ID=manual__2022-12-15T11:26:45+00:00
[2022-12-15T11:26:52.319+0000] {base.py:73} INFO - Using connection ID 'spotify_etl' for task execution.
[2022-12-15T11:26:52.328+0000] {logging_mixin.py:137} INFO - [{'artist_name': 'John Mayer', 'count': 36}, {'artist_name': 'Red Hot Chili Peppers', 'count': 18}, {'artist_name': 'Bob Dylan', 'count': 12}]
[2022-12-15T11:26:52.329+0000] {logging_mixin.py:137} INFO - [{"artist_name": "John Mayer", "count": 36}, {"artist_name": "Red Hot Chili Peppers", "count": 18}, {"artist_name": "Bob Dylan", "count": 12}]
[2022-12-15T11:26:52.331+0000] {python.py:177} INFO - Done. Returned value was: ('[{"artist_name": "John Mayer", "count": 36}, {"artist_name": "Red Hot Chili Peppers", "count": 18}, {"artist_name": "Bob Dylan", "count": 12}]', 'ganeshfutane3@gmail.com')
[2022-12-15T11:26:52.365+0000] {taskinstance.py:1327} INFO - Marking task as SUCCESS. dag_id=weekly_wrapped_dag, task_id=generate_wrapped, execution_date=20221215T112645, start_date=20221215T112652, end_date=20221215T112652
[2022-12-15T11:26:52.409+0000] {local_task_job.py:159} INFO - Task exited with return code 0
[2022-12-15T11:26:52.434+0000] {taskinstance.py:2582} INFO - 1 downstream tasks scheduled from follow-on schedule check
