[2022-12-15T10:04:32.574+0000] {taskinstance.py:1087} INFO - Dependencies all met for <TaskInstance: weekly_wrapped_dag.send_mail manual__2022-12-15T10:04:26+00:00 [queued]>
[2022-12-15T10:04:32.581+0000] {taskinstance.py:1087} INFO - Dependencies all met for <TaskInstance: weekly_wrapped_dag.send_mail manual__2022-12-15T10:04:26+00:00 [queued]>
[2022-12-15T10:04:32.582+0000] {taskinstance.py:1283} INFO - 
--------------------------------------------------------------------------------
[2022-12-15T10:04:32.583+0000] {taskinstance.py:1284} INFO - Starting attempt 1 of 1
[2022-12-15T10:04:32.584+0000] {taskinstance.py:1285} INFO - 
--------------------------------------------------------------------------------
[2022-12-15T10:04:32.594+0000] {taskinstance.py:1304} INFO - Executing <Task(_PythonDecoratedOperator): send_mail> on 2022-12-15 10:04:26+00:00
[2022-12-15T10:04:32.609+0000] {standard_task_runner.py:55} INFO - Started process 2985 to run task
[2022-12-15T10:04:32.614+0000] {standard_task_runner.py:82} INFO - Running: ['***', 'tasks', 'run', 'weekly_wrapped_dag', 'send_mail', 'manual__2022-12-15T10:04:26+00:00', '--job-id', '201', '--raw', '--subdir', 'DAGS_FOLDER/weekly_dag.py', '--cfg-path', '/tmp/tmpozz9ityd']
[2022-12-15T10:04:32.616+0000] {standard_task_runner.py:83} INFO - Job 201: Subtask send_mail
[2022-12-15T10:04:32.759+0000] {task_command.py:389} INFO - Running <TaskInstance: weekly_wrapped_dag.send_mail manual__2022-12-15T10:04:26+00:00 [running]> on host 27e6a783ec0c
[2022-12-15T10:04:32.840+0000] {taskinstance.py:1513} INFO - Exporting the following env vars:
AIRFLOW_CTX_DAG_OWNER=***
AIRFLOW_CTX_DAG_ID=weekly_wrapped_dag
AIRFLOW_CTX_TASK_ID=send_mail
AIRFLOW_CTX_EXECUTION_DATE=2022-12-15T10:04:26+00:00
AIRFLOW_CTX_TRY_NUMBER=1
AIRFLOW_CTX_DAG_RUN_ID=manual__2022-12-15T10:04:26+00:00
[2022-12-15T10:04:32.856+0000] {logging_mixin.py:137} INFO - {"artist_name": "John Mayer", "count": 36} ganeshfutane3@gmail.com
[2022-12-15T10:04:33.481+0000] {logging_mixin.py:137} INFO - ERROR!!!
[2022-12-15T10:04:33.494+0000] {python.py:177} INFO - Done. Returned value was: None
[2022-12-15T10:04:33.510+0000] {taskinstance.py:1327} INFO - Marking task as SUCCESS. dag_id=weekly_wrapped_dag, task_id=send_mail, execution_date=20221215T100426, start_date=20221215T100432, end_date=20221215T100433
[2022-12-15T10:04:33.562+0000] {local_task_job.py:159} INFO - Task exited with return code 0
[2022-12-15T10:04:33.590+0000] {taskinstance.py:2582} INFO - 0 downstream tasks scheduled from follow-on schedule check
