[2022-12-14T12:38:43.378+0000] {taskinstance.py:1087} INFO - Dependencies all met for <TaskInstance: weekly_wrapped_dag.generate_wrapped manual__2022-12-14T12:38:40.147581+00:00 [queued]>
[2022-12-14T12:38:43.394+0000] {taskinstance.py:1087} INFO - Dependencies all met for <TaskInstance: weekly_wrapped_dag.generate_wrapped manual__2022-12-14T12:38:40.147581+00:00 [queued]>
[2022-12-14T12:38:43.395+0000] {taskinstance.py:1283} INFO - 
--------------------------------------------------------------------------------
[2022-12-14T12:38:43.396+0000] {taskinstance.py:1284} INFO - Starting attempt 1 of 1
[2022-12-14T12:38:43.397+0000] {taskinstance.py:1285} INFO - 
--------------------------------------------------------------------------------
[2022-12-14T12:38:43.407+0000] {taskinstance.py:1304} INFO - Executing <Task(_PythonDecoratedOperator): generate_wrapped> on 2022-12-14 12:38:40.147581+00:00
[2022-12-14T12:38:43.415+0000] {standard_task_runner.py:55} INFO - Started process 28548 to run task
[2022-12-14T12:38:43.422+0000] {standard_task_runner.py:82} INFO - Running: ['***', 'tasks', 'run', 'weekly_wrapped_dag', 'generate_wrapped', 'manual__2022-12-14T12:38:40.147581+00:00', '--job-id', '104', '--raw', '--subdir', 'DAGS_FOLDER/weekly_dag.py', '--cfg-path', '/tmp/tmpevnjtdho']
[2022-12-14T12:38:43.424+0000] {standard_task_runner.py:83} INFO - Job 104: Subtask generate_wrapped
[2022-12-14T12:38:43.483+0000] {task_command.py:389} INFO - Running <TaskInstance: weekly_wrapped_dag.generate_wrapped manual__2022-12-14T12:38:40.147581+00:00 [running]> on host b92abc15fbab
[2022-12-14T12:38:43.526+0000] {taskinstance.py:1513} INFO - Exporting the following env vars:
AIRFLOW_CTX_DAG_OWNER=***
AIRFLOW_CTX_DAG_ID=weekly_wrapped_dag
AIRFLOW_CTX_TASK_ID=generate_wrapped
AIRFLOW_CTX_EXECUTION_DATE=2022-12-14T12:38:40.147581+00:00
AIRFLOW_CTX_TRY_NUMBER=1
AIRFLOW_CTX_DAG_RUN_ID=manual__2022-12-14T12:38:40.147581+00:00
[2022-12-14T12:38:43.537+0000] {base.py:73} INFO - Using connection ID 'spotify_etl' for task execution.
[2022-12-14T12:38:43.542+0000] {logging_mixin.py:137} INFO - [{'artist_name': 'John Mayer', 'count': 12}, {'artist_name': 'Red Hot Chili Peppers', 'count': 6}, {'artist_name': 'Family of the Year', 'count': 4}]
[2022-12-14T12:38:43.552+0000] {python.py:177} INFO - Done. Returned value was: None
[2022-12-14T12:38:43.564+0000] {taskinstance.py:1327} INFO - Marking task as SUCCESS. dag_id=weekly_wrapped_dag, task_id=generate_wrapped, execution_date=20221214T123840, start_date=20221214T123843, end_date=20221214T123843
[2022-12-14T12:38:43.596+0000] {local_task_job.py:159} INFO - Task exited with return code 0
[2022-12-14T12:38:43.629+0000] {taskinstance.py:2582} INFO - 0 downstream tasks scheduled from follow-on schedule check
