[2022-12-14T08:48:43.641+0000] {taskinstance.py:1087} INFO - Dependencies all met for <TaskInstance: daily_spotify_etl.create_history_table manual__2022-12-14T08:48:42.147723+00:00 [queued]>
[2022-12-14T08:48:43.661+0000] {taskinstance.py:1087} INFO - Dependencies all met for <TaskInstance: daily_spotify_etl.create_history_table manual__2022-12-14T08:48:42.147723+00:00 [queued]>
[2022-12-14T08:48:43.664+0000] {taskinstance.py:1283} INFO - 
--------------------------------------------------------------------------------
[2022-12-14T08:48:43.666+0000] {taskinstance.py:1284} INFO - Starting attempt 1 of 1
[2022-12-14T08:48:43.668+0000] {taskinstance.py:1285} INFO - 
--------------------------------------------------------------------------------
[2022-12-14T08:48:43.697+0000] {taskinstance.py:1304} INFO - Executing <Task(PostgresOperator): create_history_table> on 2022-12-14 08:48:42.147723+00:00
[2022-12-14T08:48:43.727+0000] {standard_task_runner.py:55} INFO - Started process 12497 to run task
[2022-12-14T08:48:43.742+0000] {standard_task_runner.py:82} INFO - Running: ['***', 'tasks', 'run', 'daily_spotify_etl', 'create_history_table', 'manual__2022-12-14T08:48:42.147723+00:00', '--job-id', '15', '--raw', '--subdir', 'DAGS_FOLDER/daily_dag.py', '--cfg-path', '/tmp/tmpcp2tcy2o']
[2022-12-14T08:48:43.752+0000] {standard_task_runner.py:83} INFO - Job 15: Subtask create_history_table
[2022-12-14T08:48:43.941+0000] {task_command.py:389} INFO - Running <TaskInstance: daily_spotify_etl.create_history_table manual__2022-12-14T08:48:42.147723+00:00 [running]> on host b92abc15fbab
[2022-12-14T08:48:44.057+0000] {taskinstance.py:1513} INFO - Exporting the following env vars:
AIRFLOW_CTX_DAG_OWNER=***
AIRFLOW_CTX_DAG_ID=daily_spotify_etl
AIRFLOW_CTX_TASK_ID=create_history_table
AIRFLOW_CTX_EXECUTION_DATE=2022-12-14T08:48:42.147723+00:00
AIRFLOW_CTX_TRY_NUMBER=1
AIRFLOW_CTX_DAG_RUN_ID=manual__2022-12-14T08:48:42.147723+00:00
[2022-12-14T08:48:44.061+0000] {sql.py:253} INFO - Executing: CREATE TABLE IF NOT EXISTS history (
    user_id INTEGER REFERENCES users (id),
    name TEXT,
    played_at TIMESTAMPTZ,
    album_name TEXT,
    artist_name TEXT
);
[2022-12-14T08:48:44.072+0000] {base.py:73} INFO - Using connection ID 'spotify_etl' for task execution.
[2022-12-14T08:48:44.245+0000] {base.py:73} INFO - Using connection ID 'spotify_etl' for task execution.
[2022-12-14T08:48:44.250+0000] {sql.py:364} INFO - Running statement: CREATE TABLE IF NOT EXISTS history (
    user_id INTEGER REFERENCES users (id),
    name TEXT,
    played_at TIMESTAMPTZ,
    album_name TEXT,
    artist_name TEXT
);, parameters: None
[2022-12-14T08:48:44.262+0000] {taskinstance.py:1327} INFO - Marking task as SUCCESS. dag_id=daily_spotify_etl, task_id=create_history_table, execution_date=20221214T084842, start_date=20221214T084843, end_date=20221214T084844
[2022-12-14T08:48:44.324+0000] {local_task_job.py:159} INFO - Task exited with return code 0
[2022-12-14T08:48:44.353+0000] {taskinstance.py:2582} INFO - 1 downstream tasks scheduled from follow-on schedule check
