[2022-12-14T08:47:51.798+0000] {taskinstance.py:1087} INFO - Dependencies all met for <TaskInstance: daily_spotify_etl.create_history_table manual__2022-12-14T08:47:49.191173+00:00 [queued]>
[2022-12-14T08:47:51.807+0000] {taskinstance.py:1087} INFO - Dependencies all met for <TaskInstance: daily_spotify_etl.create_history_table manual__2022-12-14T08:47:49.191173+00:00 [queued]>
[2022-12-14T08:47:51.808+0000] {taskinstance.py:1283} INFO - 
--------------------------------------------------------------------------------
[2022-12-14T08:47:51.809+0000] {taskinstance.py:1284} INFO - Starting attempt 1 of 1
[2022-12-14T08:47:51.823+0000] {taskinstance.py:1285} INFO - 
--------------------------------------------------------------------------------
[2022-12-14T08:47:51.833+0000] {taskinstance.py:1304} INFO - Executing <Task(PostgresOperator): create_history_table> on 2022-12-14 08:47:49.191173+00:00
[2022-12-14T08:47:51.842+0000] {standard_task_runner.py:55} INFO - Started process 12415 to run task
[2022-12-14T08:47:51.845+0000] {standard_task_runner.py:82} INFO - Running: ['***', 'tasks', 'run', 'daily_spotify_etl', 'create_history_table', 'manual__2022-12-14T08:47:49.191173+00:00', '--job-id', '11', '--raw', '--subdir', 'DAGS_FOLDER/daily_dag.py', '--cfg-path', '/tmp/tmp8wfilrgz']
[2022-12-14T08:47:51.849+0000] {standard_task_runner.py:83} INFO - Job 11: Subtask create_history_table
[2022-12-14T08:47:51.902+0000] {task_command.py:389} INFO - Running <TaskInstance: daily_spotify_etl.create_history_table manual__2022-12-14T08:47:49.191173+00:00 [running]> on host b92abc15fbab
[2022-12-14T08:47:51.948+0000] {taskinstance.py:1513} INFO - Exporting the following env vars:
AIRFLOW_CTX_DAG_OWNER=***
AIRFLOW_CTX_DAG_ID=daily_spotify_etl
AIRFLOW_CTX_TASK_ID=create_history_table
AIRFLOW_CTX_EXECUTION_DATE=2022-12-14T08:47:49.191173+00:00
AIRFLOW_CTX_TRY_NUMBER=1
AIRFLOW_CTX_DAG_RUN_ID=manual__2022-12-14T08:47:49.191173+00:00
[2022-12-14T08:47:51.949+0000] {sql.py:253} INFO - Executing: CREATE TABLE IF NOT EXISTS history (
    user_id INTEGER REFERENCES users (id),
    name TEXT,
    played_at TIMESTAMPTZ,
    album_name TEXT,
    artist_name TEXT
);
[2022-12-14T08:47:51.956+0000] {base.py:73} INFO - Using connection ID 'spotify_etl' for task execution.
[2022-12-14T08:47:52.100+0000] {base.py:73} INFO - Using connection ID 'spotify_etl' for task execution.
[2022-12-14T08:47:52.104+0000] {sql.py:364} INFO - Running statement: CREATE TABLE IF NOT EXISTS history (
    user_id INTEGER REFERENCES users (id),
    name TEXT,
    played_at TIMESTAMPTZ,
    album_name TEXT,
    artist_name TEXT
);, parameters: None
[2022-12-14T08:47:52.112+0000] {taskinstance.py:1327} INFO - Marking task as SUCCESS. dag_id=daily_spotify_etl, task_id=create_history_table, execution_date=20221214T084749, start_date=20221214T084751, end_date=20221214T084752
[2022-12-14T08:47:52.146+0000] {local_task_job.py:159} INFO - Task exited with return code 0
[2022-12-14T08:47:52.192+0000] {taskinstance.py:2582} INFO - 1 downstream tasks scheduled from follow-on schedule check
