[2022-12-14T10:41:00.394+0000] {taskinstance.py:1087} INFO - Dependencies all met for <TaskInstance: daily_spotify_etl.load_songs manual__2022-12-14T10:40:45+00:00 [queued]>
[2022-12-14T10:41:00.410+0000] {taskinstance.py:1087} INFO - Dependencies all met for <TaskInstance: daily_spotify_etl.load_songs manual__2022-12-14T10:40:45+00:00 [queued]>
[2022-12-14T10:41:00.412+0000] {taskinstance.py:1283} INFO - 
--------------------------------------------------------------------------------
[2022-12-14T10:41:00.414+0000] {taskinstance.py:1284} INFO - Starting attempt 1 of 1
[2022-12-14T10:41:00.416+0000] {taskinstance.py:1285} INFO - 
--------------------------------------------------------------------------------
[2022-12-14T10:41:00.450+0000] {taskinstance.py:1304} INFO - Executing <Task(_PythonDecoratedOperator): load_songs> on 2022-12-14 10:40:45+00:00
[2022-12-14T10:41:00.462+0000] {standard_task_runner.py:55} INFO - Started process 20607 to run task
[2022-12-14T10:41:00.471+0000] {standard_task_runner.py:82} INFO - Running: ['***', 'tasks', 'run', 'daily_spotify_etl', 'load_songs', 'manual__2022-12-14T10:40:45+00:00', '--job-id', '68', '--raw', '--subdir', 'DAGS_FOLDER/daily_dag.py', '--cfg-path', '/tmp/tmpufyitlvy']
[2022-12-14T10:41:00.483+0000] {standard_task_runner.py:83} INFO - Job 68: Subtask load_songs
[2022-12-14T10:41:00.581+0000] {task_command.py:389} INFO - Running <TaskInstance: daily_spotify_etl.load_songs manual__2022-12-14T10:40:45+00:00 [running]> on host b92abc15fbab
[2022-12-14T10:41:00.675+0000] {taskinstance.py:1513} INFO - Exporting the following env vars:
AIRFLOW_CTX_DAG_OWNER=***
AIRFLOW_CTX_DAG_ID=daily_spotify_etl
AIRFLOW_CTX_TASK_ID=load_songs
AIRFLOW_CTX_EXECUTION_DATE=2022-12-14T10:40:45+00:00
AIRFLOW_CTX_TRY_NUMBER=1
AIRFLOW_CTX_DAG_RUN_ID=manual__2022-12-14T10:40:45+00:00
[2022-12-14T10:41:01.050+0000] {logging_mixin.py:137} INFO - Token Refreshed
[2022-12-14T10:41:01.052+0000] {logging_mixin.py:137} INFO - Running Daily Task
[2022-12-14T10:41:01.053+0000] {logging_mixin.py:137} INFO - Getting songs for 1671014461053 slot 0
[2022-12-14T10:41:01.327+0000] {logging_mixin.py:137} INFO - Getting songs for 1671014453853 slot 1
[2022-12-14T10:41:01.656+0000] {logging_mixin.py:137} INFO - Getting songs for 1671014446653 slot 2
[2022-12-14T10:41:01.913+0000] {logging_mixin.py:137} INFO - Getting songs for 1671014439453 slot 3
[2022-12-14T10:41:02.147+0000] {logging_mixin.py:137} INFO - Getting songs for 1671014432253 slot 4
[2022-12-14T10:41:02.362+0000] {logging_mixin.py:137} INFO - Getting songs for 1671014425053 slot 5
[2022-12-14T10:41:02.576+0000] {logging_mixin.py:137} INFO - Getting songs for 1671014417853 slot 6
[2022-12-14T10:41:05.011+0000] {logging_mixin.py:137} INFO - Getting songs for 1671014410653 slot 7
[2022-12-14T10:41:05.267+0000] {logging_mixin.py:137} INFO - Getting songs for 1671014403453 slot 8
[2022-12-14T10:41:05.480+0000] {logging_mixin.py:137} INFO - Getting songs for 1671014396253 slot 9
[2022-12-14T10:41:05.693+0000] {logging_mixin.py:137} INFO - Getting songs for 1671014389053 slot 10
[2022-12-14T10:41:05.922+0000] {logging_mixin.py:137} INFO - Getting songs for 1671014381853 slot 11
[2022-12-14T10:41:06.160+0000] {logging_mixin.py:137} INFO - <class 'sqlalchemy.engine.base.Engine'>
[2022-12-14T10:41:06.162+0000] {logging_mixin.py:137} INFO - 50
[2022-12-14T10:41:06.257+0000] {base.py:73} INFO - Using connection ID 'spotify_etl' for task execution.
[2022-12-14T10:41:06.287+0000] {python.py:177} INFO - Done. Returned value was: None
[2022-12-14T10:41:06.316+0000] {taskinstance.py:1327} INFO - Marking task as SUCCESS. dag_id=daily_spotify_etl, task_id=load_songs, execution_date=20221214T104045, start_date=20221214T104100, end_date=20221214T104106
[2022-12-14T10:41:06.561+0000] {local_task_job.py:159} INFO - Task exited with return code 0
[2022-12-14T10:41:06.594+0000] {taskinstance.py:2582} INFO - 0 downstream tasks scheduled from follow-on schedule check
