[2022-12-15T11:01:49.343+0000] {taskinstance.py:1087} INFO - Dependencies all met for <TaskInstance: weekly_wrapped_dag.generate_wrapped manual__2022-12-15T11:01:45+00:00 [queued]>
[2022-12-15T11:01:49.349+0000] {taskinstance.py:1087} INFO - Dependencies all met for <TaskInstance: weekly_wrapped_dag.generate_wrapped manual__2022-12-15T11:01:45+00:00 [queued]>
[2022-12-15T11:01:49.351+0000] {taskinstance.py:1283} INFO - 
--------------------------------------------------------------------------------
[2022-12-15T11:01:49.351+0000] {taskinstance.py:1284} INFO - Starting attempt 1 of 1
[2022-12-15T11:01:49.352+0000] {taskinstance.py:1285} INFO - 
--------------------------------------------------------------------------------
[2022-12-15T11:01:49.360+0000] {taskinstance.py:1304} INFO - Executing <Task(_PythonDecoratedOperator): generate_wrapped> on 2022-12-15 11:01:45+00:00
[2022-12-15T11:01:49.366+0000] {standard_task_runner.py:55} INFO - Started process 7151 to run task
[2022-12-15T11:01:49.374+0000] {standard_task_runner.py:82} INFO - Running: ['***', 'tasks', 'run', 'weekly_wrapped_dag', 'generate_wrapped', 'manual__2022-12-15T11:01:45+00:00', '--job-id', '209', '--raw', '--subdir', 'DAGS_FOLDER/weekly_dag.py', '--cfg-path', '/tmp/tmpwa_hl2s_']
[2022-12-15T11:01:49.376+0000] {standard_task_runner.py:83} INFO - Job 209: Subtask generate_wrapped
[2022-12-15T11:01:49.501+0000] {task_command.py:389} INFO - Running <TaskInstance: weekly_wrapped_dag.generate_wrapped manual__2022-12-15T11:01:45+00:00 [running]> on host 27e6a783ec0c
[2022-12-15T11:01:49.613+0000] {taskinstance.py:1513} INFO - Exporting the following env vars:
AIRFLOW_CTX_DAG_OWNER=***
AIRFLOW_CTX_DAG_ID=weekly_wrapped_dag
AIRFLOW_CTX_TASK_ID=generate_wrapped
AIRFLOW_CTX_EXECUTION_DATE=2022-12-15T11:01:45+00:00
AIRFLOW_CTX_TRY_NUMBER=1
AIRFLOW_CTX_DAG_RUN_ID=manual__2022-12-15T11:01:45+00:00
[2022-12-15T11:01:49.627+0000] {base.py:73} INFO - Using connection ID 'spotify_etl' for task execution.
[2022-12-15T11:01:49.634+0000] {logging_mixin.py:137} INFO - [{'artist_name': 'John Mayer', 'count': 36}, {'artist_name': 'Red Hot Chili Peppers', 'count': 18}, {'artist_name': 'Bob Dylan', 'count': 12}]
[2022-12-15T11:01:49.635+0000] {logging_mixin.py:137} INFO - {"artist_name": "John Mayer", "count": 36}
[2022-12-15T11:01:49.637+0000] {python.py:177} INFO - Done. Returned value was: ('{"artist_name": "John Mayer", "count": 36}', 'ganeshfutane3@gmail.com')
[2022-12-15T11:01:49.658+0000] {taskinstance.py:1327} INFO - Marking task as SUCCESS. dag_id=weekly_wrapped_dag, task_id=generate_wrapped, execution_date=20221215T110145, start_date=20221215T110149, end_date=20221215T110149
[2022-12-15T11:01:49.717+0000] {local_task_job.py:159} INFO - Task exited with return code 0
[2022-12-15T11:01:49.744+0000] {taskinstance.py:2582} INFO - 1 downstream tasks scheduled from follow-on schedule check
