[2022-12-14T12:07:28.092+0000] {taskinstance.py:1087} INFO - Dependencies all met for <TaskInstance: weekly_wrapped_dag.create_wrapped_table manual__2022-12-14T12:07:24.900137+00:00 [queued]>
[2022-12-14T12:07:28.113+0000] {taskinstance.py:1087} INFO - Dependencies all met for <TaskInstance: weekly_wrapped_dag.create_wrapped_table manual__2022-12-14T12:07:24.900137+00:00 [queued]>
[2022-12-14T12:07:28.115+0000] {taskinstance.py:1283} INFO - 
--------------------------------------------------------------------------------
[2022-12-14T12:07:28.117+0000] {taskinstance.py:1284} INFO - Starting attempt 1 of 1
[2022-12-14T12:07:28.120+0000] {taskinstance.py:1285} INFO - 
--------------------------------------------------------------------------------
[2022-12-14T12:07:28.144+0000] {taskinstance.py:1304} INFO - Executing <Task(PostgresOperator): create_wrapped_table> on 2022-12-14 12:07:24.900137+00:00
[2022-12-14T12:07:28.165+0000] {standard_task_runner.py:55} INFO - Started process 26290 to run task
[2022-12-14T12:07:28.184+0000] {standard_task_runner.py:82} INFO - Running: ['***', 'tasks', 'run', 'weekly_wrapped_dag', 'create_wrapped_table', 'manual__2022-12-14T12:07:24.900137+00:00', '--job-id', '69', '--raw', '--subdir', 'DAGS_FOLDER/weekly_dag.py', '--cfg-path', '/tmp/tmphxt945q7']
[2022-12-14T12:07:28.187+0000] {standard_task_runner.py:83} INFO - Job 69: Subtask create_wrapped_table
[2022-12-14T12:07:28.508+0000] {task_command.py:389} INFO - Running <TaskInstance: weekly_wrapped_dag.create_wrapped_table manual__2022-12-14T12:07:24.900137+00:00 [running]> on host b92abc15fbab
[2022-12-14T12:07:29.052+0000] {taskinstance.py:1513} INFO - Exporting the following env vars:
AIRFLOW_CTX_DAG_OWNER=***
AIRFLOW_CTX_DAG_ID=weekly_wrapped_dag
AIRFLOW_CTX_TASK_ID=create_wrapped_table
AIRFLOW_CTX_EXECUTION_DATE=2022-12-14T12:07:24.900137+00:00
AIRFLOW_CTX_TRY_NUMBER=1
AIRFLOW_CTX_DAG_RUN_ID=manual__2022-12-14T12:07:24.900137+00:00
[2022-12-14T12:07:29.061+0000] {sql.py:253} INFO - Executing: CREATE TABLE IF NOT EXISTS weekly_wrapped (
    user_id INTEGER REFERENCES users (id),
    wrapped JSON
);
[2022-12-14T12:07:29.141+0000] {base.py:73} INFO - Using connection ID 'spotify_etl' for task execution.
[2022-12-14T12:07:29.576+0000] {base.py:73} INFO - Using connection ID 'spotify_etl' for task execution.
[2022-12-14T12:07:29.620+0000] {sql.py:364} INFO - Running statement: CREATE TABLE IF NOT EXISTS weekly_wrapped (
    user_id INTEGER REFERENCES users (id),
    wrapped JSON
);, parameters: None
[2022-12-14T12:07:29.765+0000] {taskinstance.py:1327} INFO - Marking task as SUCCESS. dag_id=weekly_wrapped_dag, task_id=create_wrapped_table, execution_date=20221214T120724, start_date=20221214T120728, end_date=20221214T120729
[2022-12-14T12:07:29.994+0000] {local_task_job.py:159} INFO - Task exited with return code 0
[2022-12-14T12:07:30.145+0000] {taskinstance.py:2582} INFO - 1 downstream tasks scheduled from follow-on schedule check
