[2022-12-14T10:23:37.193+0000] {taskinstance.py:1087} INFO - Dependencies all met for <TaskInstance: daily_spotify_etl.load_songs manual__2022-12-14T10:23:27.850944+00:00 [queued]>
[2022-12-14T10:23:37.215+0000] {taskinstance.py:1087} INFO - Dependencies all met for <TaskInstance: daily_spotify_etl.load_songs manual__2022-12-14T10:23:27.850944+00:00 [queued]>
[2022-12-14T10:23:37.217+0000] {taskinstance.py:1283} INFO - 
--------------------------------------------------------------------------------
[2022-12-14T10:23:37.220+0000] {taskinstance.py:1284} INFO - Starting attempt 1 of 1
[2022-12-14T10:23:37.222+0000] {taskinstance.py:1285} INFO - 
--------------------------------------------------------------------------------
[2022-12-14T10:23:37.250+0000] {taskinstance.py:1304} INFO - Executing <Task(_PythonDecoratedOperator): load_songs> on 2022-12-14 10:23:27.850944+00:00
[2022-12-14T10:23:37.392+0000] {standard_task_runner.py:55} INFO - Started process 19366 to run task
[2022-12-14T10:23:37.403+0000] {standard_task_runner.py:82} INFO - Running: ['***', 'tasks', 'run', 'daily_spotify_etl', 'load_songs', 'manual__2022-12-14T10:23:27.850944+00:00', '--job-id', '50', '--raw', '--subdir', 'DAGS_FOLDER/daily_dag.py', '--cfg-path', '/tmp/tmptc44qmti']
[2022-12-14T10:23:37.474+0000] {standard_task_runner.py:83} INFO - Job 50: Subtask load_songs
[2022-12-14T10:23:37.981+0000] {task_command.py:389} INFO - Running <TaskInstance: daily_spotify_etl.load_songs manual__2022-12-14T10:23:27.850944+00:00 [running]> on host b92abc15fbab
[2022-12-14T10:23:38.168+0000] {taskinstance.py:1513} INFO - Exporting the following env vars:
AIRFLOW_CTX_DAG_OWNER=***
AIRFLOW_CTX_DAG_ID=daily_spotify_etl
AIRFLOW_CTX_TASK_ID=load_songs
AIRFLOW_CTX_EXECUTION_DATE=2022-12-14T10:23:27.850944+00:00
AIRFLOW_CTX_TRY_NUMBER=1
AIRFLOW_CTX_DAG_RUN_ID=manual__2022-12-14T10:23:27.850944+00:00
[2022-12-14T10:23:38.918+0000] {logging_mixin.py:137} INFO - Token Refreshed
[2022-12-14T10:23:38.950+0000] {logging_mixin.py:137} INFO - Running Daily Task
[2022-12-14T10:23:38.954+0000] {logging_mixin.py:137} INFO - Getting songs for 1671013418954 slot 0
[2022-12-14T10:23:39.301+0000] {logging_mixin.py:137} INFO - Getting songs for 1671013411754 slot 1
[2022-12-14T10:23:39.547+0000] {logging_mixin.py:137} INFO - Getting songs for 1671013404554 slot 2
[2022-12-14T10:23:39.771+0000] {logging_mixin.py:137} INFO - Getting songs for 1671013397354 slot 3
[2022-12-14T10:23:40.035+0000] {logging_mixin.py:137} INFO - Getting songs for 1671013390154 slot 4
[2022-12-14T10:23:40.338+0000] {logging_mixin.py:137} INFO - Getting songs for 1671013382954 slot 5
[2022-12-14T10:23:40.745+0000] {logging_mixin.py:137} INFO - Getting songs for 1671013375754 slot 6
[2022-12-14T10:23:49.913+0000] {logging_mixin.py:137} INFO - Getting songs for 1671013368554 slot 7
[2022-12-14T10:23:50.454+0000] {logging_mixin.py:137} INFO - Getting songs for 1671013361354 slot 8
[2022-12-14T10:23:50.843+0000] {logging_mixin.py:137} INFO - Getting songs for 1671013354154 slot 9
[2022-12-14T10:23:51.134+0000] {logging_mixin.py:137} INFO - Getting songs for 1671013346954 slot 10
[2022-12-14T10:23:51.455+0000] {logging_mixin.py:137} INFO - Getting songs for 1671013339754 slot 11
[2022-12-14T10:23:51.886+0000] {logging_mixin.py:137} INFO - 'PostgresHook' object has no attribute 'upload'
[2022-12-14T10:23:51.904+0000] {python.py:177} INFO - Done. Returned value was: None
[2022-12-14T10:23:52.128+0000] {taskinstance.py:1327} INFO - Marking task as SUCCESS. dag_id=daily_spotify_etl, task_id=load_songs, execution_date=20221214T102327, start_date=20221214T102337, end_date=20221214T102352
[2022-12-14T10:23:53.228+0000] {local_task_job.py:159} INFO - Task exited with return code 0
[2022-12-14T10:23:53.332+0000] {taskinstance.py:2582} INFO - 0 downstream tasks scheduled from follow-on schedule check
