[2022-12-14T10:13:23.445+0000] {taskinstance.py:1087} INFO - Dependencies all met for <TaskInstance: daily_spotify_etl.load_songs manual__2022-12-14T10:13:18.970958+00:00 [queued]>
[2022-12-14T10:13:23.464+0000] {taskinstance.py:1087} INFO - Dependencies all met for <TaskInstance: daily_spotify_etl.load_songs manual__2022-12-14T10:13:18.970958+00:00 [queued]>
[2022-12-14T10:13:23.466+0000] {taskinstance.py:1283} INFO - 
--------------------------------------------------------------------------------
[2022-12-14T10:13:23.467+0000] {taskinstance.py:1284} INFO - Starting attempt 1 of 1
[2022-12-14T10:13:23.468+0000] {taskinstance.py:1285} INFO - 
--------------------------------------------------------------------------------
[2022-12-14T10:13:23.492+0000] {taskinstance.py:1304} INFO - Executing <Task(_PythonDecoratedOperator): load_songs> on 2022-12-14 10:13:18.970958+00:00
[2022-12-14T10:13:23.510+0000] {standard_task_runner.py:55} INFO - Started process 18649 to run task
[2022-12-14T10:13:23.519+0000] {standard_task_runner.py:82} INFO - Running: ['***', 'tasks', 'run', 'daily_spotify_etl', 'load_songs', 'manual__2022-12-14T10:13:18.970958+00:00', '--job-id', '46', '--raw', '--subdir', 'DAGS_FOLDER/daily_dag.py', '--cfg-path', '/tmp/tmp29vgm2b9']
[2022-12-14T10:13:23.524+0000] {standard_task_runner.py:83} INFO - Job 46: Subtask load_songs
[2022-12-14T10:13:23.601+0000] {task_command.py:389} INFO - Running <TaskInstance: daily_spotify_etl.load_songs manual__2022-12-14T10:13:18.970958+00:00 [running]> on host b92abc15fbab
[2022-12-14T10:13:23.694+0000] {taskinstance.py:1513} INFO - Exporting the following env vars:
AIRFLOW_CTX_DAG_OWNER=***
AIRFLOW_CTX_DAG_ID=daily_spotify_etl
AIRFLOW_CTX_TASK_ID=load_songs
AIRFLOW_CTX_EXECUTION_DATE=2022-12-14T10:13:18.970958+00:00
AIRFLOW_CTX_TRY_NUMBER=1
AIRFLOW_CTX_DAG_RUN_ID=manual__2022-12-14T10:13:18.970958+00:00
[2022-12-14T10:13:23.956+0000] {python.py:177} INFO - Done. Returned value was: None
[2022-12-14T10:13:23.967+0000] {taskinstance.py:1327} INFO - Marking task as SUCCESS. dag_id=daily_spotify_etl, task_id=load_songs, execution_date=20221214T101318, start_date=20221214T101323, end_date=20221214T101323
[2022-12-14T10:13:24.013+0000] {local_task_job.py:159} INFO - Task exited with return code 0
[2022-12-14T10:13:24.038+0000] {taskinstance.py:2582} INFO - 0 downstream tasks scheduled from follow-on schedule check
