[2022-12-15T11:29:15.354+0000] {taskinstance.py:1087} INFO - Dependencies all met for <TaskInstance: weekly_wrapped_dag.generate_wrapped manual__2022-12-15T11:29:09+00:00 [queued]>
[2022-12-15T11:29:15.363+0000] {taskinstance.py:1087} INFO - Dependencies all met for <TaskInstance: weekly_wrapped_dag.generate_wrapped manual__2022-12-15T11:29:09+00:00 [queued]>
[2022-12-15T11:29:15.364+0000] {taskinstance.py:1283} INFO - 
--------------------------------------------------------------------------------
[2022-12-15T11:29:15.365+0000] {taskinstance.py:1284} INFO - Starting attempt 1 of 1
[2022-12-15T11:29:15.365+0000] {taskinstance.py:1285} INFO - 
--------------------------------------------------------------------------------
[2022-12-15T11:29:15.375+0000] {taskinstance.py:1304} INFO - Executing <Task(_PythonDecoratedOperator): generate_wrapped> on 2022-12-15 11:29:09+00:00
[2022-12-15T11:29:15.382+0000] {standard_task_runner.py:55} INFO - Started process 9170 to run task
[2022-12-15T11:29:15.385+0000] {standard_task_runner.py:82} INFO - Running: ['***', 'tasks', 'run', 'weekly_wrapped_dag', 'generate_wrapped', 'manual__2022-12-15T11:29:09+00:00', '--job-id', '224', '--raw', '--subdir', 'DAGS_FOLDER/weekly_dag.py', '--cfg-path', '/tmp/tmpst_t0nb8']
[2022-12-15T11:29:15.386+0000] {standard_task_runner.py:83} INFO - Job 224: Subtask generate_wrapped
[2022-12-15T11:29:15.476+0000] {task_command.py:389} INFO - Running <TaskInstance: weekly_wrapped_dag.generate_wrapped manual__2022-12-15T11:29:09+00:00 [running]> on host 27e6a783ec0c
[2022-12-15T11:29:15.567+0000] {taskinstance.py:1513} INFO - Exporting the following env vars:
AIRFLOW_CTX_DAG_OWNER=***
AIRFLOW_CTX_DAG_ID=weekly_wrapped_dag
AIRFLOW_CTX_TASK_ID=generate_wrapped
AIRFLOW_CTX_EXECUTION_DATE=2022-12-15T11:29:09+00:00
AIRFLOW_CTX_TRY_NUMBER=1
AIRFLOW_CTX_DAG_RUN_ID=manual__2022-12-15T11:29:09+00:00
[2022-12-15T11:29:15.579+0000] {base.py:73} INFO - Using connection ID 'spotify_etl' for task execution.
[2022-12-15T11:29:15.588+0000] {logging_mixin.py:137} INFO - [{'artist_name': 'John Mayer', 'count': 36}, {'artist_name': 'Red Hot Chili Peppers', 'count': 18}, {'artist_name': 'Bob Dylan', 'count': 12}]
[2022-12-15T11:29:15.589+0000] {logging_mixin.py:137} INFO - [{"artist_name": "John Mayer", "count": 36}, {"artist_name": "Red Hot Chili Peppers", "count": 18}, {"artist_name": "Bob Dylan", "count": 12}]
[2022-12-15T11:29:15.591+0000] {python.py:177} INFO - Done. Returned value was: ('[{"artist_name": "John Mayer", "count": 36}, {"artist_name": "Red Hot Chili Peppers", "count": 18}, {"artist_name": "Bob Dylan", "count": 12}]', 'ganeshfutane3@gmail.com')
[2022-12-15T11:29:15.613+0000] {taskinstance.py:1327} INFO - Marking task as SUCCESS. dag_id=weekly_wrapped_dag, task_id=generate_wrapped, execution_date=20221215T112909, start_date=20221215T112915, end_date=20221215T112915
[2022-12-15T11:29:15.639+0000] {local_task_job.py:159} INFO - Task exited with return code 0
[2022-12-15T11:29:15.661+0000] {taskinstance.py:2582} INFO - 1 downstream tasks scheduled from follow-on schedule check
