[2022-12-14T09:53:46.240+0000] {taskinstance.py:1087} INFO - Dependencies all met for <TaskInstance: daily_spotify_etl.load_songs manual__2022-12-14T09:53:42.108589+00:00 [queued]>
[2022-12-14T09:53:46.247+0000] {taskinstance.py:1087} INFO - Dependencies all met for <TaskInstance: daily_spotify_etl.load_songs manual__2022-12-14T09:53:42.108589+00:00 [queued]>
[2022-12-14T09:53:46.248+0000] {taskinstance.py:1283} INFO - 
--------------------------------------------------------------------------------
[2022-12-14T09:53:46.249+0000] {taskinstance.py:1284} INFO - Starting attempt 1 of 1
[2022-12-14T09:53:46.249+0000] {taskinstance.py:1285} INFO - 
--------------------------------------------------------------------------------
[2022-12-14T09:53:46.259+0000] {taskinstance.py:1304} INFO - Executing <Task(_PythonDecoratedOperator): load_songs> on 2022-12-14 09:53:42.108589+00:00
[2022-12-14T09:53:46.267+0000] {standard_task_runner.py:55} INFO - Started process 17241 to run task
[2022-12-14T09:53:46.270+0000] {standard_task_runner.py:82} INFO - Running: ['***', 'tasks', 'run', 'daily_spotify_etl', 'load_songs', 'manual__2022-12-14T09:53:42.108589+00:00', '--job-id', '30', '--raw', '--subdir', 'DAGS_FOLDER/daily_dag.py', '--cfg-path', '/tmp/tmp50g5fuef']
[2022-12-14T09:53:46.273+0000] {standard_task_runner.py:83} INFO - Job 30: Subtask load_songs
[2022-12-14T09:53:46.317+0000] {task_command.py:389} INFO - Running <TaskInstance: daily_spotify_etl.load_songs manual__2022-12-14T09:53:42.108589+00:00 [running]> on host b92abc15fbab
[2022-12-14T09:53:46.404+0000] {taskinstance.py:1513} INFO - Exporting the following env vars:
AIRFLOW_CTX_DAG_OWNER=***
AIRFLOW_CTX_DAG_ID=daily_spotify_etl
AIRFLOW_CTX_TASK_ID=load_songs
AIRFLOW_CTX_EXECUTION_DATE=2022-12-14T09:53:42.108589+00:00
AIRFLOW_CTX_TRY_NUMBER=1
AIRFLOW_CTX_DAG_RUN_ID=manual__2022-12-14T09:53:42.108589+00:00
[2022-12-14T09:53:46.631+0000] {logging_mixin.py:137} INFO - Getting songs for 1671011626631 slot 0
[2022-12-14T09:53:46.855+0000] {logging_mixin.py:137} INFO - Getting songs for 1671011619431 slot 1
[2022-12-14T09:53:47.081+0000] {logging_mixin.py:137} INFO - Getting songs for 1671011612231 slot 2
[2022-12-14T09:53:47.307+0000] {logging_mixin.py:137} INFO - Getting songs for 1671011605031 slot 3
[2022-12-14T09:53:47.568+0000] {logging_mixin.py:137} INFO - Getting songs for 1671011597831 slot 4
[2022-12-14T09:53:47.801+0000] {logging_mixin.py:137} INFO - Getting songs for 1671011590631 slot 5
[2022-12-14T09:53:48.028+0000] {logging_mixin.py:137} INFO - Getting songs for 1671011583431 slot 6
[2022-12-14T09:53:48.261+0000] {logging_mixin.py:137} INFO - Getting songs for 1671011576231 slot 7
[2022-12-14T09:53:49.013+0000] {logging_mixin.py:137} INFO - Getting songs for 1671011569031 slot 8
[2022-12-14T09:53:49.231+0000] {logging_mixin.py:137} INFO - Getting songs for 1671011561831 slot 9
[2022-12-14T09:53:49.460+0000] {logging_mixin.py:137} INFO - Getting songs for 1671011554631 slot 10
[2022-12-14T09:53:49.684+0000] {logging_mixin.py:137} INFO - Getting songs for 1671011547431 slot 11
[2022-12-14T09:53:49.946+0000] {base.py:73} INFO - Using connection ID 'spotify_etl' for task execution.
[2022-12-14T09:53:49.971+0000] {logging_mixin.py:137} INFO - Execution failed on sql 'SELECT name FROM sqlite_master WHERE type='table' AND name=?;': relation "sqlite_master" does not exist
LINE 1: SELECT name FROM sqlite_master WHERE type='table' AND name=?...
                         ^
[2022-12-14T09:53:49.975+0000] {python.py:177} INFO - Done. Returned value was: None
[2022-12-14T09:53:49.997+0000] {taskinstance.py:1327} INFO - Marking task as SUCCESS. dag_id=daily_spotify_etl, task_id=load_songs, execution_date=20221214T095342, start_date=20221214T095346, end_date=20221214T095349
[2022-12-14T09:53:50.133+0000] {local_task_job.py:159} INFO - Task exited with return code 0
[2022-12-14T09:53:50.180+0000] {taskinstance.py:2582} INFO - 0 downstream tasks scheduled from follow-on schedule check
