[2022-12-16T02:28:59.994+0000] {taskinstance.py:1087} INFO - Dependencies all met for <TaskInstance: weekly_wrapped_dag.generate_wrapped manual__2022-12-16T02:28:56.185645+00:00 [queued]>
[2022-12-16T02:29:00.014+0000] {taskinstance.py:1087} INFO - Dependencies all met for <TaskInstance: weekly_wrapped_dag.generate_wrapped manual__2022-12-16T02:28:56.185645+00:00 [queued]>
[2022-12-16T02:29:00.016+0000] {taskinstance.py:1283} INFO - 
--------------------------------------------------------------------------------
[2022-12-16T02:29:00.017+0000] {taskinstance.py:1284} INFO - Starting attempt 1 of 1
[2022-12-16T02:29:00.019+0000] {taskinstance.py:1285} INFO - 
--------------------------------------------------------------------------------
[2022-12-16T02:29:00.050+0000] {taskinstance.py:1304} INFO - Executing <Task(PythonOperator): generate_wrapped> on 2022-12-16 02:28:56.185645+00:00
[2022-12-16T02:29:00.059+0000] {standard_task_runner.py:55} INFO - Started process 3104 to run task
[2022-12-16T02:29:00.068+0000] {standard_task_runner.py:82} INFO - Running: ['***', 'tasks', 'run', 'weekly_wrapped_dag', 'generate_wrapped', 'manual__2022-12-16T02:28:56.185645+00:00', '--job-id', '53', '--raw', '--subdir', 'DAGS_FOLDER/weekly_dag.py', '--cfg-path', '/tmp/tmpq6pal67a']
[2022-12-16T02:29:00.070+0000] {standard_task_runner.py:83} INFO - Job 53: Subtask generate_wrapped
[2022-12-16T02:29:00.189+0000] {task_command.py:389} INFO - Running <TaskInstance: weekly_wrapped_dag.generate_wrapped manual__2022-12-16T02:28:56.185645+00:00 [running]> on host 158c8f40aaa8
[2022-12-16T02:29:00.251+0000] {taskinstance.py:1513} INFO - Exporting the following env vars:
AIRFLOW_CTX_DAG_OWNER=***
AIRFLOW_CTX_DAG_ID=weekly_wrapped_dag
AIRFLOW_CTX_TASK_ID=generate_wrapped
AIRFLOW_CTX_EXECUTION_DATE=2022-12-16T02:28:56.185645+00:00
AIRFLOW_CTX_TRY_NUMBER=1
AIRFLOW_CTX_DAG_RUN_ID=manual__2022-12-16T02:28:56.185645+00:00
[2022-12-16T02:29:00.272+0000] {base.py:73} INFO - Using connection ID 'spotify_etl' for task execution.
[2022-12-16T02:29:00.279+0000] {logging_mixin.py:137} INFO - [{'artist_name': 'John Mayer', 'count': 564}, {'artist_name': 'Colter Wall', 'count': 24}, {'artist_name': 'Red Hot Chili Peppers', 'count': 12}]
[2022-12-16T02:29:00.281+0000] {logging_mixin.py:137} INFO - [{"artist_name": "John Mayer", "count": 564}, {"artist_name": "Colter Wall", "count": 24}, {"artist_name": "Red Hot Chili Peppers", "count": 12}]
[2022-12-16T02:29:00.284+0000] {python.py:177} INFO - Done. Returned value was: ('[{"artist_name": "John Mayer", "count": 564}, {"artist_name": "Colter Wall", "count": 24}, {"artist_name": "Red Hot Chili Peppers", "count": 12}]', 'ganeshfutane3@gmail.com')
[2022-12-16T02:29:00.305+0000] {taskinstance.py:1327} INFO - Marking task as SUCCESS. dag_id=weekly_wrapped_dag, task_id=generate_wrapped, execution_date=20221216T022856, start_date=20221216T022859, end_date=20221216T022900
[2022-12-16T02:29:00.362+0000] {local_task_job.py:159} INFO - Task exited with return code 0
[2022-12-16T02:29:00.393+0000] {taskinstance.py:2582} INFO - 1 downstream tasks scheduled from follow-on schedule check
