[2022-12-15T11:26:53.465+0000] {taskinstance.py:1087} INFO - Dependencies all met for <TaskInstance: weekly_wrapped_dag.send_mail manual__2022-12-15T11:26:45+00:00 [queued]>
[2022-12-15T11:26:53.473+0000] {taskinstance.py:1087} INFO - Dependencies all met for <TaskInstance: weekly_wrapped_dag.send_mail manual__2022-12-15T11:26:45+00:00 [queued]>
[2022-12-15T11:26:53.474+0000] {taskinstance.py:1283} INFO - 
--------------------------------------------------------------------------------
[2022-12-15T11:26:53.476+0000] {taskinstance.py:1284} INFO - Starting attempt 1 of 1
[2022-12-15T11:26:53.477+0000] {taskinstance.py:1285} INFO - 
--------------------------------------------------------------------------------
[2022-12-15T11:26:53.490+0000] {taskinstance.py:1304} INFO - Executing <Task(_PythonDecoratedOperator): send_mail> on 2022-12-15 11:26:45+00:00
[2022-12-15T11:26:53.501+0000] {standard_task_runner.py:55} INFO - Started process 8992 to run task
[2022-12-15T11:26:53.509+0000] {standard_task_runner.py:82} INFO - Running: ['***', 'tasks', 'run', 'weekly_wrapped_dag', 'send_mail', 'manual__2022-12-15T11:26:45+00:00', '--job-id', '222', '--raw', '--subdir', 'DAGS_FOLDER/weekly_dag.py', '--cfg-path', '/tmp/tmpvwjx0y_l']
[2022-12-15T11:26:53.511+0000] {standard_task_runner.py:83} INFO - Job 222: Subtask send_mail
[2022-12-15T11:26:53.612+0000] {task_command.py:389} INFO - Running <TaskInstance: weekly_wrapped_dag.send_mail manual__2022-12-15T11:26:45+00:00 [running]> on host 27e6a783ec0c
[2022-12-15T11:26:53.676+0000] {taskinstance.py:1513} INFO - Exporting the following env vars:
AIRFLOW_CTX_DAG_OWNER=***
AIRFLOW_CTX_DAG_ID=weekly_wrapped_dag
AIRFLOW_CTX_TASK_ID=send_mail
AIRFLOW_CTX_EXECUTION_DATE=2022-12-15T11:26:45+00:00
AIRFLOW_CTX_TRY_NUMBER=1
AIRFLOW_CTX_DAG_RUN_ID=manual__2022-12-15T11:26:45+00:00
[2022-12-15T11:26:53.691+0000] {logging_mixin.py:137} INFO - [{"artist_name": "John Mayer", "count": 36}, {"artist_name": "Red Hot Chili Peppers", "count": 18}, {"artist_name": "Bob Dylan", "count": 12}] ganeshfutane3@gmail.com
[2022-12-15T11:26:53.700+0000] {base.py:73} INFO - Using connection ID 'spotify_etl' for task execution.
[2022-12-15T11:26:53.705+0000] {logging_mixin.py:137} INFO - <!DOCTYPE html>
<html lang="en">
<head>
    <title>My Webpage</title>
</head>
<body>
    <h1>Weekly Wrapped</h1>
    <ul id="wrapped">
    
        <li>{'artist_name': 'John Mayer', 'count': 36}</li>
    
        <li>{'artist_name': 'Red Hot Chili Peppers', 'count': 18}</li>
    
        <li>{'artist_name': 'Bob Dylan', 'count': 12}</li>
    
    </ul>
</body>
</html>
[2022-12-15T11:26:53.718+0000] {python.py:177} INFO - Done. Returned value was: None
[2022-12-15T11:26:53.731+0000] {taskinstance.py:1327} INFO - Marking task as SUCCESS. dag_id=weekly_wrapped_dag, task_id=send_mail, execution_date=20221215T112645, start_date=20221215T112653, end_date=20221215T112653
[2022-12-15T11:26:53.760+0000] {local_task_job.py:159} INFO - Task exited with return code 0
[2022-12-15T11:26:53.793+0000] {taskinstance.py:2582} INFO - 0 downstream tasks scheduled from follow-on schedule check
