[2022-12-14T08:41:09.591+0000] {taskinstance.py:1087} INFO - Dependencies all met for <TaskInstance: daily_spotify_etl.create_history_table manual__2022-12-14T08:41:07.634602+00:00 [queued]>
[2022-12-14T08:41:09.601+0000] {taskinstance.py:1087} INFO - Dependencies all met for <TaskInstance: daily_spotify_etl.create_history_table manual__2022-12-14T08:41:07.634602+00:00 [queued]>
[2022-12-14T08:41:09.602+0000] {taskinstance.py:1283} INFO - 
--------------------------------------------------------------------------------
[2022-12-14T08:41:09.603+0000] {taskinstance.py:1284} INFO - Starting attempt 1 of 1
[2022-12-14T08:41:09.606+0000] {taskinstance.py:1285} INFO - 
--------------------------------------------------------------------------------
[2022-12-14T08:41:09.621+0000] {taskinstance.py:1304} INFO - Executing <Task(PostgresOperator): create_history_table> on 2022-12-14 08:41:07.634602+00:00
[2022-12-14T08:41:09.631+0000] {standard_task_runner.py:55} INFO - Started process 11934 to run task
[2022-12-14T08:41:09.637+0000] {standard_task_runner.py:82} INFO - Running: ['***', 'tasks', 'run', 'daily_spotify_etl', 'create_history_table', 'manual__2022-12-14T08:41:07.634602+00:00', '--job-id', '9', '--raw', '--subdir', 'DAGS_FOLDER/daily_dag.py', '--cfg-path', '/tmp/tmpwfldyx4o']
[2022-12-14T08:41:09.646+0000] {standard_task_runner.py:83} INFO - Job 9: Subtask create_history_table
[2022-12-14T08:41:09.746+0000] {task_command.py:389} INFO - Running <TaskInstance: daily_spotify_etl.create_history_table manual__2022-12-14T08:41:07.634602+00:00 [running]> on host b92abc15fbab
[2022-12-14T08:41:09.867+0000] {taskinstance.py:1513} INFO - Exporting the following env vars:
AIRFLOW_CTX_DAG_OWNER=***
AIRFLOW_CTX_DAG_ID=daily_spotify_etl
AIRFLOW_CTX_TASK_ID=create_history_table
AIRFLOW_CTX_EXECUTION_DATE=2022-12-14T08:41:07.634602+00:00
AIRFLOW_CTX_TRY_NUMBER=1
AIRFLOW_CTX_DAG_RUN_ID=manual__2022-12-14T08:41:07.634602+00:00
[2022-12-14T08:41:09.889+0000] {sql.py:253} INFO - Executing: CREATE TABLE IF NOT EXISTS history (
    user_id INTEGER REFERENCES users (id),
    name TEXT,
    played_at TIMESTAMPTZ,
    album_name TEXT,
    artist_name TEXT
);
[2022-12-14T08:41:09.902+0000] {base.py:73} INFO - Using connection ID 'spotify_etl' for task execution.
[2022-12-14T08:41:10.150+0000] {base.py:73} INFO - Using connection ID 'spotify_etl' for task execution.
[2022-12-14T08:41:10.165+0000] {sql.py:364} INFO - Running statement: CREATE TABLE IF NOT EXISTS history (
    user_id INTEGER REFERENCES users (id),
    name TEXT,
    played_at TIMESTAMPTZ,
    album_name TEXT,
    artist_name TEXT
);, parameters: None
[2022-12-14T08:41:10.180+0000] {taskinstance.py:1327} INFO - Marking task as SUCCESS. dag_id=daily_spotify_etl, task_id=create_history_table, execution_date=20221214T084107, start_date=20221214T084109, end_date=20221214T084110
[2022-12-14T08:41:10.256+0000] {local_task_job.py:159} INFO - Task exited with return code 0
[2022-12-14T08:41:10.291+0000] {taskinstance.py:2582} INFO - 0 downstream tasks scheduled from follow-on schedule check
